[   29406ms] [ERROR] Failed to load resource: the server responded with a status of 404 (Not Found) @ http://localhost:4201/sounds/button-click.mp3:0
[   29407ms] [ERROR] Failed to load resource: the server responded with a status of 404 (Not Found) @ http://localhost:4201/sounds/button-click.mp3:0
[   29408ms] [WARNING] Sound playback failed: button-click NotSupportedError: Failed to load because no supported source was found. @ http://localhost:4201/main.js:31640
[   45514ms] [ERROR] ERROR RuntimeError: NG0100: ExpressionChangedAfterItHasBeenCheckedError: Expression has changed after it was checked. Previous value: 'true'. Current value: 'false'. Expression location: _GameLobbyComponent component. Find more at https://v21.angular.dev/errors/NG0100
    at throwErrorIfNoChangesMode (http://localhost:4201/@fs/Users/larry/Documents/projects/atom/job-wars/.angular/cache/21.1.3/job-wars/vite/deps/chunk-O7OAUIW2.js?v=625609af:6955:9)
    at bindingUpdated (http://localhost:4201/@fs/Users/larry/Documents/projects/atom/job-wars/.angular/cache/21.1.3/job-wars/vite/deps/chunk-O7OAUIW2.js?v=625609af:11373:9)
    at ɵɵproperty (http://localhost:4201/@fs/Users/larry/Documents/projects/atom/job-wars/.angular/cache/21.1.3/job-wars/vite/deps/chunk-O7OAUIW2.js?v=625609af:17675:7)
    at GameLobbyComponent_Conditional_8_Conditional_2_Conditional_20_Template (http://localhost:4201/main.js:36375:61)
    at executeTemplate (http://localhost:4201/@fs/Users/larry/Documents/projects/atom/job-wars/.angular/cache/21.1.3/job-wars/vite/deps/chunk-O7OAUIW2.js?v=625609af:8303:5)
    at refreshView (http://localhost:4201/@fs/Users/larry/Documents/projects/atom/job-wars/.angular/cache/21.1.3/job-wars/vite/deps/chunk-O7OAUIW2.js?v=625609af:8963:7)
    at detectChangesInView (http://localhost:4201/@fs/Users/larry/Documents/projects/atom/job-wars/.angular/cache/21.1.3/job-wars/vite/deps/chunk-O7OAUIW2.js?v=625609af:9103:5)
    at detectChangesInViewIfAttached (http://localhost:4201/@fs/Users/larry/Documents/projects/atom/job-wars/.angular/cache/21.1.3/job-wars/vite/deps/chunk-O7OAUIW2.js?v=625609af:9086:3)
    at detectChangesInEmbeddedViews (http://localhost:4201/@fs/Users/larry/Documents/projects/atom/job-wars/.angular/cache/21.1.3/job-wars/vite/deps/chunk-O7OAUIW2.js?v=625609af:9057:7)
    at refreshView (http://localhost:4201/@fs/Users/larry/Documents/projects/atom/job-wars/.angular/cache/21.1.3/job-wars/vite/deps/chunk-O7OAUIW2.js?v=625609af:8984:5) @ http://localhost:4201/@fs/Users/larry/Documents/projects/atom/job-wars/.angular/cache/21.1.3/job-wars/vite/deps/chunk-O7OAUIW2.js?v=625609af:3163
[   50495ms] [ERROR] ERROR RuntimeError: NG0100: ExpressionChangedAfterItHasBeenCheckedError: Expression has changed after it was checked. Previous value: 'true'. Current value: 'false'. Expression location: _GameLobbyComponent component. Find more at https://v21.angular.dev/errors/NG0100
    at throwErrorIfNoChangesMode (http://localhost:4201/@fs/Users/larry/Documents/projects/atom/job-wars/.angular/cache/21.1.3/job-wars/vite/deps/chunk-O7OAUIW2.js?v=625609af:6955:9)
    at bindingUpdated (http://localhost:4201/@fs/Users/larry/Documents/projects/atom/job-wars/.angular/cache/21.1.3/job-wars/vite/deps/chunk-O7OAUIW2.js?v=625609af:11373:9)
    at ɵɵproperty (http://localhost:4201/@fs/Users/larry/Documents/projects/atom/job-wars/.angular/cache/21.1.3/job-wars/vite/deps/chunk-O7OAUIW2.js?v=625609af:17675:7)
    at GameLobbyComponent_Conditional_8_Conditional_2_Conditional_20_Template (http://localhost:4201/main.js:36375:61)
    at executeTemplate (http://localhost:4201/@fs/Users/larry/Documents/projects/atom/job-wars/.angular/cache/21.1.3/job-wars/vite/deps/chunk-O7OAUIW2.js?v=625609af:8303:5)
    at refreshView (http://localhost:4201/@fs/Users/larry/Documents/projects/atom/job-wars/.angular/cache/21.1.3/job-wars/vite/deps/chunk-O7OAUIW2.js?v=625609af:8963:7)
    at detectChangesInView (http://localhost:4201/@fs/Users/larry/Documents/projects/atom/job-wars/.angular/cache/21.1.3/job-wars/vite/deps/chunk-O7OAUIW2.js?v=625609af:9103:5)
    at detectChangesInViewIfAttached (http://localhost:4201/@fs/Users/larry/Documents/projects/atom/job-wars/.angular/cache/21.1.3/job-wars/vite/deps/chunk-O7OAUIW2.js?v=625609af:9086:3)
    at detectChangesInEmbeddedViews (http://localhost:4201/@fs/Users/larry/Documents/projects/atom/job-wars/.angular/cache/21.1.3/job-wars/vite/deps/chunk-O7OAUIW2.js?v=625609af:9057:7)
    at refreshView (http://localhost:4201/@fs/Users/larry/Documents/projects/atom/job-wars/.angular/cache/21.1.3/job-wars/vite/deps/chunk-O7OAUIW2.js?v=625609af:8984:5) @ http://localhost:4201/@fs/Users/larry/Documents/projects/atom/job-wars/.angular/cache/21.1.3/job-wars/vite/deps/chunk-O7OAUIW2.js?v=625609af:3163
[   55496ms] [ERROR] ERROR RuntimeError: NG0100: ExpressionChangedAfterItHasBeenCheckedError: Expression has changed after it was checked. Previous value: 'true'. Current value: 'false'. Expression location: _GameLobbyComponent component. Find more at https://v21.angular.dev/errors/NG0100
    at throwErrorIfNoChangesMode (http://localhost:4201/@fs/Users/larry/Documents/projects/atom/job-wars/.angular/cache/21.1.3/job-wars/vite/deps/chunk-O7OAUIW2.js?v=625609af:6955:9)
    at bindingUpdated (http://localhost:4201/@fs/Users/larry/Documents/projects/atom/job-wars/.angular/cache/21.1.3/job-wars/vite/deps/chunk-O7OAUIW2.js?v=625609af:11373:9)
    at ɵɵproperty (http://localhost:4201/@fs/Users/larry/Documents/projects/atom/job-wars/.angular/cache/21.1.3/job-wars/vite/deps/chunk-O7OAUIW2.js?v=625609af:17675:7)
    at GameLobbyComponent_Conditional_8_Conditional_2_Conditional_20_Template (http://localhost:4201/main.js:36375:61)
    at executeTemplate (http://localhost:4201/@fs/Users/larry/Documents/projects/atom/job-wars/.angular/cache/21.1.3/job-wars/vite/deps/chunk-O7OAUIW2.js?v=625609af:8303:5)
    at refreshView (http://localhost:4201/@fs/Users/larry/Documents/projects/atom/job-wars/.angular/cache/21.1.3/job-wars/vite/deps/chunk-O7OAUIW2.js?v=625609af:8963:7)
    at detectChangesInView (http://localhost:4201/@fs/Users/larry/Documents/projects/atom/job-wars/.angular/cache/21.1.3/job-wars/vite/deps/chunk-O7OAUIW2.js?v=625609af:9103:5)
    at detectChangesInViewIfAttached (http://localhost:4201/@fs/Users/larry/Documents/projects/atom/job-wars/.angular/cache/21.1.3/job-wars/vite/deps/chunk-O7OAUIW2.js?v=625609af:9086:3)
    at detectChangesInEmbeddedViews (http://localhost:4201/@fs/Users/larry/Documents/projects/atom/job-wars/.angular/cache/21.1.3/job-wars/vite/deps/chunk-O7OAUIW2.js?v=625609af:9057:7)
    at refreshView (http://localhost:4201/@fs/Users/larry/Documents/projects/atom/job-wars/.angular/cache/21.1.3/job-wars/vite/deps/chunk-O7OAUIW2.js?v=625609af:8984:5) @ http://localhost:4201/@fs/Users/larry/Documents/projects/atom/job-wars/.angular/cache/21.1.3/job-wars/vite/deps/chunk-O7OAUIW2.js?v=625609af:3163
[   60495ms] [ERROR] ERROR RuntimeError: NG0100: ExpressionChangedAfterItHasBeenCheckedError: Expression has changed after it was checked. Previous value: 'true'. Current value: 'false'. Expression location: _GameLobbyComponent component. Find more at https://v21.angular.dev/errors/NG0100
    at throwErrorIfNoChangesMode (http://localhost:4201/@fs/Users/larry/Documents/projects/atom/job-wars/.angular/cache/21.1.3/job-wars/vite/deps/chunk-O7OAUIW2.js?v=625609af:6955:9)
    at bindingUpdated (http://localhost:4201/@fs/Users/larry/Documents/projects/atom/job-wars/.angular/cache/21.1.3/job-wars/vite/deps/chunk-O7OAUIW2.js?v=625609af:11373:9)
    at ɵɵproperty (http://localhost:4201/@fs/Users/larry/Documents/projects/atom/job-wars/.angular/cache/21.1.3/job-wars/vite/deps/chunk-O7OAUIW2.js?v=625609af:17675:7)
    at GameLobbyComponent_Conditional_8_Conditional_2_Conditional_20_Template (http://localhost:4201/main.js:36375:61)
    at executeTemplate (http://localhost:4201/@fs/Users/larry/Documents/projects/atom/job-wars/.angular/cache/21.1.3/job-wars/vite/deps/chunk-O7OAUIW2.js?v=625609af:8303:5)
    at refreshView (http://localhost:4201/@fs/Users/larry/Documents/projects/atom/job-wars/.angular/cache/21.1.3/job-wars/vite/deps/chunk-O7OAUIW2.js?v=625609af:8963:7)
    at detectChangesInView (http://localhost:4201/@fs/Users/larry/Documents/projects/atom/job-wars/.angular/cache/21.1.3/job-wars/vite/deps/chunk-O7OAUIW2.js?v=625609af:9103:5)
    at detectChangesInViewIfAttached (http://localhost:4201/@fs/Users/larry/Documents/projects/atom/job-wars/.angular/cache/21.1.3/job-wars/vite/deps/chunk-O7OAUIW2.js?v=625609af:9086:3)
    at detectChangesInEmbeddedViews (http://localhost:4201/@fs/Users/larry/Documents/projects/atom/job-wars/.angular/cache/21.1.3/job-wars/vite/deps/chunk-O7OAUIW2.js?v=625609af:9057:7)
    at refreshView (http://localhost:4201/@fs/Users/larry/Documents/projects/atom/job-wars/.angular/cache/21.1.3/job-wars/vite/deps/chunk-O7OAUIW2.js?v=625609af:8984:5) @ http://localhost:4201/@fs/Users/larry/Documents/projects/atom/job-wars/.angular/cache/21.1.3/job-wars/vite/deps/chunk-O7OAUIW2.js?v=625609af:3163
[   65499ms] [ERROR] ERROR RuntimeError: NG0100: ExpressionChangedAfterItHasBeenCheckedError: Expression has changed after it was checked. Previous value: 'true'. Current value: 'false'. Expression location: _GameLobbyComponent component. Find more at https://v21.angular.dev/errors/NG0100
    at throwErrorIfNoChangesMode (http://localhost:4201/@fs/Users/larry/Documents/projects/atom/job-wars/.angular/cache/21.1.3/job-wars/vite/deps/chunk-O7OAUIW2.js?v=625609af:6955:9)
    at bindingUpdated (http://localhost:4201/@fs/Users/larry/Documents/projects/atom/job-wars/.angular/cache/21.1.3/job-wars/vite/deps/chunk-O7OAUIW2.js?v=625609af:11373:9)
    at ɵɵproperty (http://localhost:4201/@fs/Users/larry/Documents/projects/atom/job-wars/.angular/cache/21.1.3/job-wars/vite/deps/chunk-O7OAUIW2.js?v=625609af:17675:7)
    at GameLobbyComponent_Conditional_8_Conditional_2_Conditional_20_Template (http://localhost:4201/main.js:36375:61)
    at executeTemplate (http://localhost:4201/@fs/Users/larry/Documents/projects/atom/job-wars/.angular/cache/21.1.3/job-wars/vite/deps/chunk-O7OAUIW2.js?v=625609af:8303:5)
    at refreshView (http://localhost:4201/@fs/Users/larry/Documents/projects/atom/job-wars/.angular/cache/21.1.3/job-wars/vite/deps/chunk-O7OAUIW2.js?v=625609af:8963:7)
    at detectChangesInView (http://localhost:4201/@fs/Users/larry/Documents/projects/atom/job-wars/.angular/cache/21.1.3/job-wars/vite/deps/chunk-O7OAUIW2.js?v=625609af:9103:5)
    at detectChangesInViewIfAttached (http://localhost:4201/@fs/Users/larry/Documents/projects/atom/job-wars/.angular/cache/21.1.3/job-wars/vite/deps/chunk-O7OAUIW2.js?v=625609af:9086:3)
    at detectChangesInEmbeddedViews (http://localhost:4201/@fs/Users/larry/Documents/projects/atom/job-wars/.angular/cache/21.1.3/job-wars/vite/deps/chunk-O7OAUIW2.js?v=625609af:9057:7)
    at refreshView (http://localhost:4201/@fs/Users/larry/Documents/projects/atom/job-wars/.angular/cache/21.1.3/job-wars/vite/deps/chunk-O7OAUIW2.js?v=625609af:8984:5) @ http://localhost:4201/@fs/Users/larry/Documents/projects/atom/job-wars/.angular/cache/21.1.3/job-wars/vite/deps/chunk-O7OAUIW2.js?v=625609af:3163
[   70496ms] [ERROR] ERROR RuntimeError: NG0100: ExpressionChangedAfterItHasBeenCheckedError: Expression has changed after it was checked. Previous value: 'true'. Current value: 'false'. Expression location: _GameLobbyComponent component. Find more at https://v21.angular.dev/errors/NG0100
    at throwErrorIfNoChangesMode (http://localhost:4201/@fs/Users/larry/Documents/projects/atom/job-wars/.angular/cache/21.1.3/job-wars/vite/deps/chunk-O7OAUIW2.js?v=625609af:6955:9)
    at bindingUpdated (http://localhost:4201/@fs/Users/larry/Documents/projects/atom/job-wars/.angular/cache/21.1.3/job-wars/vite/deps/chunk-O7OAUIW2.js?v=625609af:11373:9)
    at ɵɵproperty (http://localhost:4201/@fs/Users/larry/Documents/projects/atom/job-wars/.angular/cache/21.1.3/job-wars/vite/deps/chunk-O7OAUIW2.js?v=625609af:17675:7)
    at GameLobbyComponent_Conditional_8_Conditional_2_Conditional_20_Template (http://localhost:4201/main.js:36375:61)
    at executeTemplate (http://localhost:4201/@fs/Users/larry/Documents/projects/atom/job-wars/.angular/cache/21.1.3/job-wars/vite/deps/chunk-O7OAUIW2.js?v=625609af:8303:5)
    at refreshView (http://localhost:4201/@fs/Users/larry/Documents/projects/atom/job-wars/.angular/cache/21.1.3/job-wars/vite/deps/chunk-O7OAUIW2.js?v=625609af:8963:7)
    at detectChangesInView (http://localhost:4201/@fs/Users/larry/Documents/projects/atom/job-wars/.angular/cache/21.1.3/job-wars/vite/deps/chunk-O7OAUIW2.js?v=625609af:9103:5)
    at detectChangesInViewIfAttached (http://localhost:4201/@fs/Users/larry/Documents/projects/atom/job-wars/.angular/cache/21.1.3/job-wars/vite/deps/chunk-O7OAUIW2.js?v=625609af:9086:3)
    at detectChangesInEmbeddedViews (http://localhost:4201/@fs/Users/larry/Documents/projects/atom/job-wars/.angular/cache/21.1.3/job-wars/vite/deps/chunk-O7OAUIW2.js?v=625609af:9057:7)
    at refreshView (http://localhost:4201/@fs/Users/larry/Documents/projects/atom/job-wars/.angular/cache/21.1.3/job-wars/vite/deps/chunk-O7OAUIW2.js?v=625609af:8984:5) @ http://localhost:4201/@fs/Users/larry/Documents/projects/atom/job-wars/.angular/cache/21.1.3/job-wars/vite/deps/chunk-O7OAUIW2.js?v=625609af:3163
[   75495ms] [ERROR] ERROR RuntimeError: NG0100: ExpressionChangedAfterItHasBeenCheckedError: Expression has changed after it was checked. Previous value: 'true'. Current value: 'false'. Expression location: _GameLobbyComponent component. Find more at https://v21.angular.dev/errors/NG0100
    at throwErrorIfNoChangesMode (http://localhost:4201/@fs/Users/larry/Documents/projects/atom/job-wars/.angular/cache/21.1.3/job-wars/vite/deps/chunk-O7OAUIW2.js?v=625609af:6955:9)
    at bindingUpdated (http://localhost:4201/@fs/Users/larry/Documents/projects/atom/job-wars/.angular/cache/21.1.3/job-wars/vite/deps/chunk-O7OAUIW2.js?v=625609af:11373:9)
    at ɵɵproperty (http://localhost:4201/@fs/Users/larry/Documents/projects/atom/job-wars/.angular/cache/21.1.3/job-wars/vite/deps/chunk-O7OAUIW2.js?v=625609af:17675:7)
    at GameLobbyComponent_Conditional_8_Conditional_2_Conditional_20_Template (http://localhost:4201/main.js:36375:61)
    at executeTemplate (http://localhost:4201/@fs/Users/larry/Documents/projects/atom/job-wars/.angular/cache/21.1.3/job-wars/vite/deps/chunk-O7OAUIW2.js?v=625609af:8303:5)
    at refreshView (http://localhost:4201/@fs/Users/larry/Documents/projects/atom/job-wars/.angular/cache/21.1.3/job-wars/vite/deps/chunk-O7OAUIW2.js?v=625609af:8963:7)
    at detectChangesInView (http://localhost:4201/@fs/Users/larry/Documents/projects/atom/job-wars/.angular/cache/21.1.3/job-wars/vite/deps/chunk-O7OAUIW2.js?v=625609af:9103:5)
    at detectChangesInViewIfAttached (http://localhost:4201/@fs/Users/larry/Documents/projects/atom/job-wars/.angular/cache/21.1.3/job-wars/vite/deps/chunk-O7OAUIW2.js?v=625609af:9086:3)
    at detectChangesInEmbeddedViews (http://localhost:4201/@fs/Users/larry/Documents/projects/atom/job-wars/.angular/cache/21.1.3/job-wars/vite/deps/chunk-O7OAUIW2.js?v=625609af:9057:7)
    at refreshView (http://localhost:4201/@fs/Users/larry/Documents/projects/atom/job-wars/.angular/cache/21.1.3/job-wars/vite/deps/chunk-O7OAUIW2.js?v=625609af:8984:5) @ http://localhost:4201/@fs/Users/larry/Documents/projects/atom/job-wars/.angular/cache/21.1.3/job-wars/vite/deps/chunk-O7OAUIW2.js?v=625609af:3163
[   80502ms] [ERROR] ERROR RuntimeError: NG0100: ExpressionChangedAfterItHasBeenCheckedError: Expression has changed after it was checked. Previous value: 'true'. Current value: 'false'. Expression location: _GameLobbyComponent component. Find more at https://v21.angular.dev/errors/NG0100
    at throwErrorIfNoChangesMode (http://localhost:4201/@fs/Users/larry/Documents/projects/atom/job-wars/.angular/cache/21.1.3/job-wars/vite/deps/chunk-O7OAUIW2.js?v=625609af:6955:9)
    at bindingUpdated (http://localhost:4201/@fs/Users/larry/Documents/projects/atom/job-wars/.angular/cache/21.1.3/job-wars/vite/deps/chunk-O7OAUIW2.js?v=625609af:11373:9)
    at ɵɵproperty (http://localhost:4201/@fs/Users/larry/Documents/projects/atom/job-wars/.angular/cache/21.1.3/job-wars/vite/deps/chunk-O7OAUIW2.js?v=625609af:17675:7)
    at GameLobbyComponent_Conditional_8_Conditional_2_Conditional_20_Template (http://localhost:4201/main.js:36375:61)
    at executeTemplate (http://localhost:4201/@fs/Users/larry/Documents/projects/atom/job-wars/.angular/cache/21.1.3/job-wars/vite/deps/chunk-O7OAUIW2.js?v=625609af:8303:5)
    at refreshView (http://localhost:4201/@fs/Users/larry/Documents/projects/atom/job-wars/.angular/cache/21.1.3/job-wars/vite/deps/chunk-O7OAUIW2.js?v=625609af:8963:7)
    at detectChangesInView (http://localhost:4201/@fs/Users/larry/Documents/projects/atom/job-wars/.angular/cache/21.1.3/job-wars/vite/deps/chunk-O7OAUIW2.js?v=625609af:9103:5)
    at detectChangesInViewIfAttached (http://localhost:4201/@fs/Users/larry/Documents/projects/atom/job-wars/.angular/cache/21.1.3/job-wars/vite/deps/chunk-O7OAUIW2.js?v=625609af:9086:3)
    at detectChangesInEmbeddedViews (http://localhost:4201/@fs/Users/larry/Documents/projects/atom/job-wars/.angular/cache/21.1.3/job-wars/vite/deps/chunk-O7OAUIW2.js?v=625609af:9057:7)
    at refreshView (http://localhost:4201/@fs/Users/larry/Documents/projects/atom/job-wars/.angular/cache/21.1.3/job-wars/vite/deps/chunk-O7OAUIW2.js?v=625609af:8984:5) @ http://localhost:4201/@fs/Users/larry/Documents/projects/atom/job-wars/.angular/cache/21.1.3/job-wars/vite/deps/chunk-O7OAUIW2.js?v=625609af:3163
[   85496ms] [ERROR] ERROR RuntimeError: NG0100: ExpressionChangedAfterItHasBeenCheckedError: Expression has changed after it was checked. Previous value: 'true'. Current value: 'false'. Expression location: _GameLobbyComponent component. Find more at https://v21.angular.dev/errors/NG0100
    at throwErrorIfNoChangesMode (http://localhost:4201/@fs/Users/larry/Documents/projects/atom/job-wars/.angular/cache/21.1.3/job-wars/vite/deps/chunk-O7OAUIW2.js?v=625609af:6955:9)
    at bindingUpdated (http://localhost:4201/@fs/Users/larry/Documents/projects/atom/job-wars/.angular/cache/21.1.3/job-wars/vite/deps/chunk-O7OAUIW2.js?v=625609af:11373:9)
    at ɵɵproperty (http://localhost:4201/@fs/Users/larry/Documents/projects/atom/job-wars/.angular/cache/21.1.3/job-wars/vite/deps/chunk-O7OAUIW2.js?v=625609af:17675:7)
    at GameLobbyComponent_Conditional_8_Conditional_2_Conditional_20_Template (http://localhost:4201/main.js:36375:61)
    at executeTemplate (http://localhost:4201/@fs/Users/larry/Documents/projects/atom/job-wars/.angular/cache/21.1.3/job-wars/vite/deps/chunk-O7OAUIW2.js?v=625609af:8303:5)
    at refreshView (http://localhost:4201/@fs/Users/larry/Documents/projects/atom/job-wars/.angular/cache/21.1.3/job-wars/vite/deps/chunk-O7OAUIW2.js?v=625609af:8963:7)
    at detectChangesInView (http://localhost:4201/@fs/Users/larry/Documents/projects/atom/job-wars/.angular/cache/21.1.3/job-wars/vite/deps/chunk-O7OAUIW2.js?v=625609af:9103:5)
    at detectChangesInViewIfAttached (http://localhost:4201/@fs/Users/larry/Documents/projects/atom/job-wars/.angular/cache/21.1.3/job-wars/vite/deps/chunk-O7OAUIW2.js?v=625609af:9086:3)
    at detectChangesInEmbeddedViews (http://localhost:4201/@fs/Users/larry/Documents/projects/atom/job-wars/.angular/cache/21.1.3/job-wars/vite/deps/chunk-O7OAUIW2.js?v=625609af:9057:7)
    at refreshView (http://localhost:4201/@fs/Users/larry/Documents/projects/atom/job-wars/.angular/cache/21.1.3/job-wars/vite/deps/chunk-O7OAUIW2.js?v=625609af:8984:5) @ http://localhost:4201/@fs/Users/larry/Documents/projects/atom/job-wars/.angular/cache/21.1.3/job-wars/vite/deps/chunk-O7OAUIW2.js?v=625609af:3163
[   90503ms] [ERROR] ERROR RuntimeError: NG0100: ExpressionChangedAfterItHasBeenCheckedError: Expression has changed after it was checked. Previous value: 'true'. Current value: 'false'. Expression location: _GameLobbyComponent component. Find more at https://v21.angular.dev/errors/NG0100
    at throwErrorIfNoChangesMode (http://localhost:4201/@fs/Users/larry/Documents/projects/atom/job-wars/.angular/cache/21.1.3/job-wars/vite/deps/chunk-O7OAUIW2.js?v=625609af:6955:9)
    at bindingUpdated (http://localhost:4201/@fs/Users/larry/Documents/projects/atom/job-wars/.angular/cache/21.1.3/job-wars/vite/deps/chunk-O7OAUIW2.js?v=625609af:11373:9)
    at ɵɵproperty (http://localhost:4201/@fs/Users/larry/Documents/projects/atom/job-wars/.angular/cache/21.1.3/job-wars/vite/deps/chunk-O7OAUIW2.js?v=625609af:17675:7)
    at GameLobbyComponent_Conditional_8_Conditional_2_Conditional_20_Template (http://localhost:4201/main.js:36375:61)
    at executeTemplate (http://localhost:4201/@fs/Users/larry/Documents/projects/atom/job-wars/.angular/cache/21.1.3/job-wars/vite/deps/chunk-O7OAUIW2.js?v=625609af:8303:5)
    at refreshView (http://localhost:4201/@fs/Users/larry/Documents/projects/atom/job-wars/.angular/cache/21.1.3/job-wars/vite/deps/chunk-O7OAUIW2.js?v=625609af:8963:7)
    at detectChangesInView (http://localhost:4201/@fs/Users/larry/Documents/projects/atom/job-wars/.angular/cache/21.1.3/job-wars/vite/deps/chunk-O7OAUIW2.js?v=625609af:9103:5)
    at detectChangesInViewIfAttached (http://localhost:4201/@fs/Users/larry/Documents/projects/atom/job-wars/.angular/cache/21.1.3/job-wars/vite/deps/chunk-O7OAUIW2.js?v=625609af:9086:3)
    at detectChangesInEmbeddedViews (http://localhost:4201/@fs/Users/larry/Documents/projects/atom/job-wars/.angular/cache/21.1.3/job-wars/vite/deps/chunk-O7OAUIW2.js?v=625609af:9057:7)
    at refreshView (http://localhost:4201/@fs/Users/larry/Documents/projects/atom/job-wars/.angular/cache/21.1.3/job-wars/vite/deps/chunk-O7OAUIW2.js?v=625609af:8984:5) @ http://localhost:4201/@fs/Users/larry/Documents/projects/atom/job-wars/.angular/cache/21.1.3/job-wars/vite/deps/chunk-O7OAUIW2.js?v=625609af:3163
[   95500ms] [ERROR] ERROR RuntimeError: NG0100: ExpressionChangedAfterItHasBeenCheckedError: Expression has changed after it was checked. Previous value: 'true'. Current value: 'false'. Expression location: _GameLobbyComponent component. Find more at https://v21.angular.dev/errors/NG0100
    at throwErrorIfNoChangesMode (http://localhost:4201/@fs/Users/larry/Documents/projects/atom/job-wars/.angular/cache/21.1.3/job-wars/vite/deps/chunk-O7OAUIW2.js?v=625609af:6955:9)
    at bindingUpdated (http://localhost:4201/@fs/Users/larry/Documents/projects/atom/job-wars/.angular/cache/21.1.3/job-wars/vite/deps/chunk-O7OAUIW2.js?v=625609af:11373:9)
    at ɵɵproperty (http://localhost:4201/@fs/Users/larry/Documents/projects/atom/job-wars/.angular/cache/21.1.3/job-wars/vite/deps/chunk-O7OAUIW2.js?v=625609af:17675:7)
    at GameLobbyComponent_Conditional_8_Conditional_2_Conditional_20_Template (http://localhost:4201/main.js:36375:61)
    at executeTemplate (http://localhost:4201/@fs/Users/larry/Documents/projects/atom/job-wars/.angular/cache/21.1.3/job-wars/vite/deps/chunk-O7OAUIW2.js?v=625609af:8303:5)
    at refreshView (http://localhost:4201/@fs/Users/larry/Documents/projects/atom/job-wars/.angular/cache/21.1.3/job-wars/vite/deps/chunk-O7OAUIW2.js?v=625609af:8963:7)
    at detectChangesInView (http://localhost:4201/@fs/Users/larry/Documents/projects/atom/job-wars/.angular/cache/21.1.3/job-wars/vite/deps/chunk-O7OAUIW2.js?v=625609af:9103:5)
    at detectChangesInViewIfAttached (http://localhost:4201/@fs/Users/larry/Documents/projects/atom/job-wars/.angular/cache/21.1.3/job-wars/vite/deps/chunk-O7OAUIW2.js?v=625609af:9086:3)
    at detectChangesInEmbeddedViews (http://localhost:4201/@fs/Users/larry/Documents/projects/atom/job-wars/.angular/cache/21.1.3/job-wars/vite/deps/chunk-O7OAUIW2.js?v=625609af:9057:7)
    at refreshView (http://localhost:4201/@fs/Users/larry/Documents/projects/atom/job-wars/.angular/cache/21.1.3/job-wars/vite/deps/chunk-O7OAUIW2.js?v=625609af:8984:5) @ http://localhost:4201/@fs/Users/larry/Documents/projects/atom/job-wars/.angular/cache/21.1.3/job-wars/vite/deps/chunk-O7OAUIW2.js?v=625609af:3163
[  100495ms] [ERROR] ERROR RuntimeError: NG0100: ExpressionChangedAfterItHasBeenCheckedError: Expression has changed after it was checked. Previous value: 'true'. Current value: 'false'. Expression location: _GameLobbyComponent component. Find more at https://v21.angular.dev/errors/NG0100
    at throwErrorIfNoChangesMode (http://localhost:4201/@fs/Users/larry/Documents/projects/atom/job-wars/.angular/cache/21.1.3/job-wars/vite/deps/chunk-O7OAUIW2.js?v=625609af:6955:9)
    at bindingUpdated (http://localhost:4201/@fs/Users/larry/Documents/projects/atom/job-wars/.angular/cache/21.1.3/job-wars/vite/deps/chunk-O7OAUIW2.js?v=625609af:11373:9)
    at ɵɵproperty (http://localhost:4201/@fs/Users/larry/Documents/projects/atom/job-wars/.angular/cache/21.1.3/job-wars/vite/deps/chunk-O7OAUIW2.js?v=625609af:17675:7)
    at GameLobbyComponent_Conditional_8_Conditional_2_Conditional_20_Template (http://localhost:4201/main.js:36375:61)
    at executeTemplate (http://localhost:4201/@fs/Users/larry/Documents/projects/atom/job-wars/.angular/cache/21.1.3/job-wars/vite/deps/chunk-O7OAUIW2.js?v=625609af:8303:5)
    at refreshView (http://localhost:4201/@fs/Users/larry/Documents/projects/atom/job-wars/.angular/cache/21.1.3/job-wars/vite/deps/chunk-O7OAUIW2.js?v=625609af:8963:7)
    at detectChangesInView (http://localhost:4201/@fs/Users/larry/Documents/projects/atom/job-wars/.angular/cache/21.1.3/job-wars/vite/deps/chunk-O7OAUIW2.js?v=625609af:9103:5)
    at detectChangesInViewIfAttached (http://localhost:4201/@fs/Users/larry/Documents/projects/atom/job-wars/.angular/cache/21.1.3/job-wars/vite/deps/chunk-O7OAUIW2.js?v=625609af:9086:3)
    at detectChangesInEmbeddedViews (http://localhost:4201/@fs/Users/larry/Documents/projects/atom/job-wars/.angular/cache/21.1.3/job-wars/vite/deps/chunk-O7OAUIW2.js?v=625609af:9057:7)
    at refreshView (http://localhost:4201/@fs/Users/larry/Documents/projects/atom/job-wars/.angular/cache/21.1.3/job-wars/vite/deps/chunk-O7OAUIW2.js?v=625609af:8984:5) @ http://localhost:4201/@fs/Users/larry/Documents/projects/atom/job-wars/.angular/cache/21.1.3/job-wars/vite/deps/chunk-O7OAUIW2.js?v=625609af:3163
