[   11865ms] [ERROR] ERROR RuntimeError: NG0100: ExpressionChangedAfterItHasBeenCheckedError: Expression has changed after it was checked. Previous value: 'true'. Current value: 'false'. Expression location: _GameLobbyComponent component. Find more at https://v21.angular.dev/errors/NG0100
    at throwErrorIfNoChangesMode (http://localhost:4201/@fs/Users/larry/Documents/projects/atom/job-wars/.angular/cache/21.1.3/job-wars/vite/deps/chunk-O7OAUIW2.js?v=625609af:6955:9)
    at bindingUpdated (http://localhost:4201/@fs/Users/larry/Documents/projects/atom/job-wars/.angular/cache/21.1.3/job-wars/vite/deps/chunk-O7OAUIW2.js?v=625609af:11373:9)
    at ɵɵproperty (http://localhost:4201/@fs/Users/larry/Documents/projects/atom/job-wars/.angular/cache/21.1.3/job-wars/vite/deps/chunk-O7OAUIW2.js?v=625609af:17675:7)
    at GameLobbyComponent_Conditional_8_Conditional_2_Conditional_20_Template (http://localhost:4201/main.js:36375:61)
    at executeTemplate (http://localhost:4201/@fs/Users/larry/Documents/projects/atom/job-wars/.angular/cache/21.1.3/job-wars/vite/deps/chunk-O7OAUIW2.js?v=625609af:8303:5)
    at refreshView (http://localhost:4201/@fs/Users/larry/Documents/projects/atom/job-wars/.angular/cache/21.1.3/job-wars/vite/deps/chunk-O7OAUIW2.js?v=625609af:8963:7)
    at detectChangesInView (http://localhost:4201/@fs/Users/larry/Documents/projects/atom/job-wars/.angular/cache/21.1.3/job-wars/vite/deps/chunk-O7OAUIW2.js?v=625609af:9103:5)
    at detectChangesInViewIfAttached (http://localhost:4201/@fs/Users/larry/Documents/projects/atom/job-wars/.angular/cache/21.1.3/job-wars/vite/deps/chunk-O7OAUIW2.js?v=625609af:9086:3)
    at detectChangesInEmbeddedViews (http://localhost:4201/@fs/Users/larry/Documents/projects/atom/job-wars/.angular/cache/21.1.3/job-wars/vite/deps/chunk-O7OAUIW2.js?v=625609af:9057:7)
    at refreshView (http://localhost:4201/@fs/Users/larry/Documents/projects/atom/job-wars/.angular/cache/21.1.3/job-wars/vite/deps/chunk-O7OAUIW2.js?v=625609af:8984:5) @ http://localhost:4201/@fs/Users/larry/Documents/projects/atom/job-wars/.angular/cache/21.1.3/job-wars/vite/deps/chunk-O7OAUIW2.js?v=625609af:3163
[   16840ms] [ERROR] ERROR RuntimeError: NG0100: ExpressionChangedAfterItHasBeenCheckedError: Expression has changed after it was checked. Previous value: 'true'. Current value: 'false'. Expression location: _GameLobbyComponent component. Find more at https://v21.angular.dev/errors/NG0100
    at throwErrorIfNoChangesMode (http://localhost:4201/@fs/Users/larry/Documents/projects/atom/job-wars/.angular/cache/21.1.3/job-wars/vite/deps/chunk-O7OAUIW2.js?v=625609af:6955:9)
    at bindingUpdated (http://localhost:4201/@fs/Users/larry/Documents/projects/atom/job-wars/.angular/cache/21.1.3/job-wars/vite/deps/chunk-O7OAUIW2.js?v=625609af:11373:9)
    at ɵɵproperty (http://localhost:4201/@fs/Users/larry/Documents/projects/atom/job-wars/.angular/cache/21.1.3/job-wars/vite/deps/chunk-O7OAUIW2.js?v=625609af:17675:7)
    at GameLobbyComponent_Conditional_8_Conditional_2_Conditional_20_Template (http://localhost:4201/main.js:36375:61)
    at executeTemplate (http://localhost:4201/@fs/Users/larry/Documents/projects/atom/job-wars/.angular/cache/21.1.3/job-wars/vite/deps/chunk-O7OAUIW2.js?v=625609af:8303:5)
    at refreshView (http://localhost:4201/@fs/Users/larry/Documents/projects/atom/job-wars/.angular/cache/21.1.3/job-wars/vite/deps/chunk-O7OAUIW2.js?v=625609af:8963:7)
    at detectChangesInView (http://localhost:4201/@fs/Users/larry/Documents/projects/atom/job-wars/.angular/cache/21.1.3/job-wars/vite/deps/chunk-O7OAUIW2.js?v=625609af:9103:5)
    at detectChangesInViewIfAttached (http://localhost:4201/@fs/Users/larry/Documents/projects/atom/job-wars/.angular/cache/21.1.3/job-wars/vite/deps/chunk-O7OAUIW2.js?v=625609af:9086:3)
    at detectChangesInEmbeddedViews (http://localhost:4201/@fs/Users/larry/Documents/projects/atom/job-wars/.angular/cache/21.1.3/job-wars/vite/deps/chunk-O7OAUIW2.js?v=625609af:9057:7)
    at refreshView (http://localhost:4201/@fs/Users/larry/Documents/projects/atom/job-wars/.angular/cache/21.1.3/job-wars/vite/deps/chunk-O7OAUIW2.js?v=625609af:8984:5) @ http://localhost:4201/@fs/Users/larry/Documents/projects/atom/job-wars/.angular/cache/21.1.3/job-wars/vite/deps/chunk-O7OAUIW2.js?v=625609af:3163
[   21836ms] [ERROR] ERROR RuntimeError: NG0100: ExpressionChangedAfterItHasBeenCheckedError: Expression has changed after it was checked. Previous value: 'true'. Current value: 'false'. Expression location: _GameLobbyComponent component. Find more at https://v21.angular.dev/errors/NG0100
    at throwErrorIfNoChangesMode (http://localhost:4201/@fs/Users/larry/Documents/projects/atom/job-wars/.angular/cache/21.1.3/job-wars/vite/deps/chunk-O7OAUIW2.js?v=625609af:6955:9)
    at bindingUpdated (http://localhost:4201/@fs/Users/larry/Documents/projects/atom/job-wars/.angular/cache/21.1.3/job-wars/vite/deps/chunk-O7OAUIW2.js?v=625609af:11373:9)
    at ɵɵproperty (http://localhost:4201/@fs/Users/larry/Documents/projects/atom/job-wars/.angular/cache/21.1.3/job-wars/vite/deps/chunk-O7OAUIW2.js?v=625609af:17675:7)
    at GameLobbyComponent_Conditional_8_Conditional_2_Conditional_20_Template (http://localhost:4201/main.js:36375:61)
    at executeTemplate (http://localhost:4201/@fs/Users/larry/Documents/projects/atom/job-wars/.angular/cache/21.1.3/job-wars/vite/deps/chunk-O7OAUIW2.js?v=625609af:8303:5)
    at refreshView (http://localhost:4201/@fs/Users/larry/Documents/projects/atom/job-wars/.angular/cache/21.1.3/job-wars/vite/deps/chunk-O7OAUIW2.js?v=625609af:8963:7)
    at detectChangesInView (http://localhost:4201/@fs/Users/larry/Documents/projects/atom/job-wars/.angular/cache/21.1.3/job-wars/vite/deps/chunk-O7OAUIW2.js?v=625609af:9103:5)
    at detectChangesInViewIfAttached (http://localhost:4201/@fs/Users/larry/Documents/projects/atom/job-wars/.angular/cache/21.1.3/job-wars/vite/deps/chunk-O7OAUIW2.js?v=625609af:9086:3)
    at detectChangesInEmbeddedViews (http://localhost:4201/@fs/Users/larry/Documents/projects/atom/job-wars/.angular/cache/21.1.3/job-wars/vite/deps/chunk-O7OAUIW2.js?v=625609af:9057:7)
    at refreshView (http://localhost:4201/@fs/Users/larry/Documents/projects/atom/job-wars/.angular/cache/21.1.3/job-wars/vite/deps/chunk-O7OAUIW2.js?v=625609af:8984:5) @ http://localhost:4201/@fs/Users/larry/Documents/projects/atom/job-wars/.angular/cache/21.1.3/job-wars/vite/deps/chunk-O7OAUIW2.js?v=625609af:3163
[   26834ms] [ERROR] ERROR RuntimeError: NG0100: ExpressionChangedAfterItHasBeenCheckedError: Expression has changed after it was checked. Previous value: 'true'. Current value: 'false'. Expression location: _GameLobbyComponent component. Find more at https://v21.angular.dev/errors/NG0100
    at throwErrorIfNoChangesMode (http://localhost:4201/@fs/Users/larry/Documents/projects/atom/job-wars/.angular/cache/21.1.3/job-wars/vite/deps/chunk-O7OAUIW2.js?v=625609af:6955:9)
    at bindingUpdated (http://localhost:4201/@fs/Users/larry/Documents/projects/atom/job-wars/.angular/cache/21.1.3/job-wars/vite/deps/chunk-O7OAUIW2.js?v=625609af:11373:9)
    at ɵɵproperty (http://localhost:4201/@fs/Users/larry/Documents/projects/atom/job-wars/.angular/cache/21.1.3/job-wars/vite/deps/chunk-O7OAUIW2.js?v=625609af:17675:7)
    at GameLobbyComponent_Conditional_8_Conditional_2_Conditional_20_Template (http://localhost:4201/main.js:36375:61)
    at executeTemplate (http://localhost:4201/@fs/Users/larry/Documents/projects/atom/job-wars/.angular/cache/21.1.3/job-wars/vite/deps/chunk-O7OAUIW2.js?v=625609af:8303:5)
    at refreshView (http://localhost:4201/@fs/Users/larry/Documents/projects/atom/job-wars/.angular/cache/21.1.3/job-wars/vite/deps/chunk-O7OAUIW2.js?v=625609af:8963:7)
    at detectChangesInView (http://localhost:4201/@fs/Users/larry/Documents/projects/atom/job-wars/.angular/cache/21.1.3/job-wars/vite/deps/chunk-O7OAUIW2.js?v=625609af:9103:5)
    at detectChangesInViewIfAttached (http://localhost:4201/@fs/Users/larry/Documents/projects/atom/job-wars/.angular/cache/21.1.3/job-wars/vite/deps/chunk-O7OAUIW2.js?v=625609af:9086:3)
    at detectChangesInEmbeddedViews (http://localhost:4201/@fs/Users/larry/Documents/projects/atom/job-wars/.angular/cache/21.1.3/job-wars/vite/deps/chunk-O7OAUIW2.js?v=625609af:9057:7)
    at refreshView (http://localhost:4201/@fs/Users/larry/Documents/projects/atom/job-wars/.angular/cache/21.1.3/job-wars/vite/deps/chunk-O7OAUIW2.js?v=625609af:8984:5) @ http://localhost:4201/@fs/Users/larry/Documents/projects/atom/job-wars/.angular/cache/21.1.3/job-wars/vite/deps/chunk-O7OAUIW2.js?v=625609af:3163
[   31836ms] [ERROR] ERROR RuntimeError: NG0100: ExpressionChangedAfterItHasBeenCheckedError: Expression has changed after it was checked. Previous value: 'true'. Current value: 'false'. Expression location: _GameLobbyComponent component. Find more at https://v21.angular.dev/errors/NG0100
    at throwErrorIfNoChangesMode (http://localhost:4201/@fs/Users/larry/Documents/projects/atom/job-wars/.angular/cache/21.1.3/job-wars/vite/deps/chunk-O7OAUIW2.js?v=625609af:6955:9)
    at bindingUpdated (http://localhost:4201/@fs/Users/larry/Documents/projects/atom/job-wars/.angular/cache/21.1.3/job-wars/vite/deps/chunk-O7OAUIW2.js?v=625609af:11373:9)
    at ɵɵproperty (http://localhost:4201/@fs/Users/larry/Documents/projects/atom/job-wars/.angular/cache/21.1.3/job-wars/vite/deps/chunk-O7OAUIW2.js?v=625609af:17675:7)
    at GameLobbyComponent_Conditional_8_Conditional_2_Conditional_20_Template (http://localhost:4201/main.js:36375:61)
    at executeTemplate (http://localhost:4201/@fs/Users/larry/Documents/projects/atom/job-wars/.angular/cache/21.1.3/job-wars/vite/deps/chunk-O7OAUIW2.js?v=625609af:8303:5)
    at refreshView (http://localhost:4201/@fs/Users/larry/Documents/projects/atom/job-wars/.angular/cache/21.1.3/job-wars/vite/deps/chunk-O7OAUIW2.js?v=625609af:8963:7)
    at detectChangesInView (http://localhost:4201/@fs/Users/larry/Documents/projects/atom/job-wars/.angular/cache/21.1.3/job-wars/vite/deps/chunk-O7OAUIW2.js?v=625609af:9103:5)
    at detectChangesInViewIfAttached (http://localhost:4201/@fs/Users/larry/Documents/projects/atom/job-wars/.angular/cache/21.1.3/job-wars/vite/deps/chunk-O7OAUIW2.js?v=625609af:9086:3)
    at detectChangesInEmbeddedViews (http://localhost:4201/@fs/Users/larry/Documents/projects/atom/job-wars/.angular/cache/21.1.3/job-wars/vite/deps/chunk-O7OAUIW2.js?v=625609af:9057:7)
    at refreshView (http://localhost:4201/@fs/Users/larry/Documents/projects/atom/job-wars/.angular/cache/21.1.3/job-wars/vite/deps/chunk-O7OAUIW2.js?v=625609af:8984:5) @ http://localhost:4201/@fs/Users/larry/Documents/projects/atom/job-wars/.angular/cache/21.1.3/job-wars/vite/deps/chunk-O7OAUIW2.js?v=625609af:3163
[   36835ms] [ERROR] ERROR RuntimeError: NG0100: ExpressionChangedAfterItHasBeenCheckedError: Expression has changed after it was checked. Previous value: 'true'. Current value: 'false'. Expression location: _GameLobbyComponent component. Find more at https://v21.angular.dev/errors/NG0100
    at throwErrorIfNoChangesMode (http://localhost:4201/@fs/Users/larry/Documents/projects/atom/job-wars/.angular/cache/21.1.3/job-wars/vite/deps/chunk-O7OAUIW2.js?v=625609af:6955:9)
    at bindingUpdated (http://localhost:4201/@fs/Users/larry/Documents/projects/atom/job-wars/.angular/cache/21.1.3/job-wars/vite/deps/chunk-O7OAUIW2.js?v=625609af:11373:9)
    at ɵɵproperty (http://localhost:4201/@fs/Users/larry/Documents/projects/atom/job-wars/.angular/cache/21.1.3/job-wars/vite/deps/chunk-O7OAUIW2.js?v=625609af:17675:7)
    at GameLobbyComponent_Conditional_8_Conditional_2_Conditional_20_Template (http://localhost:4201/main.js:36375:61)
    at executeTemplate (http://localhost:4201/@fs/Users/larry/Documents/projects/atom/job-wars/.angular/cache/21.1.3/job-wars/vite/deps/chunk-O7OAUIW2.js?v=625609af:8303:5)
    at refreshView (http://localhost:4201/@fs/Users/larry/Documents/projects/atom/job-wars/.angular/cache/21.1.3/job-wars/vite/deps/chunk-O7OAUIW2.js?v=625609af:8963:7)
    at detectChangesInView (http://localhost:4201/@fs/Users/larry/Documents/projects/atom/job-wars/.angular/cache/21.1.3/job-wars/vite/deps/chunk-O7OAUIW2.js?v=625609af:9103:5)
    at detectChangesInViewIfAttached (http://localhost:4201/@fs/Users/larry/Documents/projects/atom/job-wars/.angular/cache/21.1.3/job-wars/vite/deps/chunk-O7OAUIW2.js?v=625609af:9086:3)
    at detectChangesInEmbeddedViews (http://localhost:4201/@fs/Users/larry/Documents/projects/atom/job-wars/.angular/cache/21.1.3/job-wars/vite/deps/chunk-O7OAUIW2.js?v=625609af:9057:7)
    at refreshView (http://localhost:4201/@fs/Users/larry/Documents/projects/atom/job-wars/.angular/cache/21.1.3/job-wars/vite/deps/chunk-O7OAUIW2.js?v=625609af:8984:5) @ http://localhost:4201/@fs/Users/larry/Documents/projects/atom/job-wars/.angular/cache/21.1.3/job-wars/vite/deps/chunk-O7OAUIW2.js?v=625609af:3163
[   41834ms] [ERROR] ERROR RuntimeError: NG0100: ExpressionChangedAfterItHasBeenCheckedError: Expression has changed after it was checked. Previous value: 'true'. Current value: 'false'. Expression location: _GameLobbyComponent component. Find more at https://v21.angular.dev/errors/NG0100
    at throwErrorIfNoChangesMode (http://localhost:4201/@fs/Users/larry/Documents/projects/atom/job-wars/.angular/cache/21.1.3/job-wars/vite/deps/chunk-O7OAUIW2.js?v=625609af:6955:9)
    at bindingUpdated (http://localhost:4201/@fs/Users/larry/Documents/projects/atom/job-wars/.angular/cache/21.1.3/job-wars/vite/deps/chunk-O7OAUIW2.js?v=625609af:11373:9)
    at ɵɵproperty (http://localhost:4201/@fs/Users/larry/Documents/projects/atom/job-wars/.angular/cache/21.1.3/job-wars/vite/deps/chunk-O7OAUIW2.js?v=625609af:17675:7)
    at GameLobbyComponent_Conditional_8_Conditional_2_Conditional_20_Template (http://localhost:4201/main.js:36375:61)
    at executeTemplate (http://localhost:4201/@fs/Users/larry/Documents/projects/atom/job-wars/.angular/cache/21.1.3/job-wars/vite/deps/chunk-O7OAUIW2.js?v=625609af:8303:5)
    at refreshView (http://localhost:4201/@fs/Users/larry/Documents/projects/atom/job-wars/.angular/cache/21.1.3/job-wars/vite/deps/chunk-O7OAUIW2.js?v=625609af:8963:7)
    at detectChangesInView (http://localhost:4201/@fs/Users/larry/Documents/projects/atom/job-wars/.angular/cache/21.1.3/job-wars/vite/deps/chunk-O7OAUIW2.js?v=625609af:9103:5)
    at detectChangesInViewIfAttached (http://localhost:4201/@fs/Users/larry/Documents/projects/atom/job-wars/.angular/cache/21.1.3/job-wars/vite/deps/chunk-O7OAUIW2.js?v=625609af:9086:3)
    at detectChangesInEmbeddedViews (http://localhost:4201/@fs/Users/larry/Documents/projects/atom/job-wars/.angular/cache/21.1.3/job-wars/vite/deps/chunk-O7OAUIW2.js?v=625609af:9057:7)
    at refreshView (http://localhost:4201/@fs/Users/larry/Documents/projects/atom/job-wars/.angular/cache/21.1.3/job-wars/vite/deps/chunk-O7OAUIW2.js?v=625609af:8984:5) @ http://localhost:4201/@fs/Users/larry/Documents/projects/atom/job-wars/.angular/cache/21.1.3/job-wars/vite/deps/chunk-O7OAUIW2.js?v=625609af:3163
[   46840ms] [ERROR] ERROR RuntimeError: NG0100: ExpressionChangedAfterItHasBeenCheckedError: Expression has changed after it was checked. Previous value: 'true'. Current value: 'false'. Expression location: _GameLobbyComponent component. Find more at https://v21.angular.dev/errors/NG0100
    at throwErrorIfNoChangesMode (http://localhost:4201/@fs/Users/larry/Documents/projects/atom/job-wars/.angular/cache/21.1.3/job-wars/vite/deps/chunk-O7OAUIW2.js?v=625609af:6955:9)
    at bindingUpdated (http://localhost:4201/@fs/Users/larry/Documents/projects/atom/job-wars/.angular/cache/21.1.3/job-wars/vite/deps/chunk-O7OAUIW2.js?v=625609af:11373:9)
    at ɵɵproperty (http://localhost:4201/@fs/Users/larry/Documents/projects/atom/job-wars/.angular/cache/21.1.3/job-wars/vite/deps/chunk-O7OAUIW2.js?v=625609af:17675:7)
    at GameLobbyComponent_Conditional_8_Conditional_2_Conditional_20_Template (http://localhost:4201/main.js:36375:61)
    at executeTemplate (http://localhost:4201/@fs/Users/larry/Documents/projects/atom/job-wars/.angular/cache/21.1.3/job-wars/vite/deps/chunk-O7OAUIW2.js?v=625609af:8303:5)
    at refreshView (http://localhost:4201/@fs/Users/larry/Documents/projects/atom/job-wars/.angular/cache/21.1.3/job-wars/vite/deps/chunk-O7OAUIW2.js?v=625609af:8963:7)
    at detectChangesInView (http://localhost:4201/@fs/Users/larry/Documents/projects/atom/job-wars/.angular/cache/21.1.3/job-wars/vite/deps/chunk-O7OAUIW2.js?v=625609af:9103:5)
    at detectChangesInViewIfAttached (http://localhost:4201/@fs/Users/larry/Documents/projects/atom/job-wars/.angular/cache/21.1.3/job-wars/vite/deps/chunk-O7OAUIW2.js?v=625609af:9086:3)
    at detectChangesInEmbeddedViews (http://localhost:4201/@fs/Users/larry/Documents/projects/atom/job-wars/.angular/cache/21.1.3/job-wars/vite/deps/chunk-O7OAUIW2.js?v=625609af:9057:7)
    at refreshView (http://localhost:4201/@fs/Users/larry/Documents/projects/atom/job-wars/.angular/cache/21.1.3/job-wars/vite/deps/chunk-O7OAUIW2.js?v=625609af:8984:5) @ http://localhost:4201/@fs/Users/larry/Documents/projects/atom/job-wars/.angular/cache/21.1.3/job-wars/vite/deps/chunk-O7OAUIW2.js?v=625609af:3163
[   51835ms] [ERROR] ERROR RuntimeError: NG0100: ExpressionChangedAfterItHasBeenCheckedError: Expression has changed after it was checked. Previous value: 'true'. Current value: 'false'. Expression location: _GameLobbyComponent component. Find more at https://v21.angular.dev/errors/NG0100
    at throwErrorIfNoChangesMode (http://localhost:4201/@fs/Users/larry/Documents/projects/atom/job-wars/.angular/cache/21.1.3/job-wars/vite/deps/chunk-O7OAUIW2.js?v=625609af:6955:9)
    at bindingUpdated (http://localhost:4201/@fs/Users/larry/Documents/projects/atom/job-wars/.angular/cache/21.1.3/job-wars/vite/deps/chunk-O7OAUIW2.js?v=625609af:11373:9)
    at ɵɵproperty (http://localhost:4201/@fs/Users/larry/Documents/projects/atom/job-wars/.angular/cache/21.1.3/job-wars/vite/deps/chunk-O7OAUIW2.js?v=625609af:17675:7)
    at GameLobbyComponent_Conditional_8_Conditional_2_Conditional_20_Template (http://localhost:4201/main.js:36375:61)
    at executeTemplate (http://localhost:4201/@fs/Users/larry/Documents/projects/atom/job-wars/.angular/cache/21.1.3/job-wars/vite/deps/chunk-O7OAUIW2.js?v=625609af:8303:5)
    at refreshView (http://localhost:4201/@fs/Users/larry/Documents/projects/atom/job-wars/.angular/cache/21.1.3/job-wars/vite/deps/chunk-O7OAUIW2.js?v=625609af:8963:7)
    at detectChangesInView (http://localhost:4201/@fs/Users/larry/Documents/projects/atom/job-wars/.angular/cache/21.1.3/job-wars/vite/deps/chunk-O7OAUIW2.js?v=625609af:9103:5)
    at detectChangesInViewIfAttached (http://localhost:4201/@fs/Users/larry/Documents/projects/atom/job-wars/.angular/cache/21.1.3/job-wars/vite/deps/chunk-O7OAUIW2.js?v=625609af:9086:3)
    at detectChangesInEmbeddedViews (http://localhost:4201/@fs/Users/larry/Documents/projects/atom/job-wars/.angular/cache/21.1.3/job-wars/vite/deps/chunk-O7OAUIW2.js?v=625609af:9057:7)
    at refreshView (http://localhost:4201/@fs/Users/larry/Documents/projects/atom/job-wars/.angular/cache/21.1.3/job-wars/vite/deps/chunk-O7OAUIW2.js?v=625609af:8984:5) @ http://localhost:4201/@fs/Users/larry/Documents/projects/atom/job-wars/.angular/cache/21.1.3/job-wars/vite/deps/chunk-O7OAUIW2.js?v=625609af:3163
[   56833ms] [ERROR] ERROR RuntimeError: NG0100: ExpressionChangedAfterItHasBeenCheckedError: Expression has changed after it was checked. Previous value: 'true'. Current value: 'false'. Expression location: _GameLobbyComponent component. Find more at https://v21.angular.dev/errors/NG0100
    at throwErrorIfNoChangesMode (http://localhost:4201/@fs/Users/larry/Documents/projects/atom/job-wars/.angular/cache/21.1.3/job-wars/vite/deps/chunk-O7OAUIW2.js?v=625609af:6955:9)
    at bindingUpdated (http://localhost:4201/@fs/Users/larry/Documents/projects/atom/job-wars/.angular/cache/21.1.3/job-wars/vite/deps/chunk-O7OAUIW2.js?v=625609af:11373:9)
    at ɵɵproperty (http://localhost:4201/@fs/Users/larry/Documents/projects/atom/job-wars/.angular/cache/21.1.3/job-wars/vite/deps/chunk-O7OAUIW2.js?v=625609af:17675:7)
    at GameLobbyComponent_Conditional_8_Conditional_2_Conditional_20_Template (http://localhost:4201/main.js:36375:61)
    at executeTemplate (http://localhost:4201/@fs/Users/larry/Documents/projects/atom/job-wars/.angular/cache/21.1.3/job-wars/vite/deps/chunk-O7OAUIW2.js?v=625609af:8303:5)
    at refreshView (http://localhost:4201/@fs/Users/larry/Documents/projects/atom/job-wars/.angular/cache/21.1.3/job-wars/vite/deps/chunk-O7OAUIW2.js?v=625609af:8963:7)
    at detectChangesInView (http://localhost:4201/@fs/Users/larry/Documents/projects/atom/job-wars/.angular/cache/21.1.3/job-wars/vite/deps/chunk-O7OAUIW2.js?v=625609af:9103:5)
    at detectChangesInViewIfAttached (http://localhost:4201/@fs/Users/larry/Documents/projects/atom/job-wars/.angular/cache/21.1.3/job-wars/vite/deps/chunk-O7OAUIW2.js?v=625609af:9086:3)
    at detectChangesInEmbeddedViews (http://localhost:4201/@fs/Users/larry/Documents/projects/atom/job-wars/.angular/cache/21.1.3/job-wars/vite/deps/chunk-O7OAUIW2.js?v=625609af:9057:7)
    at refreshView (http://localhost:4201/@fs/Users/larry/Documents/projects/atom/job-wars/.angular/cache/21.1.3/job-wars/vite/deps/chunk-O7OAUIW2.js?v=625609af:8984:5) @ http://localhost:4201/@fs/Users/larry/Documents/projects/atom/job-wars/.angular/cache/21.1.3/job-wars/vite/deps/chunk-O7OAUIW2.js?v=625609af:3163
[   61835ms] [ERROR] ERROR RuntimeError: NG0100: ExpressionChangedAfterItHasBeenCheckedError: Expression has changed after it was checked. Previous value: 'true'. Current value: 'false'. Expression location: _GameLobbyComponent component. Find more at https://v21.angular.dev/errors/NG0100
    at throwErrorIfNoChangesMode (http://localhost:4201/@fs/Users/larry/Documents/projects/atom/job-wars/.angular/cache/21.1.3/job-wars/vite/deps/chunk-O7OAUIW2.js?v=625609af:6955:9)
    at bindingUpdated (http://localhost:4201/@fs/Users/larry/Documents/projects/atom/job-wars/.angular/cache/21.1.3/job-wars/vite/deps/chunk-O7OAUIW2.js?v=625609af:11373:9)
    at ɵɵproperty (http://localhost:4201/@fs/Users/larry/Documents/projects/atom/job-wars/.angular/cache/21.1.3/job-wars/vite/deps/chunk-O7OAUIW2.js?v=625609af:17675:7)
    at GameLobbyComponent_Conditional_8_Conditional_2_Conditional_20_Template (http://localhost:4201/main.js:36375:61)
    at executeTemplate (http://localhost:4201/@fs/Users/larry/Documents/projects/atom/job-wars/.angular/cache/21.1.3/job-wars/vite/deps/chunk-O7OAUIW2.js?v=625609af:8303:5)
    at refreshView (http://localhost:4201/@fs/Users/larry/Documents/projects/atom/job-wars/.angular/cache/21.1.3/job-wars/vite/deps/chunk-O7OAUIW2.js?v=625609af:8963:7)
    at detectChangesInView (http://localhost:4201/@fs/Users/larry/Documents/projects/atom/job-wars/.angular/cache/21.1.3/job-wars/vite/deps/chunk-O7OAUIW2.js?v=625609af:9103:5)
    at detectChangesInViewIfAttached (http://localhost:4201/@fs/Users/larry/Documents/projects/atom/job-wars/.angular/cache/21.1.3/job-wars/vite/deps/chunk-O7OAUIW2.js?v=625609af:9086:3)
    at detectChangesInEmbeddedViews (http://localhost:4201/@fs/Users/larry/Documents/projects/atom/job-wars/.angular/cache/21.1.3/job-wars/vite/deps/chunk-O7OAUIW2.js?v=625609af:9057:7)
    at refreshView (http://localhost:4201/@fs/Users/larry/Documents/projects/atom/job-wars/.angular/cache/21.1.3/job-wars/vite/deps/chunk-O7OAUIW2.js?v=625609af:8984:5) @ http://localhost:4201/@fs/Users/larry/Documents/projects/atom/job-wars/.angular/cache/21.1.3/job-wars/vite/deps/chunk-O7OAUIW2.js?v=625609af:3163
[   66845ms] [ERROR] ERROR RuntimeError: NG0100: ExpressionChangedAfterItHasBeenCheckedError: Expression has changed after it was checked. Previous value: 'true'. Current value: 'false'. Expression location: _GameLobbyComponent component. Find more at https://v21.angular.dev/errors/NG0100
    at throwErrorIfNoChangesMode (http://localhost:4201/@fs/Users/larry/Documents/projects/atom/job-wars/.angular/cache/21.1.3/job-wars/vite/deps/chunk-O7OAUIW2.js?v=625609af:6955:9)
    at bindingUpdated (http://localhost:4201/@fs/Users/larry/Documents/projects/atom/job-wars/.angular/cache/21.1.3/job-wars/vite/deps/chunk-O7OAUIW2.js?v=625609af:11373:9)
    at ɵɵproperty (http://localhost:4201/@fs/Users/larry/Documents/projects/atom/job-wars/.angular/cache/21.1.3/job-wars/vite/deps/chunk-O7OAUIW2.js?v=625609af:17675:7)
    at GameLobbyComponent_Conditional_8_Conditional_2_Conditional_20_Template (http://localhost:4201/main.js:36375:61)
    at executeTemplate (http://localhost:4201/@fs/Users/larry/Documents/projects/atom/job-wars/.angular/cache/21.1.3/job-wars/vite/deps/chunk-O7OAUIW2.js?v=625609af:8303:5)
    at refreshView (http://localhost:4201/@fs/Users/larry/Documents/projects/atom/job-wars/.angular/cache/21.1.3/job-wars/vite/deps/chunk-O7OAUIW2.js?v=625609af:8963:7)
    at detectChangesInView (http://localhost:4201/@fs/Users/larry/Documents/projects/atom/job-wars/.angular/cache/21.1.3/job-wars/vite/deps/chunk-O7OAUIW2.js?v=625609af:9103:5)
    at detectChangesInViewIfAttached (http://localhost:4201/@fs/Users/larry/Documents/projects/atom/job-wars/.angular/cache/21.1.3/job-wars/vite/deps/chunk-O7OAUIW2.js?v=625609af:9086:3)
    at detectChangesInEmbeddedViews (http://localhost:4201/@fs/Users/larry/Documents/projects/atom/job-wars/.angular/cache/21.1.3/job-wars/vite/deps/chunk-O7OAUIW2.js?v=625609af:9057:7)
    at refreshView (http://localhost:4201/@fs/Users/larry/Documents/projects/atom/job-wars/.angular/cache/21.1.3/job-wars/vite/deps/chunk-O7OAUIW2.js?v=625609af:8984:5) @ http://localhost:4201/@fs/Users/larry/Documents/projects/atom/job-wars/.angular/cache/21.1.3/job-wars/vite/deps/chunk-O7OAUIW2.js?v=625609af:3163
[   71835ms] [ERROR] ERROR RuntimeError: NG0100: ExpressionChangedAfterItHasBeenCheckedError: Expression has changed after it was checked. Previous value: 'true'. Current value: 'false'. Expression location: _GameLobbyComponent component. Find more at https://v21.angular.dev/errors/NG0100
    at throwErrorIfNoChangesMode (http://localhost:4201/@fs/Users/larry/Documents/projects/atom/job-wars/.angular/cache/21.1.3/job-wars/vite/deps/chunk-O7OAUIW2.js?v=625609af:6955:9)
    at bindingUpdated (http://localhost:4201/@fs/Users/larry/Documents/projects/atom/job-wars/.angular/cache/21.1.3/job-wars/vite/deps/chunk-O7OAUIW2.js?v=625609af:11373:9)
    at ɵɵproperty (http://localhost:4201/@fs/Users/larry/Documents/projects/atom/job-wars/.angular/cache/21.1.3/job-wars/vite/deps/chunk-O7OAUIW2.js?v=625609af:17675:7)
    at GameLobbyComponent_Conditional_8_Conditional_2_Conditional_20_Template (http://localhost:4201/main.js:36375:61)
    at executeTemplate (http://localhost:4201/@fs/Users/larry/Documents/projects/atom/job-wars/.angular/cache/21.1.3/job-wars/vite/deps/chunk-O7OAUIW2.js?v=625609af:8303:5)
    at refreshView (http://localhost:4201/@fs/Users/larry/Documents/projects/atom/job-wars/.angular/cache/21.1.3/job-wars/vite/deps/chunk-O7OAUIW2.js?v=625609af:8963:7)
    at detectChangesInView (http://localhost:4201/@fs/Users/larry/Documents/projects/atom/job-wars/.angular/cache/21.1.3/job-wars/vite/deps/chunk-O7OAUIW2.js?v=625609af:9103:5)
    at detectChangesInViewIfAttached (http://localhost:4201/@fs/Users/larry/Documents/projects/atom/job-wars/.angular/cache/21.1.3/job-wars/vite/deps/chunk-O7OAUIW2.js?v=625609af:9086:3)
    at detectChangesInEmbeddedViews (http://localhost:4201/@fs/Users/larry/Documents/projects/atom/job-wars/.angular/cache/21.1.3/job-wars/vite/deps/chunk-O7OAUIW2.js?v=625609af:9057:7)
    at refreshView (http://localhost:4201/@fs/Users/larry/Documents/projects/atom/job-wars/.angular/cache/21.1.3/job-wars/vite/deps/chunk-O7OAUIW2.js?v=625609af:8984:5) @ http://localhost:4201/@fs/Users/larry/Documents/projects/atom/job-wars/.angular/cache/21.1.3/job-wars/vite/deps/chunk-O7OAUIW2.js?v=625609af:3163
[   76835ms] [ERROR] ERROR RuntimeError: NG0100: ExpressionChangedAfterItHasBeenCheckedError: Expression has changed after it was checked. Previous value: 'true'. Current value: 'false'. Expression location: _GameLobbyComponent component. Find more at https://v21.angular.dev/errors/NG0100
    at throwErrorIfNoChangesMode (http://localhost:4201/@fs/Users/larry/Documents/projects/atom/job-wars/.angular/cache/21.1.3/job-wars/vite/deps/chunk-O7OAUIW2.js?v=625609af:6955:9)
    at bindingUpdated (http://localhost:4201/@fs/Users/larry/Documents/projects/atom/job-wars/.angular/cache/21.1.3/job-wars/vite/deps/chunk-O7OAUIW2.js?v=625609af:11373:9)
    at ɵɵproperty (http://localhost:4201/@fs/Users/larry/Documents/projects/atom/job-wars/.angular/cache/21.1.3/job-wars/vite/deps/chunk-O7OAUIW2.js?v=625609af:17675:7)
    at GameLobbyComponent_Conditional_8_Conditional_2_Conditional_20_Template (http://localhost:4201/main.js:36375:61)
    at executeTemplate (http://localhost:4201/@fs/Users/larry/Documents/projects/atom/job-wars/.angular/cache/21.1.3/job-wars/vite/deps/chunk-O7OAUIW2.js?v=625609af:8303:5)
    at refreshView (http://localhost:4201/@fs/Users/larry/Documents/projects/atom/job-wars/.angular/cache/21.1.3/job-wars/vite/deps/chunk-O7OAUIW2.js?v=625609af:8963:7)
    at detectChangesInView (http://localhost:4201/@fs/Users/larry/Documents/projects/atom/job-wars/.angular/cache/21.1.3/job-wars/vite/deps/chunk-O7OAUIW2.js?v=625609af:9103:5)
    at detectChangesInViewIfAttached (http://localhost:4201/@fs/Users/larry/Documents/projects/atom/job-wars/.angular/cache/21.1.3/job-wars/vite/deps/chunk-O7OAUIW2.js?v=625609af:9086:3)
    at detectChangesInEmbeddedViews (http://localhost:4201/@fs/Users/larry/Documents/projects/atom/job-wars/.angular/cache/21.1.3/job-wars/vite/deps/chunk-O7OAUIW2.js?v=625609af:9057:7)
    at refreshView (http://localhost:4201/@fs/Users/larry/Documents/projects/atom/job-wars/.angular/cache/21.1.3/job-wars/vite/deps/chunk-O7OAUIW2.js?v=625609af:8984:5) @ http://localhost:4201/@fs/Users/larry/Documents/projects/atom/job-wars/.angular/cache/21.1.3/job-wars/vite/deps/chunk-O7OAUIW2.js?v=625609af:3163
[   81833ms] [ERROR] ERROR RuntimeError: NG0100: ExpressionChangedAfterItHasBeenCheckedError: Expression has changed after it was checked. Previous value: 'true'. Current value: 'false'. Expression location: _GameLobbyComponent component. Find more at https://v21.angular.dev/errors/NG0100
    at throwErrorIfNoChangesMode (http://localhost:4201/@fs/Users/larry/Documents/projects/atom/job-wars/.angular/cache/21.1.3/job-wars/vite/deps/chunk-O7OAUIW2.js?v=625609af:6955:9)
    at bindingUpdated (http://localhost:4201/@fs/Users/larry/Documents/projects/atom/job-wars/.angular/cache/21.1.3/job-wars/vite/deps/chunk-O7OAUIW2.js?v=625609af:11373:9)
    at ɵɵproperty (http://localhost:4201/@fs/Users/larry/Documents/projects/atom/job-wars/.angular/cache/21.1.3/job-wars/vite/deps/chunk-O7OAUIW2.js?v=625609af:17675:7)
    at GameLobbyComponent_Conditional_8_Conditional_2_Conditional_20_Template (http://localhost:4201/main.js:36375:61)
    at executeTemplate (http://localhost:4201/@fs/Users/larry/Documents/projects/atom/job-wars/.angular/cache/21.1.3/job-wars/vite/deps/chunk-O7OAUIW2.js?v=625609af:8303:5)
    at refreshView (http://localhost:4201/@fs/Users/larry/Documents/projects/atom/job-wars/.angular/cache/21.1.3/job-wars/vite/deps/chunk-O7OAUIW2.js?v=625609af:8963:7)
    at detectChangesInView (http://localhost:4201/@fs/Users/larry/Documents/projects/atom/job-wars/.angular/cache/21.1.3/job-wars/vite/deps/chunk-O7OAUIW2.js?v=625609af:9103:5)
    at detectChangesInViewIfAttached (http://localhost:4201/@fs/Users/larry/Documents/projects/atom/job-wars/.angular/cache/21.1.3/job-wars/vite/deps/chunk-O7OAUIW2.js?v=625609af:9086:3)
    at detectChangesInEmbeddedViews (http://localhost:4201/@fs/Users/larry/Documents/projects/atom/job-wars/.angular/cache/21.1.3/job-wars/vite/deps/chunk-O7OAUIW2.js?v=625609af:9057:7)
    at refreshView (http://localhost:4201/@fs/Users/larry/Documents/projects/atom/job-wars/.angular/cache/21.1.3/job-wars/vite/deps/chunk-O7OAUIW2.js?v=625609af:8984:5) @ http://localhost:4201/@fs/Users/larry/Documents/projects/atom/job-wars/.angular/cache/21.1.3/job-wars/vite/deps/chunk-O7OAUIW2.js?v=625609af:3163
[   86834ms] [ERROR] ERROR RuntimeError: NG0100: ExpressionChangedAfterItHasBeenCheckedError: Expression has changed after it was checked. Previous value: 'true'. Current value: 'false'. Expression location: _GameLobbyComponent component. Find more at https://v21.angular.dev/errors/NG0100
    at throwErrorIfNoChangesMode (http://localhost:4201/@fs/Users/larry/Documents/projects/atom/job-wars/.angular/cache/21.1.3/job-wars/vite/deps/chunk-O7OAUIW2.js?v=625609af:6955:9)
    at bindingUpdated (http://localhost:4201/@fs/Users/larry/Documents/projects/atom/job-wars/.angular/cache/21.1.3/job-wars/vite/deps/chunk-O7OAUIW2.js?v=625609af:11373:9)
    at ɵɵproperty (http://localhost:4201/@fs/Users/larry/Documents/projects/atom/job-wars/.angular/cache/21.1.3/job-wars/vite/deps/chunk-O7OAUIW2.js?v=625609af:17675:7)
    at GameLobbyComponent_Conditional_8_Conditional_2_Conditional_20_Template (http://localhost:4201/main.js:36375:61)
    at executeTemplate (http://localhost:4201/@fs/Users/larry/Documents/projects/atom/job-wars/.angular/cache/21.1.3/job-wars/vite/deps/chunk-O7OAUIW2.js?v=625609af:8303:5)
    at refreshView (http://localhost:4201/@fs/Users/larry/Documents/projects/atom/job-wars/.angular/cache/21.1.3/job-wars/vite/deps/chunk-O7OAUIW2.js?v=625609af:8963:7)
    at detectChangesInView (http://localhost:4201/@fs/Users/larry/Documents/projects/atom/job-wars/.angular/cache/21.1.3/job-wars/vite/deps/chunk-O7OAUIW2.js?v=625609af:9103:5)
    at detectChangesInViewIfAttached (http://localhost:4201/@fs/Users/larry/Documents/projects/atom/job-wars/.angular/cache/21.1.3/job-wars/vite/deps/chunk-O7OAUIW2.js?v=625609af:9086:3)
    at detectChangesInEmbeddedViews (http://localhost:4201/@fs/Users/larry/Documents/projects/atom/job-wars/.angular/cache/21.1.3/job-wars/vite/deps/chunk-O7OAUIW2.js?v=625609af:9057:7)
    at refreshView (http://localhost:4201/@fs/Users/larry/Documents/projects/atom/job-wars/.angular/cache/21.1.3/job-wars/vite/deps/chunk-O7OAUIW2.js?v=625609af:8984:5) @ http://localhost:4201/@fs/Users/larry/Documents/projects/atom/job-wars/.angular/cache/21.1.3/job-wars/vite/deps/chunk-O7OAUIW2.js?v=625609af:3163
[   91835ms] [ERROR] ERROR RuntimeError: NG0100: ExpressionChangedAfterItHasBeenCheckedError: Expression has changed after it was checked. Previous value: 'true'. Current value: 'false'. Expression location: _GameLobbyComponent component. Find more at https://v21.angular.dev/errors/NG0100
    at throwErrorIfNoChangesMode (http://localhost:4201/@fs/Users/larry/Documents/projects/atom/job-wars/.angular/cache/21.1.3/job-wars/vite/deps/chunk-O7OAUIW2.js?v=625609af:6955:9)
    at bindingUpdated (http://localhost:4201/@fs/Users/larry/Documents/projects/atom/job-wars/.angular/cache/21.1.3/job-wars/vite/deps/chunk-O7OAUIW2.js?v=625609af:11373:9)
    at ɵɵproperty (http://localhost:4201/@fs/Users/larry/Documents/projects/atom/job-wars/.angular/cache/21.1.3/job-wars/vite/deps/chunk-O7OAUIW2.js?v=625609af:17675:7)
    at GameLobbyComponent_Conditional_8_Conditional_2_Conditional_20_Template (http://localhost:4201/main.js:36375:61)
    at executeTemplate (http://localhost:4201/@fs/Users/larry/Documents/projects/atom/job-wars/.angular/cache/21.1.3/job-wars/vite/deps/chunk-O7OAUIW2.js?v=625609af:8303:5)
    at refreshView (http://localhost:4201/@fs/Users/larry/Documents/projects/atom/job-wars/.angular/cache/21.1.3/job-wars/vite/deps/chunk-O7OAUIW2.js?v=625609af:8963:7)
    at detectChangesInView (http://localhost:4201/@fs/Users/larry/Documents/projects/atom/job-wars/.angular/cache/21.1.3/job-wars/vite/deps/chunk-O7OAUIW2.js?v=625609af:9103:5)
    at detectChangesInViewIfAttached (http://localhost:4201/@fs/Users/larry/Documents/projects/atom/job-wars/.angular/cache/21.1.3/job-wars/vite/deps/chunk-O7OAUIW2.js?v=625609af:9086:3)
    at detectChangesInEmbeddedViews (http://localhost:4201/@fs/Users/larry/Documents/projects/atom/job-wars/.angular/cache/21.1.3/job-wars/vite/deps/chunk-O7OAUIW2.js?v=625609af:9057:7)
    at refreshView (http://localhost:4201/@fs/Users/larry/Documents/projects/atom/job-wars/.angular/cache/21.1.3/job-wars/vite/deps/chunk-O7OAUIW2.js?v=625609af:8984:5) @ http://localhost:4201/@fs/Users/larry/Documents/projects/atom/job-wars/.angular/cache/21.1.3/job-wars/vite/deps/chunk-O7OAUIW2.js?v=625609af:3163
[   96835ms] [ERROR] ERROR RuntimeError: NG0100: ExpressionChangedAfterItHasBeenCheckedError: Expression has changed after it was checked. Previous value: 'true'. Current value: 'false'. Expression location: _GameLobbyComponent component. Find more at https://v21.angular.dev/errors/NG0100
    at throwErrorIfNoChangesMode (http://localhost:4201/@fs/Users/larry/Documents/projects/atom/job-wars/.angular/cache/21.1.3/job-wars/vite/deps/chunk-O7OAUIW2.js?v=625609af:6955:9)
    at bindingUpdated (http://localhost:4201/@fs/Users/larry/Documents/projects/atom/job-wars/.angular/cache/21.1.3/job-wars/vite/deps/chunk-O7OAUIW2.js?v=625609af:11373:9)
    at ɵɵproperty (http://localhost:4201/@fs/Users/larry/Documents/projects/atom/job-wars/.angular/cache/21.1.3/job-wars/vite/deps/chunk-O7OAUIW2.js?v=625609af:17675:7)
    at GameLobbyComponent_Conditional_8_Conditional_2_Conditional_20_Template (http://localhost:4201/main.js:36375:61)
    at executeTemplate (http://localhost:4201/@fs/Users/larry/Documents/projects/atom/job-wars/.angular/cache/21.1.3/job-wars/vite/deps/chunk-O7OAUIW2.js?v=625609af:8303:5)
    at refreshView (http://localhost:4201/@fs/Users/larry/Documents/projects/atom/job-wars/.angular/cache/21.1.3/job-wars/vite/deps/chunk-O7OAUIW2.js?v=625609af:8963:7)
    at detectChangesInView (http://localhost:4201/@fs/Users/larry/Documents/projects/atom/job-wars/.angular/cache/21.1.3/job-wars/vite/deps/chunk-O7OAUIW2.js?v=625609af:9103:5)
    at detectChangesInViewIfAttached (http://localhost:4201/@fs/Users/larry/Documents/projects/atom/job-wars/.angular/cache/21.1.3/job-wars/vite/deps/chunk-O7OAUIW2.js?v=625609af:9086:3)
    at detectChangesInEmbeddedViews (http://localhost:4201/@fs/Users/larry/Documents/projects/atom/job-wars/.angular/cache/21.1.3/job-wars/vite/deps/chunk-O7OAUIW2.js?v=625609af:9057:7)
    at refreshView (http://localhost:4201/@fs/Users/larry/Documents/projects/atom/job-wars/.angular/cache/21.1.3/job-wars/vite/deps/chunk-O7OAUIW2.js?v=625609af:8984:5) @ http://localhost:4201/@fs/Users/larry/Documents/projects/atom/job-wars/.angular/cache/21.1.3/job-wars/vite/deps/chunk-O7OAUIW2.js?v=625609af:3163
[  101834ms] [ERROR] ERROR RuntimeError: NG0100: ExpressionChangedAfterItHasBeenCheckedError: Expression has changed after it was checked. Previous value: 'true'. Current value: 'false'. Expression location: _GameLobbyComponent component. Find more at https://v21.angular.dev/errors/NG0100
    at throwErrorIfNoChangesMode (http://localhost:4201/@fs/Users/larry/Documents/projects/atom/job-wars/.angular/cache/21.1.3/job-wars/vite/deps/chunk-O7OAUIW2.js?v=625609af:6955:9)
    at bindingUpdated (http://localhost:4201/@fs/Users/larry/Documents/projects/atom/job-wars/.angular/cache/21.1.3/job-wars/vite/deps/chunk-O7OAUIW2.js?v=625609af:11373:9)
    at ɵɵproperty (http://localhost:4201/@fs/Users/larry/Documents/projects/atom/job-wars/.angular/cache/21.1.3/job-wars/vite/deps/chunk-O7OAUIW2.js?v=625609af:17675:7)
    at GameLobbyComponent_Conditional_8_Conditional_2_Conditional_20_Template (http://localhost:4201/main.js:36375:61)
    at executeTemplate (http://localhost:4201/@fs/Users/larry/Documents/projects/atom/job-wars/.angular/cache/21.1.3/job-wars/vite/deps/chunk-O7OAUIW2.js?v=625609af:8303:5)
    at refreshView (http://localhost:4201/@fs/Users/larry/Documents/projects/atom/job-wars/.angular/cache/21.1.3/job-wars/vite/deps/chunk-O7OAUIW2.js?v=625609af:8963:7)
    at detectChangesInView (http://localhost:4201/@fs/Users/larry/Documents/projects/atom/job-wars/.angular/cache/21.1.3/job-wars/vite/deps/chunk-O7OAUIW2.js?v=625609af:9103:5)
    at detectChangesInViewIfAttached (http://localhost:4201/@fs/Users/larry/Documents/projects/atom/job-wars/.angular/cache/21.1.3/job-wars/vite/deps/chunk-O7OAUIW2.js?v=625609af:9086:3)
    at detectChangesInEmbeddedViews (http://localhost:4201/@fs/Users/larry/Documents/projects/atom/job-wars/.angular/cache/21.1.3/job-wars/vite/deps/chunk-O7OAUIW2.js?v=625609af:9057:7)
    at refreshView (http://localhost:4201/@fs/Users/larry/Documents/projects/atom/job-wars/.angular/cache/21.1.3/job-wars/vite/deps/chunk-O7OAUIW2.js?v=625609af:8984:5) @ http://localhost:4201/@fs/Users/larry/Documents/projects/atom/job-wars/.angular/cache/21.1.3/job-wars/vite/deps/chunk-O7OAUIW2.js?v=625609af:3163
[  106837ms] [ERROR] ERROR RuntimeError: NG0100: ExpressionChangedAfterItHasBeenCheckedError: Expression has changed after it was checked. Previous value: 'true'. Current value: 'false'. Expression location: _GameLobbyComponent component. Find more at https://v21.angular.dev/errors/NG0100
    at throwErrorIfNoChangesMode (http://localhost:4201/@fs/Users/larry/Documents/projects/atom/job-wars/.angular/cache/21.1.3/job-wars/vite/deps/chunk-O7OAUIW2.js?v=625609af:6955:9)
    at bindingUpdated (http://localhost:4201/@fs/Users/larry/Documents/projects/atom/job-wars/.angular/cache/21.1.3/job-wars/vite/deps/chunk-O7OAUIW2.js?v=625609af:11373:9)
    at ɵɵproperty (http://localhost:4201/@fs/Users/larry/Documents/projects/atom/job-wars/.angular/cache/21.1.3/job-wars/vite/deps/chunk-O7OAUIW2.js?v=625609af:17675:7)
    at GameLobbyComponent_Conditional_8_Conditional_2_Conditional_20_Template (http://localhost:4201/main.js:36375:61)
    at executeTemplate (http://localhost:4201/@fs/Users/larry/Documents/projects/atom/job-wars/.angular/cache/21.1.3/job-wars/vite/deps/chunk-O7OAUIW2.js?v=625609af:8303:5)
    at refreshView (http://localhost:4201/@fs/Users/larry/Documents/projects/atom/job-wars/.angular/cache/21.1.3/job-wars/vite/deps/chunk-O7OAUIW2.js?v=625609af:8963:7)
    at detectChangesInView (http://localhost:4201/@fs/Users/larry/Documents/projects/atom/job-wars/.angular/cache/21.1.3/job-wars/vite/deps/chunk-O7OAUIW2.js?v=625609af:9103:5)
    at detectChangesInViewIfAttached (http://localhost:4201/@fs/Users/larry/Documents/projects/atom/job-wars/.angular/cache/21.1.3/job-wars/vite/deps/chunk-O7OAUIW2.js?v=625609af:9086:3)
    at detectChangesInEmbeddedViews (http://localhost:4201/@fs/Users/larry/Documents/projects/atom/job-wars/.angular/cache/21.1.3/job-wars/vite/deps/chunk-O7OAUIW2.js?v=625609af:9057:7)
    at refreshView (http://localhost:4201/@fs/Users/larry/Documents/projects/atom/job-wars/.angular/cache/21.1.3/job-wars/vite/deps/chunk-O7OAUIW2.js?v=625609af:8984:5) @ http://localhost:4201/@fs/Users/larry/Documents/projects/atom/job-wars/.angular/cache/21.1.3/job-wars/vite/deps/chunk-O7OAUIW2.js?v=625609af:3163
[  111837ms] [ERROR] ERROR RuntimeError: NG0100: ExpressionChangedAfterItHasBeenCheckedError: Expression has changed after it was checked. Previous value: 'true'. Current value: 'false'. Expression location: _GameLobbyComponent component. Find more at https://v21.angular.dev/errors/NG0100
    at throwErrorIfNoChangesMode (http://localhost:4201/@fs/Users/larry/Documents/projects/atom/job-wars/.angular/cache/21.1.3/job-wars/vite/deps/chunk-O7OAUIW2.js?v=625609af:6955:9)
    at bindingUpdated (http://localhost:4201/@fs/Users/larry/Documents/projects/atom/job-wars/.angular/cache/21.1.3/job-wars/vite/deps/chunk-O7OAUIW2.js?v=625609af:11373:9)
    at ɵɵproperty (http://localhost:4201/@fs/Users/larry/Documents/projects/atom/job-wars/.angular/cache/21.1.3/job-wars/vite/deps/chunk-O7OAUIW2.js?v=625609af:17675:7)
    at GameLobbyComponent_Conditional_8_Conditional_2_Conditional_20_Template (http://localhost:4201/main.js:36375:61)
    at executeTemplate (http://localhost:4201/@fs/Users/larry/Documents/projects/atom/job-wars/.angular/cache/21.1.3/job-wars/vite/deps/chunk-O7OAUIW2.js?v=625609af:8303:5)
    at refreshView (http://localhost:4201/@fs/Users/larry/Documents/projects/atom/job-wars/.angular/cache/21.1.3/job-wars/vite/deps/chunk-O7OAUIW2.js?v=625609af:8963:7)
    at detectChangesInView (http://localhost:4201/@fs/Users/larry/Documents/projects/atom/job-wars/.angular/cache/21.1.3/job-wars/vite/deps/chunk-O7OAUIW2.js?v=625609af:9103:5)
    at detectChangesInViewIfAttached (http://localhost:4201/@fs/Users/larry/Documents/projects/atom/job-wars/.angular/cache/21.1.3/job-wars/vite/deps/chunk-O7OAUIW2.js?v=625609af:9086:3)
    at detectChangesInEmbeddedViews (http://localhost:4201/@fs/Users/larry/Documents/projects/atom/job-wars/.angular/cache/21.1.3/job-wars/vite/deps/chunk-O7OAUIW2.js?v=625609af:9057:7)
    at refreshView (http://localhost:4201/@fs/Users/larry/Documents/projects/atom/job-wars/.angular/cache/21.1.3/job-wars/vite/deps/chunk-O7OAUIW2.js?v=625609af:8984:5) @ http://localhost:4201/@fs/Users/larry/Documents/projects/atom/job-wars/.angular/cache/21.1.3/job-wars/vite/deps/chunk-O7OAUIW2.js?v=625609af:3163
[  116835ms] [ERROR] ERROR RuntimeError: NG0100: ExpressionChangedAfterItHasBeenCheckedError: Expression has changed after it was checked. Previous value: 'true'. Current value: 'false'. Expression location: _GameLobbyComponent component. Find more at https://v21.angular.dev/errors/NG0100
    at throwErrorIfNoChangesMode (http://localhost:4201/@fs/Users/larry/Documents/projects/atom/job-wars/.angular/cache/21.1.3/job-wars/vite/deps/chunk-O7OAUIW2.js?v=625609af:6955:9)
    at bindingUpdated (http://localhost:4201/@fs/Users/larry/Documents/projects/atom/job-wars/.angular/cache/21.1.3/job-wars/vite/deps/chunk-O7OAUIW2.js?v=625609af:11373:9)
    at ɵɵproperty (http://localhost:4201/@fs/Users/larry/Documents/projects/atom/job-wars/.angular/cache/21.1.3/job-wars/vite/deps/chunk-O7OAUIW2.js?v=625609af:17675:7)
    at GameLobbyComponent_Conditional_8_Conditional_2_Conditional_20_Template (http://localhost:4201/main.js:36375:61)
    at executeTemplate (http://localhost:4201/@fs/Users/larry/Documents/projects/atom/job-wars/.angular/cache/21.1.3/job-wars/vite/deps/chunk-O7OAUIW2.js?v=625609af:8303:5)
    at refreshView (http://localhost:4201/@fs/Users/larry/Documents/projects/atom/job-wars/.angular/cache/21.1.3/job-wars/vite/deps/chunk-O7OAUIW2.js?v=625609af:8963:7)
    at detectChangesInView (http://localhost:4201/@fs/Users/larry/Documents/projects/atom/job-wars/.angular/cache/21.1.3/job-wars/vite/deps/chunk-O7OAUIW2.js?v=625609af:9103:5)
    at detectChangesInViewIfAttached (http://localhost:4201/@fs/Users/larry/Documents/projects/atom/job-wars/.angular/cache/21.1.3/job-wars/vite/deps/chunk-O7OAUIW2.js?v=625609af:9086:3)
    at detectChangesInEmbeddedViews (http://localhost:4201/@fs/Users/larry/Documents/projects/atom/job-wars/.angular/cache/21.1.3/job-wars/vite/deps/chunk-O7OAUIW2.js?v=625609af:9057:7)
    at refreshView (http://localhost:4201/@fs/Users/larry/Documents/projects/atom/job-wars/.angular/cache/21.1.3/job-wars/vite/deps/chunk-O7OAUIW2.js?v=625609af:8984:5) @ http://localhost:4201/@fs/Users/larry/Documents/projects/atom/job-wars/.angular/cache/21.1.3/job-wars/vite/deps/chunk-O7OAUIW2.js?v=625609af:3163
[  121842ms] [ERROR] ERROR RuntimeError: NG0100: ExpressionChangedAfterItHasBeenCheckedError: Expression has changed after it was checked. Previous value: 'true'. Current value: 'false'. Expression location: _GameLobbyComponent component. Find more at https://v21.angular.dev/errors/NG0100
    at throwErrorIfNoChangesMode (http://localhost:4201/@fs/Users/larry/Documents/projects/atom/job-wars/.angular/cache/21.1.3/job-wars/vite/deps/chunk-O7OAUIW2.js?v=625609af:6955:9)
    at bindingUpdated (http://localhost:4201/@fs/Users/larry/Documents/projects/atom/job-wars/.angular/cache/21.1.3/job-wars/vite/deps/chunk-O7OAUIW2.js?v=625609af:11373:9)
    at ɵɵproperty (http://localhost:4201/@fs/Users/larry/Documents/projects/atom/job-wars/.angular/cache/21.1.3/job-wars/vite/deps/chunk-O7OAUIW2.js?v=625609af:17675:7)
    at GameLobbyComponent_Conditional_8_Conditional_2_Conditional_20_Template (http://localhost:4201/main.js:36375:61)
    at executeTemplate (http://localhost:4201/@fs/Users/larry/Documents/projects/atom/job-wars/.angular/cache/21.1.3/job-wars/vite/deps/chunk-O7OAUIW2.js?v=625609af:8303:5)
    at refreshView (http://localhost:4201/@fs/Users/larry/Documents/projects/atom/job-wars/.angular/cache/21.1.3/job-wars/vite/deps/chunk-O7OAUIW2.js?v=625609af:8963:7)
    at detectChangesInView (http://localhost:4201/@fs/Users/larry/Documents/projects/atom/job-wars/.angular/cache/21.1.3/job-wars/vite/deps/chunk-O7OAUIW2.js?v=625609af:9103:5)
    at detectChangesInViewIfAttached (http://localhost:4201/@fs/Users/larry/Documents/projects/atom/job-wars/.angular/cache/21.1.3/job-wars/vite/deps/chunk-O7OAUIW2.js?v=625609af:9086:3)
    at detectChangesInEmbeddedViews (http://localhost:4201/@fs/Users/larry/Documents/projects/atom/job-wars/.angular/cache/21.1.3/job-wars/vite/deps/chunk-O7OAUIW2.js?v=625609af:9057:7)
    at refreshView (http://localhost:4201/@fs/Users/larry/Documents/projects/atom/job-wars/.angular/cache/21.1.3/job-wars/vite/deps/chunk-O7OAUIW2.js?v=625609af:8984:5) @ http://localhost:4201/@fs/Users/larry/Documents/projects/atom/job-wars/.angular/cache/21.1.3/job-wars/vite/deps/chunk-O7OAUIW2.js?v=625609af:3163
[  126833ms] [ERROR] ERROR RuntimeError: NG0100: ExpressionChangedAfterItHasBeenCheckedError: Expression has changed after it was checked. Previous value: 'true'. Current value: 'false'. Expression location: _GameLobbyComponent component. Find more at https://v21.angular.dev/errors/NG0100
    at throwErrorIfNoChangesMode (http://localhost:4201/@fs/Users/larry/Documents/projects/atom/job-wars/.angular/cache/21.1.3/job-wars/vite/deps/chunk-O7OAUIW2.js?v=625609af:6955:9)
    at bindingUpdated (http://localhost:4201/@fs/Users/larry/Documents/projects/atom/job-wars/.angular/cache/21.1.3/job-wars/vite/deps/chunk-O7OAUIW2.js?v=625609af:11373:9)
    at ɵɵproperty (http://localhost:4201/@fs/Users/larry/Documents/projects/atom/job-wars/.angular/cache/21.1.3/job-wars/vite/deps/chunk-O7OAUIW2.js?v=625609af:17675:7)
    at GameLobbyComponent_Conditional_8_Conditional_2_Conditional_20_Template (http://localhost:4201/main.js:36375:61)
    at executeTemplate (http://localhost:4201/@fs/Users/larry/Documents/projects/atom/job-wars/.angular/cache/21.1.3/job-wars/vite/deps/chunk-O7OAUIW2.js?v=625609af:8303:5)
    at refreshView (http://localhost:4201/@fs/Users/larry/Documents/projects/atom/job-wars/.angular/cache/21.1.3/job-wars/vite/deps/chunk-O7OAUIW2.js?v=625609af:8963:7)
    at detectChangesInView (http://localhost:4201/@fs/Users/larry/Documents/projects/atom/job-wars/.angular/cache/21.1.3/job-wars/vite/deps/chunk-O7OAUIW2.js?v=625609af:9103:5)
    at detectChangesInViewIfAttached (http://localhost:4201/@fs/Users/larry/Documents/projects/atom/job-wars/.angular/cache/21.1.3/job-wars/vite/deps/chunk-O7OAUIW2.js?v=625609af:9086:3)
    at detectChangesInEmbeddedViews (http://localhost:4201/@fs/Users/larry/Documents/projects/atom/job-wars/.angular/cache/21.1.3/job-wars/vite/deps/chunk-O7OAUIW2.js?v=625609af:9057:7)
    at refreshView (http://localhost:4201/@fs/Users/larry/Documents/projects/atom/job-wars/.angular/cache/21.1.3/job-wars/vite/deps/chunk-O7OAUIW2.js?v=625609af:8984:5) @ http://localhost:4201/@fs/Users/larry/Documents/projects/atom/job-wars/.angular/cache/21.1.3/job-wars/vite/deps/chunk-O7OAUIW2.js?v=625609af:3163
[  131839ms] [ERROR] ERROR RuntimeError: NG0100: ExpressionChangedAfterItHasBeenCheckedError: Expression has changed after it was checked. Previous value: 'true'. Current value: 'false'. Expression location: _GameLobbyComponent component. Find more at https://v21.angular.dev/errors/NG0100
    at throwErrorIfNoChangesMode (http://localhost:4201/@fs/Users/larry/Documents/projects/atom/job-wars/.angular/cache/21.1.3/job-wars/vite/deps/chunk-O7OAUIW2.js?v=625609af:6955:9)
    at bindingUpdated (http://localhost:4201/@fs/Users/larry/Documents/projects/atom/job-wars/.angular/cache/21.1.3/job-wars/vite/deps/chunk-O7OAUIW2.js?v=625609af:11373:9)
    at ɵɵproperty (http://localhost:4201/@fs/Users/larry/Documents/projects/atom/job-wars/.angular/cache/21.1.3/job-wars/vite/deps/chunk-O7OAUIW2.js?v=625609af:17675:7)
    at GameLobbyComponent_Conditional_8_Conditional_2_Conditional_20_Template (http://localhost:4201/main.js:36375:61)
    at executeTemplate (http://localhost:4201/@fs/Users/larry/Documents/projects/atom/job-wars/.angular/cache/21.1.3/job-wars/vite/deps/chunk-O7OAUIW2.js?v=625609af:8303:5)
    at refreshView (http://localhost:4201/@fs/Users/larry/Documents/projects/atom/job-wars/.angular/cache/21.1.3/job-wars/vite/deps/chunk-O7OAUIW2.js?v=625609af:8963:7)
    at detectChangesInView (http://localhost:4201/@fs/Users/larry/Documents/projects/atom/job-wars/.angular/cache/21.1.3/job-wars/vite/deps/chunk-O7OAUIW2.js?v=625609af:9103:5)
    at detectChangesInViewIfAttached (http://localhost:4201/@fs/Users/larry/Documents/projects/atom/job-wars/.angular/cache/21.1.3/job-wars/vite/deps/chunk-O7OAUIW2.js?v=625609af:9086:3)
    at detectChangesInEmbeddedViews (http://localhost:4201/@fs/Users/larry/Documents/projects/atom/job-wars/.angular/cache/21.1.3/job-wars/vite/deps/chunk-O7OAUIW2.js?v=625609af:9057:7)
    at refreshView (http://localhost:4201/@fs/Users/larry/Documents/projects/atom/job-wars/.angular/cache/21.1.3/job-wars/vite/deps/chunk-O7OAUIW2.js?v=625609af:8984:5) @ http://localhost:4201/@fs/Users/larry/Documents/projects/atom/job-wars/.angular/cache/21.1.3/job-wars/vite/deps/chunk-O7OAUIW2.js?v=625609af:3163
[  136838ms] [ERROR] ERROR RuntimeError: NG0100: ExpressionChangedAfterItHasBeenCheckedError: Expression has changed after it was checked. Previous value: 'true'. Current value: 'false'. Expression location: _GameLobbyComponent component. Find more at https://v21.angular.dev/errors/NG0100
    at throwErrorIfNoChangesMode (http://localhost:4201/@fs/Users/larry/Documents/projects/atom/job-wars/.angular/cache/21.1.3/job-wars/vite/deps/chunk-O7OAUIW2.js?v=625609af:6955:9)
    at bindingUpdated (http://localhost:4201/@fs/Users/larry/Documents/projects/atom/job-wars/.angular/cache/21.1.3/job-wars/vite/deps/chunk-O7OAUIW2.js?v=625609af:11373:9)
    at ɵɵproperty (http://localhost:4201/@fs/Users/larry/Documents/projects/atom/job-wars/.angular/cache/21.1.3/job-wars/vite/deps/chunk-O7OAUIW2.js?v=625609af:17675:7)
    at GameLobbyComponent_Conditional_8_Conditional_2_Conditional_20_Template (http://localhost:4201/main.js:36375:61)
    at executeTemplate (http://localhost:4201/@fs/Users/larry/Documents/projects/atom/job-wars/.angular/cache/21.1.3/job-wars/vite/deps/chunk-O7OAUIW2.js?v=625609af:8303:5)
    at refreshView (http://localhost:4201/@fs/Users/larry/Documents/projects/atom/job-wars/.angular/cache/21.1.3/job-wars/vite/deps/chunk-O7OAUIW2.js?v=625609af:8963:7)
    at detectChangesInView (http://localhost:4201/@fs/Users/larry/Documents/projects/atom/job-wars/.angular/cache/21.1.3/job-wars/vite/deps/chunk-O7OAUIW2.js?v=625609af:9103:5)
    at detectChangesInViewIfAttached (http://localhost:4201/@fs/Users/larry/Documents/projects/atom/job-wars/.angular/cache/21.1.3/job-wars/vite/deps/chunk-O7OAUIW2.js?v=625609af:9086:3)
    at detectChangesInEmbeddedViews (http://localhost:4201/@fs/Users/larry/Documents/projects/atom/job-wars/.angular/cache/21.1.3/job-wars/vite/deps/chunk-O7OAUIW2.js?v=625609af:9057:7)
    at refreshView (http://localhost:4201/@fs/Users/larry/Documents/projects/atom/job-wars/.angular/cache/21.1.3/job-wars/vite/deps/chunk-O7OAUIW2.js?v=625609af:8984:5) @ http://localhost:4201/@fs/Users/larry/Documents/projects/atom/job-wars/.angular/cache/21.1.3/job-wars/vite/deps/chunk-O7OAUIW2.js?v=625609af:3163
[  141834ms] [ERROR] ERROR RuntimeError: NG0100: ExpressionChangedAfterItHasBeenCheckedError: Expression has changed after it was checked. Previous value: 'true'. Current value: 'false'. Expression location: _GameLobbyComponent component. Find more at https://v21.angular.dev/errors/NG0100
    at throwErrorIfNoChangesMode (http://localhost:4201/@fs/Users/larry/Documents/projects/atom/job-wars/.angular/cache/21.1.3/job-wars/vite/deps/chunk-O7OAUIW2.js?v=625609af:6955:9)
    at bindingUpdated (http://localhost:4201/@fs/Users/larry/Documents/projects/atom/job-wars/.angular/cache/21.1.3/job-wars/vite/deps/chunk-O7OAUIW2.js?v=625609af:11373:9)
    at ɵɵproperty (http://localhost:4201/@fs/Users/larry/Documents/projects/atom/job-wars/.angular/cache/21.1.3/job-wars/vite/deps/chunk-O7OAUIW2.js?v=625609af:17675:7)
    at GameLobbyComponent_Conditional_8_Conditional_2_Conditional_20_Template (http://localhost:4201/main.js:36375:61)
    at executeTemplate (http://localhost:4201/@fs/Users/larry/Documents/projects/atom/job-wars/.angular/cache/21.1.3/job-wars/vite/deps/chunk-O7OAUIW2.js?v=625609af:8303:5)
    at refreshView (http://localhost:4201/@fs/Users/larry/Documents/projects/atom/job-wars/.angular/cache/21.1.3/job-wars/vite/deps/chunk-O7OAUIW2.js?v=625609af:8963:7)
    at detectChangesInView (http://localhost:4201/@fs/Users/larry/Documents/projects/atom/job-wars/.angular/cache/21.1.3/job-wars/vite/deps/chunk-O7OAUIW2.js?v=625609af:9103:5)
    at detectChangesInViewIfAttached (http://localhost:4201/@fs/Users/larry/Documents/projects/atom/job-wars/.angular/cache/21.1.3/job-wars/vite/deps/chunk-O7OAUIW2.js?v=625609af:9086:3)
    at detectChangesInEmbeddedViews (http://localhost:4201/@fs/Users/larry/Documents/projects/atom/job-wars/.angular/cache/21.1.3/job-wars/vite/deps/chunk-O7OAUIW2.js?v=625609af:9057:7)
    at refreshView (http://localhost:4201/@fs/Users/larry/Documents/projects/atom/job-wars/.angular/cache/21.1.3/job-wars/vite/deps/chunk-O7OAUIW2.js?v=625609af:8984:5) @ http://localhost:4201/@fs/Users/larry/Documents/projects/atom/job-wars/.angular/cache/21.1.3/job-wars/vite/deps/chunk-O7OAUIW2.js?v=625609af:3163
