[    9326ms] [ERROR] ERROR RuntimeError: NG0100: ExpressionChangedAfterItHasBeenCheckedError: Expression has changed after it was checked. Previous value: 'false'. Current value: 'true'. Expression location: _GameLobbyComponent component. Find more at https://v21.angular.dev/errors/NG0100
    at throwErrorIfNoChangesMode (http://localhost:4201/@fs/Users/larry/Documents/projects/atom/job-wars/.angular/cache/21.1.3/job-wars/vite/deps/chunk-O7OAUIW2.js?v=625609af:6955:9)
    at bindingUpdated (http://localhost:4201/@fs/Users/larry/Documents/projects/atom/job-wars/.angular/cache/21.1.3/job-wars/vite/deps/chunk-O7OAUIW2.js?v=625609af:11373:9)
    at ɵɵproperty (http://localhost:4201/@fs/Users/larry/Documents/projects/atom/job-wars/.angular/cache/21.1.3/job-wars/vite/deps/chunk-O7OAUIW2.js?v=625609af:17675:7)
    at GameLobbyComponent_Conditional_8_Conditional_2_Conditional_20_Template (http://localhost:4201/main.js:36375:61)
    at executeTemplate (http://localhost:4201/@fs/Users/larry/Documents/projects/atom/job-wars/.angular/cache/21.1.3/job-wars/vite/deps/chunk-O7OAUIW2.js?v=625609af:8303:5)
    at refreshView (http://localhost:4201/@fs/Users/larry/Documents/projects/atom/job-wars/.angular/cache/21.1.3/job-wars/vite/deps/chunk-O7OAUIW2.js?v=625609af:8963:7)
    at detectChangesInView (http://localhost:4201/@fs/Users/larry/Documents/projects/atom/job-wars/.angular/cache/21.1.3/job-wars/vite/deps/chunk-O7OAUIW2.js?v=625609af:9103:5)
    at detectChangesInViewIfAttached (http://localhost:4201/@fs/Users/larry/Documents/projects/atom/job-wars/.angular/cache/21.1.3/job-wars/vite/deps/chunk-O7OAUIW2.js?v=625609af:9086:3)
    at detectChangesInEmbeddedViews (http://localhost:4201/@fs/Users/larry/Documents/projects/atom/job-wars/.angular/cache/21.1.3/job-wars/vite/deps/chunk-O7OAUIW2.js?v=625609af:9057:7)
    at refreshView (http://localhost:4201/@fs/Users/larry/Documents/projects/atom/job-wars/.angular/cache/21.1.3/job-wars/vite/deps/chunk-O7OAUIW2.js?v=625609af:8984:5) @ http://localhost:4201/@fs/Users/larry/Documents/projects/atom/job-wars/.angular/cache/21.1.3/job-wars/vite/deps/chunk-O7OAUIW2.js?v=625609af:3163
[   14325ms] [ERROR] ERROR RuntimeError: NG0100: ExpressionChangedAfterItHasBeenCheckedError: Expression has changed after it was checked. Previous value: 'false'. Current value: 'true'. Expression location: _GameLobbyComponent component. Find more at https://v21.angular.dev/errors/NG0100
    at throwErrorIfNoChangesMode (http://localhost:4201/@fs/Users/larry/Documents/projects/atom/job-wars/.angular/cache/21.1.3/job-wars/vite/deps/chunk-O7OAUIW2.js?v=625609af:6955:9)
    at bindingUpdated (http://localhost:4201/@fs/Users/larry/Documents/projects/atom/job-wars/.angular/cache/21.1.3/job-wars/vite/deps/chunk-O7OAUIW2.js?v=625609af:11373:9)
    at ɵɵproperty (http://localhost:4201/@fs/Users/larry/Documents/projects/atom/job-wars/.angular/cache/21.1.3/job-wars/vite/deps/chunk-O7OAUIW2.js?v=625609af:17675:7)
    at GameLobbyComponent_Conditional_8_Conditional_2_Conditional_20_Template (http://localhost:4201/main.js:36375:61)
    at executeTemplate (http://localhost:4201/@fs/Users/larry/Documents/projects/atom/job-wars/.angular/cache/21.1.3/job-wars/vite/deps/chunk-O7OAUIW2.js?v=625609af:8303:5)
    at refreshView (http://localhost:4201/@fs/Users/larry/Documents/projects/atom/job-wars/.angular/cache/21.1.3/job-wars/vite/deps/chunk-O7OAUIW2.js?v=625609af:8963:7)
    at detectChangesInView (http://localhost:4201/@fs/Users/larry/Documents/projects/atom/job-wars/.angular/cache/21.1.3/job-wars/vite/deps/chunk-O7OAUIW2.js?v=625609af:9103:5)
    at detectChangesInViewIfAttached (http://localhost:4201/@fs/Users/larry/Documents/projects/atom/job-wars/.angular/cache/21.1.3/job-wars/vite/deps/chunk-O7OAUIW2.js?v=625609af:9086:3)
    at detectChangesInEmbeddedViews (http://localhost:4201/@fs/Users/larry/Documents/projects/atom/job-wars/.angular/cache/21.1.3/job-wars/vite/deps/chunk-O7OAUIW2.js?v=625609af:9057:7)
    at refreshView (http://localhost:4201/@fs/Users/larry/Documents/projects/atom/job-wars/.angular/cache/21.1.3/job-wars/vite/deps/chunk-O7OAUIW2.js?v=625609af:8984:5) @ http://localhost:4201/@fs/Users/larry/Documents/projects/atom/job-wars/.angular/cache/21.1.3/job-wars/vite/deps/chunk-O7OAUIW2.js?v=625609af:3163
[   19321ms] [ERROR] ERROR RuntimeError: NG0100: ExpressionChangedAfterItHasBeenCheckedError: Expression has changed after it was checked. Previous value: 'false'. Current value: 'true'. Expression location: _GameLobbyComponent component. Find more at https://v21.angular.dev/errors/NG0100
    at throwErrorIfNoChangesMode (http://localhost:4201/@fs/Users/larry/Documents/projects/atom/job-wars/.angular/cache/21.1.3/job-wars/vite/deps/chunk-O7OAUIW2.js?v=625609af:6955:9)
    at bindingUpdated (http://localhost:4201/@fs/Users/larry/Documents/projects/atom/job-wars/.angular/cache/21.1.3/job-wars/vite/deps/chunk-O7OAUIW2.js?v=625609af:11373:9)
    at ɵɵproperty (http://localhost:4201/@fs/Users/larry/Documents/projects/atom/job-wars/.angular/cache/21.1.3/job-wars/vite/deps/chunk-O7OAUIW2.js?v=625609af:17675:7)
    at GameLobbyComponent_Conditional_8_Conditional_2_Conditional_20_Template (http://localhost:4201/main.js:36375:61)
    at executeTemplate (http://localhost:4201/@fs/Users/larry/Documents/projects/atom/job-wars/.angular/cache/21.1.3/job-wars/vite/deps/chunk-O7OAUIW2.js?v=625609af:8303:5)
    at refreshView (http://localhost:4201/@fs/Users/larry/Documents/projects/atom/job-wars/.angular/cache/21.1.3/job-wars/vite/deps/chunk-O7OAUIW2.js?v=625609af:8963:7)
    at detectChangesInView (http://localhost:4201/@fs/Users/larry/Documents/projects/atom/job-wars/.angular/cache/21.1.3/job-wars/vite/deps/chunk-O7OAUIW2.js?v=625609af:9103:5)
    at detectChangesInViewIfAttached (http://localhost:4201/@fs/Users/larry/Documents/projects/atom/job-wars/.angular/cache/21.1.3/job-wars/vite/deps/chunk-O7OAUIW2.js?v=625609af:9086:3)
    at detectChangesInEmbeddedViews (http://localhost:4201/@fs/Users/larry/Documents/projects/atom/job-wars/.angular/cache/21.1.3/job-wars/vite/deps/chunk-O7OAUIW2.js?v=625609af:9057:7)
    at refreshView (http://localhost:4201/@fs/Users/larry/Documents/projects/atom/job-wars/.angular/cache/21.1.3/job-wars/vite/deps/chunk-O7OAUIW2.js?v=625609af:8984:5) @ http://localhost:4201/@fs/Users/larry/Documents/projects/atom/job-wars/.angular/cache/21.1.3/job-wars/vite/deps/chunk-O7OAUIW2.js?v=625609af:3163
[   24320ms] [ERROR] ERROR RuntimeError: NG0100: ExpressionChangedAfterItHasBeenCheckedError: Expression has changed after it was checked. Previous value: 'false'. Current value: 'true'. Expression location: _GameLobbyComponent component. Find more at https://v21.angular.dev/errors/NG0100
    at throwErrorIfNoChangesMode (http://localhost:4201/@fs/Users/larry/Documents/projects/atom/job-wars/.angular/cache/21.1.3/job-wars/vite/deps/chunk-O7OAUIW2.js?v=625609af:6955:9)
    at bindingUpdated (http://localhost:4201/@fs/Users/larry/Documents/projects/atom/job-wars/.angular/cache/21.1.3/job-wars/vite/deps/chunk-O7OAUIW2.js?v=625609af:11373:9)
    at ɵɵproperty (http://localhost:4201/@fs/Users/larry/Documents/projects/atom/job-wars/.angular/cache/21.1.3/job-wars/vite/deps/chunk-O7OAUIW2.js?v=625609af:17675:7)
    at GameLobbyComponent_Conditional_8_Conditional_2_Conditional_20_Template (http://localhost:4201/main.js:36375:61)
    at executeTemplate (http://localhost:4201/@fs/Users/larry/Documents/projects/atom/job-wars/.angular/cache/21.1.3/job-wars/vite/deps/chunk-O7OAUIW2.js?v=625609af:8303:5)
    at refreshView (http://localhost:4201/@fs/Users/larry/Documents/projects/atom/job-wars/.angular/cache/21.1.3/job-wars/vite/deps/chunk-O7OAUIW2.js?v=625609af:8963:7)
    at detectChangesInView (http://localhost:4201/@fs/Users/larry/Documents/projects/atom/job-wars/.angular/cache/21.1.3/job-wars/vite/deps/chunk-O7OAUIW2.js?v=625609af:9103:5)
    at detectChangesInViewIfAttached (http://localhost:4201/@fs/Users/larry/Documents/projects/atom/job-wars/.angular/cache/21.1.3/job-wars/vite/deps/chunk-O7OAUIW2.js?v=625609af:9086:3)
    at detectChangesInEmbeddedViews (http://localhost:4201/@fs/Users/larry/Documents/projects/atom/job-wars/.angular/cache/21.1.3/job-wars/vite/deps/chunk-O7OAUIW2.js?v=625609af:9057:7)
    at refreshView (http://localhost:4201/@fs/Users/larry/Documents/projects/atom/job-wars/.angular/cache/21.1.3/job-wars/vite/deps/chunk-O7OAUIW2.js?v=625609af:8984:5) @ http://localhost:4201/@fs/Users/larry/Documents/projects/atom/job-wars/.angular/cache/21.1.3/job-wars/vite/deps/chunk-O7OAUIW2.js?v=625609af:3163
[   29321ms] [ERROR] ERROR RuntimeError: NG0100: ExpressionChangedAfterItHasBeenCheckedError: Expression has changed after it was checked. Previous value: 'false'. Current value: 'true'. Expression location: _GameLobbyComponent component. Find more at https://v21.angular.dev/errors/NG0100
    at throwErrorIfNoChangesMode (http://localhost:4201/@fs/Users/larry/Documents/projects/atom/job-wars/.angular/cache/21.1.3/job-wars/vite/deps/chunk-O7OAUIW2.js?v=625609af:6955:9)
    at bindingUpdated (http://localhost:4201/@fs/Users/larry/Documents/projects/atom/job-wars/.angular/cache/21.1.3/job-wars/vite/deps/chunk-O7OAUIW2.js?v=625609af:11373:9)
    at ɵɵproperty (http://localhost:4201/@fs/Users/larry/Documents/projects/atom/job-wars/.angular/cache/21.1.3/job-wars/vite/deps/chunk-O7OAUIW2.js?v=625609af:17675:7)
    at GameLobbyComponent_Conditional_8_Conditional_2_Conditional_20_Template (http://localhost:4201/main.js:36375:61)
    at executeTemplate (http://localhost:4201/@fs/Users/larry/Documents/projects/atom/job-wars/.angular/cache/21.1.3/job-wars/vite/deps/chunk-O7OAUIW2.js?v=625609af:8303:5)
    at refreshView (http://localhost:4201/@fs/Users/larry/Documents/projects/atom/job-wars/.angular/cache/21.1.3/job-wars/vite/deps/chunk-O7OAUIW2.js?v=625609af:8963:7)
    at detectChangesInView (http://localhost:4201/@fs/Users/larry/Documents/projects/atom/job-wars/.angular/cache/21.1.3/job-wars/vite/deps/chunk-O7OAUIW2.js?v=625609af:9103:5)
    at detectChangesInViewIfAttached (http://localhost:4201/@fs/Users/larry/Documents/projects/atom/job-wars/.angular/cache/21.1.3/job-wars/vite/deps/chunk-O7OAUIW2.js?v=625609af:9086:3)
    at detectChangesInEmbeddedViews (http://localhost:4201/@fs/Users/larry/Documents/projects/atom/job-wars/.angular/cache/21.1.3/job-wars/vite/deps/chunk-O7OAUIW2.js?v=625609af:9057:7)
    at refreshView (http://localhost:4201/@fs/Users/larry/Documents/projects/atom/job-wars/.angular/cache/21.1.3/job-wars/vite/deps/chunk-O7OAUIW2.js?v=625609af:8984:5) @ http://localhost:4201/@fs/Users/larry/Documents/projects/atom/job-wars/.angular/cache/21.1.3/job-wars/vite/deps/chunk-O7OAUIW2.js?v=625609af:3163
[   34321ms] [ERROR] ERROR RuntimeError: NG0100: ExpressionChangedAfterItHasBeenCheckedError: Expression has changed after it was checked. Previous value: 'false'. Current value: 'true'. Expression location: _GameLobbyComponent component. Find more at https://v21.angular.dev/errors/NG0100
    at throwErrorIfNoChangesMode (http://localhost:4201/@fs/Users/larry/Documents/projects/atom/job-wars/.angular/cache/21.1.3/job-wars/vite/deps/chunk-O7OAUIW2.js?v=625609af:6955:9)
    at bindingUpdated (http://localhost:4201/@fs/Users/larry/Documents/projects/atom/job-wars/.angular/cache/21.1.3/job-wars/vite/deps/chunk-O7OAUIW2.js?v=625609af:11373:9)
    at ɵɵproperty (http://localhost:4201/@fs/Users/larry/Documents/projects/atom/job-wars/.angular/cache/21.1.3/job-wars/vite/deps/chunk-O7OAUIW2.js?v=625609af:17675:7)
    at GameLobbyComponent_Conditional_8_Conditional_2_Conditional_20_Template (http://localhost:4201/main.js:36375:61)
    at executeTemplate (http://localhost:4201/@fs/Users/larry/Documents/projects/atom/job-wars/.angular/cache/21.1.3/job-wars/vite/deps/chunk-O7OAUIW2.js?v=625609af:8303:5)
    at refreshView (http://localhost:4201/@fs/Users/larry/Documents/projects/atom/job-wars/.angular/cache/21.1.3/job-wars/vite/deps/chunk-O7OAUIW2.js?v=625609af:8963:7)
    at detectChangesInView (http://localhost:4201/@fs/Users/larry/Documents/projects/atom/job-wars/.angular/cache/21.1.3/job-wars/vite/deps/chunk-O7OAUIW2.js?v=625609af:9103:5)
    at detectChangesInViewIfAttached (http://localhost:4201/@fs/Users/larry/Documents/projects/atom/job-wars/.angular/cache/21.1.3/job-wars/vite/deps/chunk-O7OAUIW2.js?v=625609af:9086:3)
    at detectChangesInEmbeddedViews (http://localhost:4201/@fs/Users/larry/Documents/projects/atom/job-wars/.angular/cache/21.1.3/job-wars/vite/deps/chunk-O7OAUIW2.js?v=625609af:9057:7)
    at refreshView (http://localhost:4201/@fs/Users/larry/Documents/projects/atom/job-wars/.angular/cache/21.1.3/job-wars/vite/deps/chunk-O7OAUIW2.js?v=625609af:8984:5) @ http://localhost:4201/@fs/Users/larry/Documents/projects/atom/job-wars/.angular/cache/21.1.3/job-wars/vite/deps/chunk-O7OAUIW2.js?v=625609af:3163
[   44324ms] [ERROR] ERROR RuntimeError: NG0100: ExpressionChangedAfterItHasBeenCheckedError: Expression has changed after it was checked. Previous value: 'false'. Current value: 'true'. Expression location: _GameLobbyComponent component. Find more at https://v21.angular.dev/errors/NG0100
    at throwErrorIfNoChangesMode (http://localhost:4201/@fs/Users/larry/Documents/projects/atom/job-wars/.angular/cache/21.1.3/job-wars/vite/deps/chunk-O7OAUIW2.js?v=625609af:6955:9)
    at bindingUpdated (http://localhost:4201/@fs/Users/larry/Documents/projects/atom/job-wars/.angular/cache/21.1.3/job-wars/vite/deps/chunk-O7OAUIW2.js?v=625609af:11373:9)
    at ɵɵproperty (http://localhost:4201/@fs/Users/larry/Documents/projects/atom/job-wars/.angular/cache/21.1.3/job-wars/vite/deps/chunk-O7OAUIW2.js?v=625609af:17675:7)
    at GameLobbyComponent_Conditional_8_Conditional_2_Conditional_20_Template (http://localhost:4201/main.js:36375:61)
    at executeTemplate (http://localhost:4201/@fs/Users/larry/Documents/projects/atom/job-wars/.angular/cache/21.1.3/job-wars/vite/deps/chunk-O7OAUIW2.js?v=625609af:8303:5)
    at refreshView (http://localhost:4201/@fs/Users/larry/Documents/projects/atom/job-wars/.angular/cache/21.1.3/job-wars/vite/deps/chunk-O7OAUIW2.js?v=625609af:8963:7)
    at detectChangesInView (http://localhost:4201/@fs/Users/larry/Documents/projects/atom/job-wars/.angular/cache/21.1.3/job-wars/vite/deps/chunk-O7OAUIW2.js?v=625609af:9103:5)
    at detectChangesInViewIfAttached (http://localhost:4201/@fs/Users/larry/Documents/projects/atom/job-wars/.angular/cache/21.1.3/job-wars/vite/deps/chunk-O7OAUIW2.js?v=625609af:9086:3)
    at detectChangesInEmbeddedViews (http://localhost:4201/@fs/Users/larry/Documents/projects/atom/job-wars/.angular/cache/21.1.3/job-wars/vite/deps/chunk-O7OAUIW2.js?v=625609af:9057:7)
    at refreshView (http://localhost:4201/@fs/Users/larry/Documents/projects/atom/job-wars/.angular/cache/21.1.3/job-wars/vite/deps/chunk-O7OAUIW2.js?v=625609af:8984:5) @ http://localhost:4201/@fs/Users/larry/Documents/projects/atom/job-wars/.angular/cache/21.1.3/job-wars/vite/deps/chunk-O7OAUIW2.js?v=625609af:3163
[   49323ms] [ERROR] ERROR RuntimeError: NG0100: ExpressionChangedAfterItHasBeenCheckedError: Expression has changed after it was checked. Previous value: 'false'. Current value: 'true'. Expression location: _GameLobbyComponent component. Find more at https://v21.angular.dev/errors/NG0100
    at throwErrorIfNoChangesMode (http://localhost:4201/@fs/Users/larry/Documents/projects/atom/job-wars/.angular/cache/21.1.3/job-wars/vite/deps/chunk-O7OAUIW2.js?v=625609af:6955:9)
    at bindingUpdated (http://localhost:4201/@fs/Users/larry/Documents/projects/atom/job-wars/.angular/cache/21.1.3/job-wars/vite/deps/chunk-O7OAUIW2.js?v=625609af:11373:9)
    at ɵɵproperty (http://localhost:4201/@fs/Users/larry/Documents/projects/atom/job-wars/.angular/cache/21.1.3/job-wars/vite/deps/chunk-O7OAUIW2.js?v=625609af:17675:7)
    at GameLobbyComponent_Conditional_8_Conditional_2_Conditional_20_Template (http://localhost:4201/main.js:36375:61)
    at executeTemplate (http://localhost:4201/@fs/Users/larry/Documents/projects/atom/job-wars/.angular/cache/21.1.3/job-wars/vite/deps/chunk-O7OAUIW2.js?v=625609af:8303:5)
    at refreshView (http://localhost:4201/@fs/Users/larry/Documents/projects/atom/job-wars/.angular/cache/21.1.3/job-wars/vite/deps/chunk-O7OAUIW2.js?v=625609af:8963:7)
    at detectChangesInView (http://localhost:4201/@fs/Users/larry/Documents/projects/atom/job-wars/.angular/cache/21.1.3/job-wars/vite/deps/chunk-O7OAUIW2.js?v=625609af:9103:5)
    at detectChangesInViewIfAttached (http://localhost:4201/@fs/Users/larry/Documents/projects/atom/job-wars/.angular/cache/21.1.3/job-wars/vite/deps/chunk-O7OAUIW2.js?v=625609af:9086:3)
    at detectChangesInEmbeddedViews (http://localhost:4201/@fs/Users/larry/Documents/projects/atom/job-wars/.angular/cache/21.1.3/job-wars/vite/deps/chunk-O7OAUIW2.js?v=625609af:9057:7)
    at refreshView (http://localhost:4201/@fs/Users/larry/Documents/projects/atom/job-wars/.angular/cache/21.1.3/job-wars/vite/deps/chunk-O7OAUIW2.js?v=625609af:8984:5) @ http://localhost:4201/@fs/Users/larry/Documents/projects/atom/job-wars/.angular/cache/21.1.3/job-wars/vite/deps/chunk-O7OAUIW2.js?v=625609af:3163
[   59321ms] [ERROR] ERROR RuntimeError: NG0100: ExpressionChangedAfterItHasBeenCheckedError: Expression has changed after it was checked. Previous value: 'false'. Current value: 'true'. Expression location: _GameLobbyComponent component. Find more at https://v21.angular.dev/errors/NG0100
    at throwErrorIfNoChangesMode (http://localhost:4201/@fs/Users/larry/Documents/projects/atom/job-wars/.angular/cache/21.1.3/job-wars/vite/deps/chunk-O7OAUIW2.js?v=625609af:6955:9)
    at bindingUpdated (http://localhost:4201/@fs/Users/larry/Documents/projects/atom/job-wars/.angular/cache/21.1.3/job-wars/vite/deps/chunk-O7OAUIW2.js?v=625609af:11373:9)
    at ɵɵproperty (http://localhost:4201/@fs/Users/larry/Documents/projects/atom/job-wars/.angular/cache/21.1.3/job-wars/vite/deps/chunk-O7OAUIW2.js?v=625609af:17675:7)
    at GameLobbyComponent_Conditional_8_Conditional_2_Conditional_20_Template (http://localhost:4201/main.js:36375:61)
    at executeTemplate (http://localhost:4201/@fs/Users/larry/Documents/projects/atom/job-wars/.angular/cache/21.1.3/job-wars/vite/deps/chunk-O7OAUIW2.js?v=625609af:8303:5)
    at refreshView (http://localhost:4201/@fs/Users/larry/Documents/projects/atom/job-wars/.angular/cache/21.1.3/job-wars/vite/deps/chunk-O7OAUIW2.js?v=625609af:8963:7)
    at detectChangesInView (http://localhost:4201/@fs/Users/larry/Documents/projects/atom/job-wars/.angular/cache/21.1.3/job-wars/vite/deps/chunk-O7OAUIW2.js?v=625609af:9103:5)
    at detectChangesInViewIfAttached (http://localhost:4201/@fs/Users/larry/Documents/projects/atom/job-wars/.angular/cache/21.1.3/job-wars/vite/deps/chunk-O7OAUIW2.js?v=625609af:9086:3)
    at detectChangesInEmbeddedViews (http://localhost:4201/@fs/Users/larry/Documents/projects/atom/job-wars/.angular/cache/21.1.3/job-wars/vite/deps/chunk-O7OAUIW2.js?v=625609af:9057:7)
    at refreshView (http://localhost:4201/@fs/Users/larry/Documents/projects/atom/job-wars/.angular/cache/21.1.3/job-wars/vite/deps/chunk-O7OAUIW2.js?v=625609af:8984:5) @ http://localhost:4201/@fs/Users/larry/Documents/projects/atom/job-wars/.angular/cache/21.1.3/job-wars/vite/deps/chunk-O7OAUIW2.js?v=625609af:3163
[   64325ms] [ERROR] ERROR RuntimeError: NG0100: ExpressionChangedAfterItHasBeenCheckedError: Expression has changed after it was checked. Previous value: 'false'. Current value: 'true'. Expression location: _GameLobbyComponent component. Find more at https://v21.angular.dev/errors/NG0100
    at throwErrorIfNoChangesMode (http://localhost:4201/@fs/Users/larry/Documents/projects/atom/job-wars/.angular/cache/21.1.3/job-wars/vite/deps/chunk-O7OAUIW2.js?v=625609af:6955:9)
    at bindingUpdated (http://localhost:4201/@fs/Users/larry/Documents/projects/atom/job-wars/.angular/cache/21.1.3/job-wars/vite/deps/chunk-O7OAUIW2.js?v=625609af:11373:9)
    at ɵɵproperty (http://localhost:4201/@fs/Users/larry/Documents/projects/atom/job-wars/.angular/cache/21.1.3/job-wars/vite/deps/chunk-O7OAUIW2.js?v=625609af:17675:7)
    at GameLobbyComponent_Conditional_8_Conditional_2_Conditional_20_Template (http://localhost:4201/main.js:36375:61)
    at executeTemplate (http://localhost:4201/@fs/Users/larry/Documents/projects/atom/job-wars/.angular/cache/21.1.3/job-wars/vite/deps/chunk-O7OAUIW2.js?v=625609af:8303:5)
    at refreshView (http://localhost:4201/@fs/Users/larry/Documents/projects/atom/job-wars/.angular/cache/21.1.3/job-wars/vite/deps/chunk-O7OAUIW2.js?v=625609af:8963:7)
    at detectChangesInView (http://localhost:4201/@fs/Users/larry/Documents/projects/atom/job-wars/.angular/cache/21.1.3/job-wars/vite/deps/chunk-O7OAUIW2.js?v=625609af:9103:5)
    at detectChangesInViewIfAttached (http://localhost:4201/@fs/Users/larry/Documents/projects/atom/job-wars/.angular/cache/21.1.3/job-wars/vite/deps/chunk-O7OAUIW2.js?v=625609af:9086:3)
    at detectChangesInEmbeddedViews (http://localhost:4201/@fs/Users/larry/Documents/projects/atom/job-wars/.angular/cache/21.1.3/job-wars/vite/deps/chunk-O7OAUIW2.js?v=625609af:9057:7)
    at refreshView (http://localhost:4201/@fs/Users/larry/Documents/projects/atom/job-wars/.angular/cache/21.1.3/job-wars/vite/deps/chunk-O7OAUIW2.js?v=625609af:8984:5) @ http://localhost:4201/@fs/Users/larry/Documents/projects/atom/job-wars/.angular/cache/21.1.3/job-wars/vite/deps/chunk-O7OAUIW2.js?v=625609af:3163
[   74336ms] [ERROR] ERROR RuntimeError: NG0100: ExpressionChangedAfterItHasBeenCheckedError: Expression has changed after it was checked. Previous value: 'false'. Current value: 'true'. Expression location: _GameLobbyComponent component. Find more at https://v21.angular.dev/errors/NG0100
    at throwErrorIfNoChangesMode (http://localhost:4201/@fs/Users/larry/Documents/projects/atom/job-wars/.angular/cache/21.1.3/job-wars/vite/deps/chunk-O7OAUIW2.js?v=625609af:6955:9)
    at bindingUpdated (http://localhost:4201/@fs/Users/larry/Documents/projects/atom/job-wars/.angular/cache/21.1.3/job-wars/vite/deps/chunk-O7OAUIW2.js?v=625609af:11373:9)
    at ɵɵproperty (http://localhost:4201/@fs/Users/larry/Documents/projects/atom/job-wars/.angular/cache/21.1.3/job-wars/vite/deps/chunk-O7OAUIW2.js?v=625609af:17675:7)
    at GameLobbyComponent_Conditional_8_Conditional_2_Conditional_20_Template (http://localhost:4201/main.js:36375:61)
    at executeTemplate (http://localhost:4201/@fs/Users/larry/Documents/projects/atom/job-wars/.angular/cache/21.1.3/job-wars/vite/deps/chunk-O7OAUIW2.js?v=625609af:8303:5)
    at refreshView (http://localhost:4201/@fs/Users/larry/Documents/projects/atom/job-wars/.angular/cache/21.1.3/job-wars/vite/deps/chunk-O7OAUIW2.js?v=625609af:8963:7)
    at detectChangesInView (http://localhost:4201/@fs/Users/larry/Documents/projects/atom/job-wars/.angular/cache/21.1.3/job-wars/vite/deps/chunk-O7OAUIW2.js?v=625609af:9103:5)
    at detectChangesInViewIfAttached (http://localhost:4201/@fs/Users/larry/Documents/projects/atom/job-wars/.angular/cache/21.1.3/job-wars/vite/deps/chunk-O7OAUIW2.js?v=625609af:9086:3)
    at detectChangesInEmbeddedViews (http://localhost:4201/@fs/Users/larry/Documents/projects/atom/job-wars/.angular/cache/21.1.3/job-wars/vite/deps/chunk-O7OAUIW2.js?v=625609af:9057:7)
    at refreshView (http://localhost:4201/@fs/Users/larry/Documents/projects/atom/job-wars/.angular/cache/21.1.3/job-wars/vite/deps/chunk-O7OAUIW2.js?v=625609af:8984:5) @ http://localhost:4201/@fs/Users/larry/Documents/projects/atom/job-wars/.angular/cache/21.1.3/job-wars/vite/deps/chunk-O7OAUIW2.js?v=625609af:3163
[   84324ms] [ERROR] ERROR RuntimeError: NG0100: ExpressionChangedAfterItHasBeenCheckedError: Expression has changed after it was checked. Previous value: 'false'. Current value: 'true'. Expression location: _GameLobbyComponent component. Find more at https://v21.angular.dev/errors/NG0100
    at throwErrorIfNoChangesMode (http://localhost:4201/@fs/Users/larry/Documents/projects/atom/job-wars/.angular/cache/21.1.3/job-wars/vite/deps/chunk-O7OAUIW2.js?v=625609af:6955:9)
    at bindingUpdated (http://localhost:4201/@fs/Users/larry/Documents/projects/atom/job-wars/.angular/cache/21.1.3/job-wars/vite/deps/chunk-O7OAUIW2.js?v=625609af:11373:9)
    at ɵɵproperty (http://localhost:4201/@fs/Users/larry/Documents/projects/atom/job-wars/.angular/cache/21.1.3/job-wars/vite/deps/chunk-O7OAUIW2.js?v=625609af:17675:7)
    at GameLobbyComponent_Conditional_8_Conditional_2_Conditional_20_Template (http://localhost:4201/main.js:36375:61)
    at executeTemplate (http://localhost:4201/@fs/Users/larry/Documents/projects/atom/job-wars/.angular/cache/21.1.3/job-wars/vite/deps/chunk-O7OAUIW2.js?v=625609af:8303:5)
    at refreshView (http://localhost:4201/@fs/Users/larry/Documents/projects/atom/job-wars/.angular/cache/21.1.3/job-wars/vite/deps/chunk-O7OAUIW2.js?v=625609af:8963:7)
    at detectChangesInView (http://localhost:4201/@fs/Users/larry/Documents/projects/atom/job-wars/.angular/cache/21.1.3/job-wars/vite/deps/chunk-O7OAUIW2.js?v=625609af:9103:5)
    at detectChangesInViewIfAttached (http://localhost:4201/@fs/Users/larry/Documents/projects/atom/job-wars/.angular/cache/21.1.3/job-wars/vite/deps/chunk-O7OAUIW2.js?v=625609af:9086:3)
    at detectChangesInEmbeddedViews (http://localhost:4201/@fs/Users/larry/Documents/projects/atom/job-wars/.angular/cache/21.1.3/job-wars/vite/deps/chunk-O7OAUIW2.js?v=625609af:9057:7)
    at refreshView (http://localhost:4201/@fs/Users/larry/Documents/projects/atom/job-wars/.angular/cache/21.1.3/job-wars/vite/deps/chunk-O7OAUIW2.js?v=625609af:8984:5) @ http://localhost:4201/@fs/Users/larry/Documents/projects/atom/job-wars/.angular/cache/21.1.3/job-wars/vite/deps/chunk-O7OAUIW2.js?v=625609af:3163
[   94337ms] [ERROR] ERROR RuntimeError: NG0100: ExpressionChangedAfterItHasBeenCheckedError: Expression has changed after it was checked. Previous value: 'false'. Current value: 'true'. Expression location: _GameLobbyComponent component. Find more at https://v21.angular.dev/errors/NG0100
    at throwErrorIfNoChangesMode (http://localhost:4201/@fs/Users/larry/Documents/projects/atom/job-wars/.angular/cache/21.1.3/job-wars/vite/deps/chunk-O7OAUIW2.js?v=625609af:6955:9)
    at bindingUpdated (http://localhost:4201/@fs/Users/larry/Documents/projects/atom/job-wars/.angular/cache/21.1.3/job-wars/vite/deps/chunk-O7OAUIW2.js?v=625609af:11373:9)
    at ɵɵproperty (http://localhost:4201/@fs/Users/larry/Documents/projects/atom/job-wars/.angular/cache/21.1.3/job-wars/vite/deps/chunk-O7OAUIW2.js?v=625609af:17675:7)
    at GameLobbyComponent_Conditional_8_Conditional_2_Conditional_20_Template (http://localhost:4201/main.js:36375:61)
    at executeTemplate (http://localhost:4201/@fs/Users/larry/Documents/projects/atom/job-wars/.angular/cache/21.1.3/job-wars/vite/deps/chunk-O7OAUIW2.js?v=625609af:8303:5)
    at refreshView (http://localhost:4201/@fs/Users/larry/Documents/projects/atom/job-wars/.angular/cache/21.1.3/job-wars/vite/deps/chunk-O7OAUIW2.js?v=625609af:8963:7)
    at detectChangesInView (http://localhost:4201/@fs/Users/larry/Documents/projects/atom/job-wars/.angular/cache/21.1.3/job-wars/vite/deps/chunk-O7OAUIW2.js?v=625609af:9103:5)
    at detectChangesInViewIfAttached (http://localhost:4201/@fs/Users/larry/Documents/projects/atom/job-wars/.angular/cache/21.1.3/job-wars/vite/deps/chunk-O7OAUIW2.js?v=625609af:9086:3)
    at detectChangesInEmbeddedViews (http://localhost:4201/@fs/Users/larry/Documents/projects/atom/job-wars/.angular/cache/21.1.3/job-wars/vite/deps/chunk-O7OAUIW2.js?v=625609af:9057:7)
    at refreshView (http://localhost:4201/@fs/Users/larry/Documents/projects/atom/job-wars/.angular/cache/21.1.3/job-wars/vite/deps/chunk-O7OAUIW2.js?v=625609af:8984:5) @ http://localhost:4201/@fs/Users/larry/Documents/projects/atom/job-wars/.angular/cache/21.1.3/job-wars/vite/deps/chunk-O7OAUIW2.js?v=625609af:3163
[   99325ms] [ERROR] ERROR RuntimeError: NG0100: ExpressionChangedAfterItHasBeenCheckedError: Expression has changed after it was checked. Previous value: 'false'. Current value: 'true'. Expression location: _GameLobbyComponent component. Find more at https://v21.angular.dev/errors/NG0100
    at throwErrorIfNoChangesMode (http://localhost:4201/@fs/Users/larry/Documents/projects/atom/job-wars/.angular/cache/21.1.3/job-wars/vite/deps/chunk-O7OAUIW2.js?v=625609af:6955:9)
    at bindingUpdated (http://localhost:4201/@fs/Users/larry/Documents/projects/atom/job-wars/.angular/cache/21.1.3/job-wars/vite/deps/chunk-O7OAUIW2.js?v=625609af:11373:9)
    at ɵɵproperty (http://localhost:4201/@fs/Users/larry/Documents/projects/atom/job-wars/.angular/cache/21.1.3/job-wars/vite/deps/chunk-O7OAUIW2.js?v=625609af:17675:7)
    at GameLobbyComponent_Conditional_8_Conditional_2_Conditional_20_Template (http://localhost:4201/main.js:36375:61)
    at executeTemplate (http://localhost:4201/@fs/Users/larry/Documents/projects/atom/job-wars/.angular/cache/21.1.3/job-wars/vite/deps/chunk-O7OAUIW2.js?v=625609af:8303:5)
    at refreshView (http://localhost:4201/@fs/Users/larry/Documents/projects/atom/job-wars/.angular/cache/21.1.3/job-wars/vite/deps/chunk-O7OAUIW2.js?v=625609af:8963:7)
    at detectChangesInView (http://localhost:4201/@fs/Users/larry/Documents/projects/atom/job-wars/.angular/cache/21.1.3/job-wars/vite/deps/chunk-O7OAUIW2.js?v=625609af:9103:5)
    at detectChangesInViewIfAttached (http://localhost:4201/@fs/Users/larry/Documents/projects/atom/job-wars/.angular/cache/21.1.3/job-wars/vite/deps/chunk-O7OAUIW2.js?v=625609af:9086:3)
    at detectChangesInEmbeddedViews (http://localhost:4201/@fs/Users/larry/Documents/projects/atom/job-wars/.angular/cache/21.1.3/job-wars/vite/deps/chunk-O7OAUIW2.js?v=625609af:9057:7)
    at refreshView (http://localhost:4201/@fs/Users/larry/Documents/projects/atom/job-wars/.angular/cache/21.1.3/job-wars/vite/deps/chunk-O7OAUIW2.js?v=625609af:8984:5) @ http://localhost:4201/@fs/Users/larry/Documents/projects/atom/job-wars/.angular/cache/21.1.3/job-wars/vite/deps/chunk-O7OAUIW2.js?v=625609af:3163
[  109321ms] [ERROR] ERROR RuntimeError: NG0100: ExpressionChangedAfterItHasBeenCheckedError: Expression has changed after it was checked. Previous value: 'false'. Current value: 'true'. Expression location: _GameLobbyComponent component. Find more at https://v21.angular.dev/errors/NG0100
    at throwErrorIfNoChangesMode (http://localhost:4201/@fs/Users/larry/Documents/projects/atom/job-wars/.angular/cache/21.1.3/job-wars/vite/deps/chunk-O7OAUIW2.js?v=625609af:6955:9)
    at bindingUpdated (http://localhost:4201/@fs/Users/larry/Documents/projects/atom/job-wars/.angular/cache/21.1.3/job-wars/vite/deps/chunk-O7OAUIW2.js?v=625609af:11373:9)
    at ɵɵproperty (http://localhost:4201/@fs/Users/larry/Documents/projects/atom/job-wars/.angular/cache/21.1.3/job-wars/vite/deps/chunk-O7OAUIW2.js?v=625609af:17675:7)
    at GameLobbyComponent_Conditional_8_Conditional_2_Conditional_20_Template (http://localhost:4201/main.js:36375:61)
    at executeTemplate (http://localhost:4201/@fs/Users/larry/Documents/projects/atom/job-wars/.angular/cache/21.1.3/job-wars/vite/deps/chunk-O7OAUIW2.js?v=625609af:8303:5)
    at refreshView (http://localhost:4201/@fs/Users/larry/Documents/projects/atom/job-wars/.angular/cache/21.1.3/job-wars/vite/deps/chunk-O7OAUIW2.js?v=625609af:8963:7)
    at detectChangesInView (http://localhost:4201/@fs/Users/larry/Documents/projects/atom/job-wars/.angular/cache/21.1.3/job-wars/vite/deps/chunk-O7OAUIW2.js?v=625609af:9103:5)
    at detectChangesInViewIfAttached (http://localhost:4201/@fs/Users/larry/Documents/projects/atom/job-wars/.angular/cache/21.1.3/job-wars/vite/deps/chunk-O7OAUIW2.js?v=625609af:9086:3)
    at detectChangesInEmbeddedViews (http://localhost:4201/@fs/Users/larry/Documents/projects/atom/job-wars/.angular/cache/21.1.3/job-wars/vite/deps/chunk-O7OAUIW2.js?v=625609af:9057:7)
    at refreshView (http://localhost:4201/@fs/Users/larry/Documents/projects/atom/job-wars/.angular/cache/21.1.3/job-wars/vite/deps/chunk-O7OAUIW2.js?v=625609af:8984:5) @ http://localhost:4201/@fs/Users/larry/Documents/projects/atom/job-wars/.angular/cache/21.1.3/job-wars/vite/deps/chunk-O7OAUIW2.js?v=625609af:3163
[  114320ms] [ERROR] ERROR RuntimeError: NG0100: ExpressionChangedAfterItHasBeenCheckedError: Expression has changed after it was checked. Previous value: 'false'. Current value: 'true'. Expression location: _GameLobbyComponent component. Find more at https://v21.angular.dev/errors/NG0100
    at throwErrorIfNoChangesMode (http://localhost:4201/@fs/Users/larry/Documents/projects/atom/job-wars/.angular/cache/21.1.3/job-wars/vite/deps/chunk-O7OAUIW2.js?v=625609af:6955:9)
    at bindingUpdated (http://localhost:4201/@fs/Users/larry/Documents/projects/atom/job-wars/.angular/cache/21.1.3/job-wars/vite/deps/chunk-O7OAUIW2.js?v=625609af:11373:9)
    at ɵɵproperty (http://localhost:4201/@fs/Users/larry/Documents/projects/atom/job-wars/.angular/cache/21.1.3/job-wars/vite/deps/chunk-O7OAUIW2.js?v=625609af:17675:7)
    at GameLobbyComponent_Conditional_8_Conditional_2_Conditional_20_Template (http://localhost:4201/main.js:36375:61)
    at executeTemplate (http://localhost:4201/@fs/Users/larry/Documents/projects/atom/job-wars/.angular/cache/21.1.3/job-wars/vite/deps/chunk-O7OAUIW2.js?v=625609af:8303:5)
    at refreshView (http://localhost:4201/@fs/Users/larry/Documents/projects/atom/job-wars/.angular/cache/21.1.3/job-wars/vite/deps/chunk-O7OAUIW2.js?v=625609af:8963:7)
    at detectChangesInView (http://localhost:4201/@fs/Users/larry/Documents/projects/atom/job-wars/.angular/cache/21.1.3/job-wars/vite/deps/chunk-O7OAUIW2.js?v=625609af:9103:5)
    at detectChangesInViewIfAttached (http://localhost:4201/@fs/Users/larry/Documents/projects/atom/job-wars/.angular/cache/21.1.3/job-wars/vite/deps/chunk-O7OAUIW2.js?v=625609af:9086:3)
    at detectChangesInEmbeddedViews (http://localhost:4201/@fs/Users/larry/Documents/projects/atom/job-wars/.angular/cache/21.1.3/job-wars/vite/deps/chunk-O7OAUIW2.js?v=625609af:9057:7)
    at refreshView (http://localhost:4201/@fs/Users/larry/Documents/projects/atom/job-wars/.angular/cache/21.1.3/job-wars/vite/deps/chunk-O7OAUIW2.js?v=625609af:8984:5) @ http://localhost:4201/@fs/Users/larry/Documents/projects/atom/job-wars/.angular/cache/21.1.3/job-wars/vite/deps/chunk-O7OAUIW2.js?v=625609af:3163
[  119321ms] [ERROR] ERROR RuntimeError: NG0100: ExpressionChangedAfterItHasBeenCheckedError: Expression has changed after it was checked. Previous value: 'false'. Current value: 'true'. Expression location: _GameLobbyComponent component. Find more at https://v21.angular.dev/errors/NG0100
    at throwErrorIfNoChangesMode (http://localhost:4201/@fs/Users/larry/Documents/projects/atom/job-wars/.angular/cache/21.1.3/job-wars/vite/deps/chunk-O7OAUIW2.js?v=625609af:6955:9)
    at bindingUpdated (http://localhost:4201/@fs/Users/larry/Documents/projects/atom/job-wars/.angular/cache/21.1.3/job-wars/vite/deps/chunk-O7OAUIW2.js?v=625609af:11373:9)
    at ɵɵproperty (http://localhost:4201/@fs/Users/larry/Documents/projects/atom/job-wars/.angular/cache/21.1.3/job-wars/vite/deps/chunk-O7OAUIW2.js?v=625609af:17675:7)
    at GameLobbyComponent_Conditional_8_Conditional_2_Conditional_20_Template (http://localhost:4201/main.js:36375:61)
    at executeTemplate (http://localhost:4201/@fs/Users/larry/Documents/projects/atom/job-wars/.angular/cache/21.1.3/job-wars/vite/deps/chunk-O7OAUIW2.js?v=625609af:8303:5)
    at refreshView (http://localhost:4201/@fs/Users/larry/Documents/projects/atom/job-wars/.angular/cache/21.1.3/job-wars/vite/deps/chunk-O7OAUIW2.js?v=625609af:8963:7)
    at detectChangesInView (http://localhost:4201/@fs/Users/larry/Documents/projects/atom/job-wars/.angular/cache/21.1.3/job-wars/vite/deps/chunk-O7OAUIW2.js?v=625609af:9103:5)
    at detectChangesInViewIfAttached (http://localhost:4201/@fs/Users/larry/Documents/projects/atom/job-wars/.angular/cache/21.1.3/job-wars/vite/deps/chunk-O7OAUIW2.js?v=625609af:9086:3)
    at detectChangesInEmbeddedViews (http://localhost:4201/@fs/Users/larry/Documents/projects/atom/job-wars/.angular/cache/21.1.3/job-wars/vite/deps/chunk-O7OAUIW2.js?v=625609af:9057:7)
    at refreshView (http://localhost:4201/@fs/Users/larry/Documents/projects/atom/job-wars/.angular/cache/21.1.3/job-wars/vite/deps/chunk-O7OAUIW2.js?v=625609af:8984:5) @ http://localhost:4201/@fs/Users/larry/Documents/projects/atom/job-wars/.angular/cache/21.1.3/job-wars/vite/deps/chunk-O7OAUIW2.js?v=625609af:3163
[  124338ms] [ERROR] ERROR RuntimeError: NG0100: ExpressionChangedAfterItHasBeenCheckedError: Expression has changed after it was checked. Previous value: 'false'. Current value: 'true'. Expression location: _GameLobbyComponent component. Find more at https://v21.angular.dev/errors/NG0100
    at throwErrorIfNoChangesMode (http://localhost:4201/@fs/Users/larry/Documents/projects/atom/job-wars/.angular/cache/21.1.3/job-wars/vite/deps/chunk-O7OAUIW2.js?v=625609af:6955:9)
    at bindingUpdated (http://localhost:4201/@fs/Users/larry/Documents/projects/atom/job-wars/.angular/cache/21.1.3/job-wars/vite/deps/chunk-O7OAUIW2.js?v=625609af:11373:9)
    at ɵɵproperty (http://localhost:4201/@fs/Users/larry/Documents/projects/atom/job-wars/.angular/cache/21.1.3/job-wars/vite/deps/chunk-O7OAUIW2.js?v=625609af:17675:7)
    at GameLobbyComponent_Conditional_8_Conditional_2_Conditional_20_Template (http://localhost:4201/main.js:36375:61)
    at executeTemplate (http://localhost:4201/@fs/Users/larry/Documents/projects/atom/job-wars/.angular/cache/21.1.3/job-wars/vite/deps/chunk-O7OAUIW2.js?v=625609af:8303:5)
    at refreshView (http://localhost:4201/@fs/Users/larry/Documents/projects/atom/job-wars/.angular/cache/21.1.3/job-wars/vite/deps/chunk-O7OAUIW2.js?v=625609af:8963:7)
    at detectChangesInView (http://localhost:4201/@fs/Users/larry/Documents/projects/atom/job-wars/.angular/cache/21.1.3/job-wars/vite/deps/chunk-O7OAUIW2.js?v=625609af:9103:5)
    at detectChangesInViewIfAttached (http://localhost:4201/@fs/Users/larry/Documents/projects/atom/job-wars/.angular/cache/21.1.3/job-wars/vite/deps/chunk-O7OAUIW2.js?v=625609af:9086:3)
    at detectChangesInEmbeddedViews (http://localhost:4201/@fs/Users/larry/Documents/projects/atom/job-wars/.angular/cache/21.1.3/job-wars/vite/deps/chunk-O7OAUIW2.js?v=625609af:9057:7)
    at refreshView (http://localhost:4201/@fs/Users/larry/Documents/projects/atom/job-wars/.angular/cache/21.1.3/job-wars/vite/deps/chunk-O7OAUIW2.js?v=625609af:8984:5) @ http://localhost:4201/@fs/Users/larry/Documents/projects/atom/job-wars/.angular/cache/21.1.3/job-wars/vite/deps/chunk-O7OAUIW2.js?v=625609af:3163
[  129325ms] [ERROR] ERROR RuntimeError: NG0100: ExpressionChangedAfterItHasBeenCheckedError: Expression has changed after it was checked. Previous value: 'false'. Current value: 'true'. Expression location: _GameLobbyComponent component. Find more at https://v21.angular.dev/errors/NG0100
    at throwErrorIfNoChangesMode (http://localhost:4201/@fs/Users/larry/Documents/projects/atom/job-wars/.angular/cache/21.1.3/job-wars/vite/deps/chunk-O7OAUIW2.js?v=625609af:6955:9)
    at bindingUpdated (http://localhost:4201/@fs/Users/larry/Documents/projects/atom/job-wars/.angular/cache/21.1.3/job-wars/vite/deps/chunk-O7OAUIW2.js?v=625609af:11373:9)
    at ɵɵproperty (http://localhost:4201/@fs/Users/larry/Documents/projects/atom/job-wars/.angular/cache/21.1.3/job-wars/vite/deps/chunk-O7OAUIW2.js?v=625609af:17675:7)
    at GameLobbyComponent_Conditional_8_Conditional_2_Conditional_20_Template (http://localhost:4201/main.js:36375:61)
    at executeTemplate (http://localhost:4201/@fs/Users/larry/Documents/projects/atom/job-wars/.angular/cache/21.1.3/job-wars/vite/deps/chunk-O7OAUIW2.js?v=625609af:8303:5)
    at refreshView (http://localhost:4201/@fs/Users/larry/Documents/projects/atom/job-wars/.angular/cache/21.1.3/job-wars/vite/deps/chunk-O7OAUIW2.js?v=625609af:8963:7)
    at detectChangesInView (http://localhost:4201/@fs/Users/larry/Documents/projects/atom/job-wars/.angular/cache/21.1.3/job-wars/vite/deps/chunk-O7OAUIW2.js?v=625609af:9103:5)
    at detectChangesInViewIfAttached (http://localhost:4201/@fs/Users/larry/Documents/projects/atom/job-wars/.angular/cache/21.1.3/job-wars/vite/deps/chunk-O7OAUIW2.js?v=625609af:9086:3)
    at detectChangesInEmbeddedViews (http://localhost:4201/@fs/Users/larry/Documents/projects/atom/job-wars/.angular/cache/21.1.3/job-wars/vite/deps/chunk-O7OAUIW2.js?v=625609af:9057:7)
    at refreshView (http://localhost:4201/@fs/Users/larry/Documents/projects/atom/job-wars/.angular/cache/21.1.3/job-wars/vite/deps/chunk-O7OAUIW2.js?v=625609af:8984:5) @ http://localhost:4201/@fs/Users/larry/Documents/projects/atom/job-wars/.angular/cache/21.1.3/job-wars/vite/deps/chunk-O7OAUIW2.js?v=625609af:3163
[  139320ms] [ERROR] ERROR RuntimeError: NG0100: ExpressionChangedAfterItHasBeenCheckedError: Expression has changed after it was checked. Previous value: 'false'. Current value: 'true'. Expression location: _GameLobbyComponent component. Find more at https://v21.angular.dev/errors/NG0100
    at throwErrorIfNoChangesMode (http://localhost:4201/@fs/Users/larry/Documents/projects/atom/job-wars/.angular/cache/21.1.3/job-wars/vite/deps/chunk-O7OAUIW2.js?v=625609af:6955:9)
    at bindingUpdated (http://localhost:4201/@fs/Users/larry/Documents/projects/atom/job-wars/.angular/cache/21.1.3/job-wars/vite/deps/chunk-O7OAUIW2.js?v=625609af:11373:9)
    at ɵɵproperty (http://localhost:4201/@fs/Users/larry/Documents/projects/atom/job-wars/.angular/cache/21.1.3/job-wars/vite/deps/chunk-O7OAUIW2.js?v=625609af:17675:7)
    at GameLobbyComponent_Conditional_8_Conditional_2_Conditional_20_Template (http://localhost:4201/main.js:36375:61)
    at executeTemplate (http://localhost:4201/@fs/Users/larry/Documents/projects/atom/job-wars/.angular/cache/21.1.3/job-wars/vite/deps/chunk-O7OAUIW2.js?v=625609af:8303:5)
    at refreshView (http://localhost:4201/@fs/Users/larry/Documents/projects/atom/job-wars/.angular/cache/21.1.3/job-wars/vite/deps/chunk-O7OAUIW2.js?v=625609af:8963:7)
    at detectChangesInView (http://localhost:4201/@fs/Users/larry/Documents/projects/atom/job-wars/.angular/cache/21.1.3/job-wars/vite/deps/chunk-O7OAUIW2.js?v=625609af:9103:5)
    at detectChangesInViewIfAttached (http://localhost:4201/@fs/Users/larry/Documents/projects/atom/job-wars/.angular/cache/21.1.3/job-wars/vite/deps/chunk-O7OAUIW2.js?v=625609af:9086:3)
    at detectChangesInEmbeddedViews (http://localhost:4201/@fs/Users/larry/Documents/projects/atom/job-wars/.angular/cache/21.1.3/job-wars/vite/deps/chunk-O7OAUIW2.js?v=625609af:9057:7)
    at refreshView (http://localhost:4201/@fs/Users/larry/Documents/projects/atom/job-wars/.angular/cache/21.1.3/job-wars/vite/deps/chunk-O7OAUIW2.js?v=625609af:8984:5) @ http://localhost:4201/@fs/Users/larry/Documents/projects/atom/job-wars/.angular/cache/21.1.3/job-wars/vite/deps/chunk-O7OAUIW2.js?v=625609af:3163
[  144321ms] [ERROR] ERROR RuntimeError: NG0100: ExpressionChangedAfterItHasBeenCheckedError: Expression has changed after it was checked. Previous value: 'false'. Current value: 'true'. Expression location: _GameLobbyComponent component. Find more at https://v21.angular.dev/errors/NG0100
    at throwErrorIfNoChangesMode (http://localhost:4201/@fs/Users/larry/Documents/projects/atom/job-wars/.angular/cache/21.1.3/job-wars/vite/deps/chunk-O7OAUIW2.js?v=625609af:6955:9)
    at bindingUpdated (http://localhost:4201/@fs/Users/larry/Documents/projects/atom/job-wars/.angular/cache/21.1.3/job-wars/vite/deps/chunk-O7OAUIW2.js?v=625609af:11373:9)
    at ɵɵproperty (http://localhost:4201/@fs/Users/larry/Documents/projects/atom/job-wars/.angular/cache/21.1.3/job-wars/vite/deps/chunk-O7OAUIW2.js?v=625609af:17675:7)
    at GameLobbyComponent_Conditional_8_Conditional_2_Conditional_20_Template (http://localhost:4201/main.js:36375:61)
    at executeTemplate (http://localhost:4201/@fs/Users/larry/Documents/projects/atom/job-wars/.angular/cache/21.1.3/job-wars/vite/deps/chunk-O7OAUIW2.js?v=625609af:8303:5)
    at refreshView (http://localhost:4201/@fs/Users/larry/Documents/projects/atom/job-wars/.angular/cache/21.1.3/job-wars/vite/deps/chunk-O7OAUIW2.js?v=625609af:8963:7)
    at detectChangesInView (http://localhost:4201/@fs/Users/larry/Documents/projects/atom/job-wars/.angular/cache/21.1.3/job-wars/vite/deps/chunk-O7OAUIW2.js?v=625609af:9103:5)
    at detectChangesInViewIfAttached (http://localhost:4201/@fs/Users/larry/Documents/projects/atom/job-wars/.angular/cache/21.1.3/job-wars/vite/deps/chunk-O7OAUIW2.js?v=625609af:9086:3)
    at detectChangesInEmbeddedViews (http://localhost:4201/@fs/Users/larry/Documents/projects/atom/job-wars/.angular/cache/21.1.3/job-wars/vite/deps/chunk-O7OAUIW2.js?v=625609af:9057:7)
    at refreshView (http://localhost:4201/@fs/Users/larry/Documents/projects/atom/job-wars/.angular/cache/21.1.3/job-wars/vite/deps/chunk-O7OAUIW2.js?v=625609af:8984:5) @ http://localhost:4201/@fs/Users/larry/Documents/projects/atom/job-wars/.angular/cache/21.1.3/job-wars/vite/deps/chunk-O7OAUIW2.js?v=625609af:3163
[  149322ms] [ERROR] ERROR RuntimeError: NG0100: ExpressionChangedAfterItHasBeenCheckedError: Expression has changed after it was checked. Previous value: 'false'. Current value: 'true'. Expression location: _GameLobbyComponent component. Find more at https://v21.angular.dev/errors/NG0100
    at throwErrorIfNoChangesMode (http://localhost:4201/@fs/Users/larry/Documents/projects/atom/job-wars/.angular/cache/21.1.3/job-wars/vite/deps/chunk-O7OAUIW2.js?v=625609af:6955:9)
    at bindingUpdated (http://localhost:4201/@fs/Users/larry/Documents/projects/atom/job-wars/.angular/cache/21.1.3/job-wars/vite/deps/chunk-O7OAUIW2.js?v=625609af:11373:9)
    at ɵɵproperty (http://localhost:4201/@fs/Users/larry/Documents/projects/atom/job-wars/.angular/cache/21.1.3/job-wars/vite/deps/chunk-O7OAUIW2.js?v=625609af:17675:7)
    at GameLobbyComponent_Conditional_8_Conditional_2_Conditional_20_Template (http://localhost:4201/main.js:36375:61)
    at executeTemplate (http://localhost:4201/@fs/Users/larry/Documents/projects/atom/job-wars/.angular/cache/21.1.3/job-wars/vite/deps/chunk-O7OAUIW2.js?v=625609af:8303:5)
    at refreshView (http://localhost:4201/@fs/Users/larry/Documents/projects/atom/job-wars/.angular/cache/21.1.3/job-wars/vite/deps/chunk-O7OAUIW2.js?v=625609af:8963:7)
    at detectChangesInView (http://localhost:4201/@fs/Users/larry/Documents/projects/atom/job-wars/.angular/cache/21.1.3/job-wars/vite/deps/chunk-O7OAUIW2.js?v=625609af:9103:5)
    at detectChangesInViewIfAttached (http://localhost:4201/@fs/Users/larry/Documents/projects/atom/job-wars/.angular/cache/21.1.3/job-wars/vite/deps/chunk-O7OAUIW2.js?v=625609af:9086:3)
    at detectChangesInEmbeddedViews (http://localhost:4201/@fs/Users/larry/Documents/projects/atom/job-wars/.angular/cache/21.1.3/job-wars/vite/deps/chunk-O7OAUIW2.js?v=625609af:9057:7)
    at refreshView (http://localhost:4201/@fs/Users/larry/Documents/projects/atom/job-wars/.angular/cache/21.1.3/job-wars/vite/deps/chunk-O7OAUIW2.js?v=625609af:8984:5) @ http://localhost:4201/@fs/Users/larry/Documents/projects/atom/job-wars/.angular/cache/21.1.3/job-wars/vite/deps/chunk-O7OAUIW2.js?v=625609af:3163
[  154332ms] [ERROR] ERROR RuntimeError: NG0100: ExpressionChangedAfterItHasBeenCheckedError: Expression has changed after it was checked. Previous value: 'false'. Current value: 'true'. Expression location: _GameLobbyComponent component. Find more at https://v21.angular.dev/errors/NG0100
    at throwErrorIfNoChangesMode (http://localhost:4201/@fs/Users/larry/Documents/projects/atom/job-wars/.angular/cache/21.1.3/job-wars/vite/deps/chunk-O7OAUIW2.js?v=625609af:6955:9)
    at bindingUpdated (http://localhost:4201/@fs/Users/larry/Documents/projects/atom/job-wars/.angular/cache/21.1.3/job-wars/vite/deps/chunk-O7OAUIW2.js?v=625609af:11373:9)
    at ɵɵproperty (http://localhost:4201/@fs/Users/larry/Documents/projects/atom/job-wars/.angular/cache/21.1.3/job-wars/vite/deps/chunk-O7OAUIW2.js?v=625609af:17675:7)
    at GameLobbyComponent_Conditional_8_Conditional_2_Conditional_20_Template (http://localhost:4201/main.js:36375:61)
    at executeTemplate (http://localhost:4201/@fs/Users/larry/Documents/projects/atom/job-wars/.angular/cache/21.1.3/job-wars/vite/deps/chunk-O7OAUIW2.js?v=625609af:8303:5)
    at refreshView (http://localhost:4201/@fs/Users/larry/Documents/projects/atom/job-wars/.angular/cache/21.1.3/job-wars/vite/deps/chunk-O7OAUIW2.js?v=625609af:8963:7)
    at detectChangesInView (http://localhost:4201/@fs/Users/larry/Documents/projects/atom/job-wars/.angular/cache/21.1.3/job-wars/vite/deps/chunk-O7OAUIW2.js?v=625609af:9103:5)
    at detectChangesInViewIfAttached (http://localhost:4201/@fs/Users/larry/Documents/projects/atom/job-wars/.angular/cache/21.1.3/job-wars/vite/deps/chunk-O7OAUIW2.js?v=625609af:9086:3)
    at detectChangesInEmbeddedViews (http://localhost:4201/@fs/Users/larry/Documents/projects/atom/job-wars/.angular/cache/21.1.3/job-wars/vite/deps/chunk-O7OAUIW2.js?v=625609af:9057:7)
    at refreshView (http://localhost:4201/@fs/Users/larry/Documents/projects/atom/job-wars/.angular/cache/21.1.3/job-wars/vite/deps/chunk-O7OAUIW2.js?v=625609af:8984:5) @ http://localhost:4201/@fs/Users/larry/Documents/projects/atom/job-wars/.angular/cache/21.1.3/job-wars/vite/deps/chunk-O7OAUIW2.js?v=625609af:3163
[  164321ms] [ERROR] ERROR RuntimeError: NG0100: ExpressionChangedAfterItHasBeenCheckedError: Expression has changed after it was checked. Previous value: 'false'. Current value: 'true'. Expression location: _GameLobbyComponent component. Find more at https://v21.angular.dev/errors/NG0100
    at throwErrorIfNoChangesMode (http://localhost:4201/@fs/Users/larry/Documents/projects/atom/job-wars/.angular/cache/21.1.3/job-wars/vite/deps/chunk-O7OAUIW2.js?v=625609af:6955:9)
    at bindingUpdated (http://localhost:4201/@fs/Users/larry/Documents/projects/atom/job-wars/.angular/cache/21.1.3/job-wars/vite/deps/chunk-O7OAUIW2.js?v=625609af:11373:9)
    at ɵɵproperty (http://localhost:4201/@fs/Users/larry/Documents/projects/atom/job-wars/.angular/cache/21.1.3/job-wars/vite/deps/chunk-O7OAUIW2.js?v=625609af:17675:7)
    at GameLobbyComponent_Conditional_8_Conditional_2_Conditional_20_Template (http://localhost:4201/main.js:36375:61)
    at executeTemplate (http://localhost:4201/@fs/Users/larry/Documents/projects/atom/job-wars/.angular/cache/21.1.3/job-wars/vite/deps/chunk-O7OAUIW2.js?v=625609af:8303:5)
    at refreshView (http://localhost:4201/@fs/Users/larry/Documents/projects/atom/job-wars/.angular/cache/21.1.3/job-wars/vite/deps/chunk-O7OAUIW2.js?v=625609af:8963:7)
    at detectChangesInView (http://localhost:4201/@fs/Users/larry/Documents/projects/atom/job-wars/.angular/cache/21.1.3/job-wars/vite/deps/chunk-O7OAUIW2.js?v=625609af:9103:5)
    at detectChangesInViewIfAttached (http://localhost:4201/@fs/Users/larry/Documents/projects/atom/job-wars/.angular/cache/21.1.3/job-wars/vite/deps/chunk-O7OAUIW2.js?v=625609af:9086:3)
    at detectChangesInEmbeddedViews (http://localhost:4201/@fs/Users/larry/Documents/projects/atom/job-wars/.angular/cache/21.1.3/job-wars/vite/deps/chunk-O7OAUIW2.js?v=625609af:9057:7)
    at refreshView (http://localhost:4201/@fs/Users/larry/Documents/projects/atom/job-wars/.angular/cache/21.1.3/job-wars/vite/deps/chunk-O7OAUIW2.js?v=625609af:8984:5) @ http://localhost:4201/@fs/Users/larry/Documents/projects/atom/job-wars/.angular/cache/21.1.3/job-wars/vite/deps/chunk-O7OAUIW2.js?v=625609af:3163
[  169320ms] [ERROR] ERROR RuntimeError: NG0100: ExpressionChangedAfterItHasBeenCheckedError: Expression has changed after it was checked. Previous value: 'false'. Current value: 'true'. Expression location: _GameLobbyComponent component. Find more at https://v21.angular.dev/errors/NG0100
    at throwErrorIfNoChangesMode (http://localhost:4201/@fs/Users/larry/Documents/projects/atom/job-wars/.angular/cache/21.1.3/job-wars/vite/deps/chunk-O7OAUIW2.js?v=625609af:6955:9)
    at bindingUpdated (http://localhost:4201/@fs/Users/larry/Documents/projects/atom/job-wars/.angular/cache/21.1.3/job-wars/vite/deps/chunk-O7OAUIW2.js?v=625609af:11373:9)
    at ɵɵproperty (http://localhost:4201/@fs/Users/larry/Documents/projects/atom/job-wars/.angular/cache/21.1.3/job-wars/vite/deps/chunk-O7OAUIW2.js?v=625609af:17675:7)
    at GameLobbyComponent_Conditional_8_Conditional_2_Conditional_20_Template (http://localhost:4201/main.js:36375:61)
    at executeTemplate (http://localhost:4201/@fs/Users/larry/Documents/projects/atom/job-wars/.angular/cache/21.1.3/job-wars/vite/deps/chunk-O7OAUIW2.js?v=625609af:8303:5)
    at refreshView (http://localhost:4201/@fs/Users/larry/Documents/projects/atom/job-wars/.angular/cache/21.1.3/job-wars/vite/deps/chunk-O7OAUIW2.js?v=625609af:8963:7)
    at detectChangesInView (http://localhost:4201/@fs/Users/larry/Documents/projects/atom/job-wars/.angular/cache/21.1.3/job-wars/vite/deps/chunk-O7OAUIW2.js?v=625609af:9103:5)
    at detectChangesInViewIfAttached (http://localhost:4201/@fs/Users/larry/Documents/projects/atom/job-wars/.angular/cache/21.1.3/job-wars/vite/deps/chunk-O7OAUIW2.js?v=625609af:9086:3)
    at detectChangesInEmbeddedViews (http://localhost:4201/@fs/Users/larry/Documents/projects/atom/job-wars/.angular/cache/21.1.3/job-wars/vite/deps/chunk-O7OAUIW2.js?v=625609af:9057:7)
    at refreshView (http://localhost:4201/@fs/Users/larry/Documents/projects/atom/job-wars/.angular/cache/21.1.3/job-wars/vite/deps/chunk-O7OAUIW2.js?v=625609af:8984:5) @ http://localhost:4201/@fs/Users/larry/Documents/projects/atom/job-wars/.angular/cache/21.1.3/job-wars/vite/deps/chunk-O7OAUIW2.js?v=625609af:3163
[  174338ms] [ERROR] ERROR RuntimeError: NG0100: ExpressionChangedAfterItHasBeenCheckedError: Expression has changed after it was checked. Previous value: 'false'. Current value: 'true'. Expression location: _GameLobbyComponent component. Find more at https://v21.angular.dev/errors/NG0100
    at throwErrorIfNoChangesMode (http://localhost:4201/@fs/Users/larry/Documents/projects/atom/job-wars/.angular/cache/21.1.3/job-wars/vite/deps/chunk-O7OAUIW2.js?v=625609af:6955:9)
    at bindingUpdated (http://localhost:4201/@fs/Users/larry/Documents/projects/atom/job-wars/.angular/cache/21.1.3/job-wars/vite/deps/chunk-O7OAUIW2.js?v=625609af:11373:9)
    at ɵɵproperty (http://localhost:4201/@fs/Users/larry/Documents/projects/atom/job-wars/.angular/cache/21.1.3/job-wars/vite/deps/chunk-O7OAUIW2.js?v=625609af:17675:7)
    at GameLobbyComponent_Conditional_8_Conditional_2_Conditional_20_Template (http://localhost:4201/main.js:36375:61)
    at executeTemplate (http://localhost:4201/@fs/Users/larry/Documents/projects/atom/job-wars/.angular/cache/21.1.3/job-wars/vite/deps/chunk-O7OAUIW2.js?v=625609af:8303:5)
    at refreshView (http://localhost:4201/@fs/Users/larry/Documents/projects/atom/job-wars/.angular/cache/21.1.3/job-wars/vite/deps/chunk-O7OAUIW2.js?v=625609af:8963:7)
    at detectChangesInView (http://localhost:4201/@fs/Users/larry/Documents/projects/atom/job-wars/.angular/cache/21.1.3/job-wars/vite/deps/chunk-O7OAUIW2.js?v=625609af:9103:5)
    at detectChangesInViewIfAttached (http://localhost:4201/@fs/Users/larry/Documents/projects/atom/job-wars/.angular/cache/21.1.3/job-wars/vite/deps/chunk-O7OAUIW2.js?v=625609af:9086:3)
    at detectChangesInEmbeddedViews (http://localhost:4201/@fs/Users/larry/Documents/projects/atom/job-wars/.angular/cache/21.1.3/job-wars/vite/deps/chunk-O7OAUIW2.js?v=625609af:9057:7)
    at refreshView (http://localhost:4201/@fs/Users/larry/Documents/projects/atom/job-wars/.angular/cache/21.1.3/job-wars/vite/deps/chunk-O7OAUIW2.js?v=625609af:8984:5) @ http://localhost:4201/@fs/Users/larry/Documents/projects/atom/job-wars/.angular/cache/21.1.3/job-wars/vite/deps/chunk-O7OAUIW2.js?v=625609af:3163
