[   11756ms] [ERROR] ERROR RuntimeError: NG0100: ExpressionChangedAfterItHasBeenCheckedError: Expression has changed after it was checked. Previous value: 'true'. Current value: 'false'. Expression location: _GameLobbyComponent component. Find more at https://v21.angular.dev/errors/NG0100
    at throwErrorIfNoChangesMode (http://localhost:4201/@fs/Users/larry/Documents/projects/atom/job-wars/.angular/cache/21.1.3/job-wars/vite/deps/chunk-O7OAUIW2.js?v=625609af:6955:9)
    at bindingUpdated (http://localhost:4201/@fs/Users/larry/Documents/projects/atom/job-wars/.angular/cache/21.1.3/job-wars/vite/deps/chunk-O7OAUIW2.js?v=625609af:11373:9)
    at ɵɵproperty (http://localhost:4201/@fs/Users/larry/Documents/projects/atom/job-wars/.angular/cache/21.1.3/job-wars/vite/deps/chunk-O7OAUIW2.js?v=625609af:17675:7)
    at GameLobbyComponent_Conditional_8_Conditional_2_Conditional_20_Template (http://localhost:4201/main.js:36375:61)
    at executeTemplate (http://localhost:4201/@fs/Users/larry/Documents/projects/atom/job-wars/.angular/cache/21.1.3/job-wars/vite/deps/chunk-O7OAUIW2.js?v=625609af:8303:5)
    at refreshView (http://localhost:4201/@fs/Users/larry/Documents/projects/atom/job-wars/.angular/cache/21.1.3/job-wars/vite/deps/chunk-O7OAUIW2.js?v=625609af:8963:7)
    at detectChangesInView (http://localhost:4201/@fs/Users/larry/Documents/projects/atom/job-wars/.angular/cache/21.1.3/job-wars/vite/deps/chunk-O7OAUIW2.js?v=625609af:9103:5)
    at detectChangesInViewIfAttached (http://localhost:4201/@fs/Users/larry/Documents/projects/atom/job-wars/.angular/cache/21.1.3/job-wars/vite/deps/chunk-O7OAUIW2.js?v=625609af:9086:3)
    at detectChangesInEmbeddedViews (http://localhost:4201/@fs/Users/larry/Documents/projects/atom/job-wars/.angular/cache/21.1.3/job-wars/vite/deps/chunk-O7OAUIW2.js?v=625609af:9057:7)
    at refreshView (http://localhost:4201/@fs/Users/larry/Documents/projects/atom/job-wars/.angular/cache/21.1.3/job-wars/vite/deps/chunk-O7OAUIW2.js?v=625609af:8984:5) @ http://localhost:4201/@fs/Users/larry/Documents/projects/atom/job-wars/.angular/cache/21.1.3/job-wars/vite/deps/chunk-O7OAUIW2.js?v=625609af:3163
[   16724ms] [ERROR] ERROR RuntimeError: NG0100: ExpressionChangedAfterItHasBeenCheckedError: Expression has changed after it was checked. Previous value: 'true'. Current value: 'false'. Expression location: _GameLobbyComponent component. Find more at https://v21.angular.dev/errors/NG0100
    at throwErrorIfNoChangesMode (http://localhost:4201/@fs/Users/larry/Documents/projects/atom/job-wars/.angular/cache/21.1.3/job-wars/vite/deps/chunk-O7OAUIW2.js?v=625609af:6955:9)
    at bindingUpdated (http://localhost:4201/@fs/Users/larry/Documents/projects/atom/job-wars/.angular/cache/21.1.3/job-wars/vite/deps/chunk-O7OAUIW2.js?v=625609af:11373:9)
    at ɵɵproperty (http://localhost:4201/@fs/Users/larry/Documents/projects/atom/job-wars/.angular/cache/21.1.3/job-wars/vite/deps/chunk-O7OAUIW2.js?v=625609af:17675:7)
    at GameLobbyComponent_Conditional_8_Conditional_2_Conditional_20_Template (http://localhost:4201/main.js:36375:61)
    at executeTemplate (http://localhost:4201/@fs/Users/larry/Documents/projects/atom/job-wars/.angular/cache/21.1.3/job-wars/vite/deps/chunk-O7OAUIW2.js?v=625609af:8303:5)
    at refreshView (http://localhost:4201/@fs/Users/larry/Documents/projects/atom/job-wars/.angular/cache/21.1.3/job-wars/vite/deps/chunk-O7OAUIW2.js?v=625609af:8963:7)
    at detectChangesInView (http://localhost:4201/@fs/Users/larry/Documents/projects/atom/job-wars/.angular/cache/21.1.3/job-wars/vite/deps/chunk-O7OAUIW2.js?v=625609af:9103:5)
    at detectChangesInViewIfAttached (http://localhost:4201/@fs/Users/larry/Documents/projects/atom/job-wars/.angular/cache/21.1.3/job-wars/vite/deps/chunk-O7OAUIW2.js?v=625609af:9086:3)
    at detectChangesInEmbeddedViews (http://localhost:4201/@fs/Users/larry/Documents/projects/atom/job-wars/.angular/cache/21.1.3/job-wars/vite/deps/chunk-O7OAUIW2.js?v=625609af:9057:7)
    at refreshView (http://localhost:4201/@fs/Users/larry/Documents/projects/atom/job-wars/.angular/cache/21.1.3/job-wars/vite/deps/chunk-O7OAUIW2.js?v=625609af:8984:5) @ http://localhost:4201/@fs/Users/larry/Documents/projects/atom/job-wars/.angular/cache/21.1.3/job-wars/vite/deps/chunk-O7OAUIW2.js?v=625609af:3163
[   21725ms] [ERROR] ERROR RuntimeError: NG0100: ExpressionChangedAfterItHasBeenCheckedError: Expression has changed after it was checked. Previous value: 'true'. Current value: 'false'. Expression location: _GameLobbyComponent component. Find more at https://v21.angular.dev/errors/NG0100
    at throwErrorIfNoChangesMode (http://localhost:4201/@fs/Users/larry/Documents/projects/atom/job-wars/.angular/cache/21.1.3/job-wars/vite/deps/chunk-O7OAUIW2.js?v=625609af:6955:9)
    at bindingUpdated (http://localhost:4201/@fs/Users/larry/Documents/projects/atom/job-wars/.angular/cache/21.1.3/job-wars/vite/deps/chunk-O7OAUIW2.js?v=625609af:11373:9)
    at ɵɵproperty (http://localhost:4201/@fs/Users/larry/Documents/projects/atom/job-wars/.angular/cache/21.1.3/job-wars/vite/deps/chunk-O7OAUIW2.js?v=625609af:17675:7)
    at GameLobbyComponent_Conditional_8_Conditional_2_Conditional_20_Template (http://localhost:4201/main.js:36375:61)
    at executeTemplate (http://localhost:4201/@fs/Users/larry/Documents/projects/atom/job-wars/.angular/cache/21.1.3/job-wars/vite/deps/chunk-O7OAUIW2.js?v=625609af:8303:5)
    at refreshView (http://localhost:4201/@fs/Users/larry/Documents/projects/atom/job-wars/.angular/cache/21.1.3/job-wars/vite/deps/chunk-O7OAUIW2.js?v=625609af:8963:7)
    at detectChangesInView (http://localhost:4201/@fs/Users/larry/Documents/projects/atom/job-wars/.angular/cache/21.1.3/job-wars/vite/deps/chunk-O7OAUIW2.js?v=625609af:9103:5)
    at detectChangesInViewIfAttached (http://localhost:4201/@fs/Users/larry/Documents/projects/atom/job-wars/.angular/cache/21.1.3/job-wars/vite/deps/chunk-O7OAUIW2.js?v=625609af:9086:3)
    at detectChangesInEmbeddedViews (http://localhost:4201/@fs/Users/larry/Documents/projects/atom/job-wars/.angular/cache/21.1.3/job-wars/vite/deps/chunk-O7OAUIW2.js?v=625609af:9057:7)
    at refreshView (http://localhost:4201/@fs/Users/larry/Documents/projects/atom/job-wars/.angular/cache/21.1.3/job-wars/vite/deps/chunk-O7OAUIW2.js?v=625609af:8984:5) @ http://localhost:4201/@fs/Users/larry/Documents/projects/atom/job-wars/.angular/cache/21.1.3/job-wars/vite/deps/chunk-O7OAUIW2.js?v=625609af:3163
[   26724ms] [ERROR] ERROR RuntimeError: NG0100: ExpressionChangedAfterItHasBeenCheckedError: Expression has changed after it was checked. Previous value: 'true'. Current value: 'false'. Expression location: _GameLobbyComponent component. Find more at https://v21.angular.dev/errors/NG0100
    at throwErrorIfNoChangesMode (http://localhost:4201/@fs/Users/larry/Documents/projects/atom/job-wars/.angular/cache/21.1.3/job-wars/vite/deps/chunk-O7OAUIW2.js?v=625609af:6955:9)
    at bindingUpdated (http://localhost:4201/@fs/Users/larry/Documents/projects/atom/job-wars/.angular/cache/21.1.3/job-wars/vite/deps/chunk-O7OAUIW2.js?v=625609af:11373:9)
    at ɵɵproperty (http://localhost:4201/@fs/Users/larry/Documents/projects/atom/job-wars/.angular/cache/21.1.3/job-wars/vite/deps/chunk-O7OAUIW2.js?v=625609af:17675:7)
    at GameLobbyComponent_Conditional_8_Conditional_2_Conditional_20_Template (http://localhost:4201/main.js:36375:61)
    at executeTemplate (http://localhost:4201/@fs/Users/larry/Documents/projects/atom/job-wars/.angular/cache/21.1.3/job-wars/vite/deps/chunk-O7OAUIW2.js?v=625609af:8303:5)
    at refreshView (http://localhost:4201/@fs/Users/larry/Documents/projects/atom/job-wars/.angular/cache/21.1.3/job-wars/vite/deps/chunk-O7OAUIW2.js?v=625609af:8963:7)
    at detectChangesInView (http://localhost:4201/@fs/Users/larry/Documents/projects/atom/job-wars/.angular/cache/21.1.3/job-wars/vite/deps/chunk-O7OAUIW2.js?v=625609af:9103:5)
    at detectChangesInViewIfAttached (http://localhost:4201/@fs/Users/larry/Documents/projects/atom/job-wars/.angular/cache/21.1.3/job-wars/vite/deps/chunk-O7OAUIW2.js?v=625609af:9086:3)
    at detectChangesInEmbeddedViews (http://localhost:4201/@fs/Users/larry/Documents/projects/atom/job-wars/.angular/cache/21.1.3/job-wars/vite/deps/chunk-O7OAUIW2.js?v=625609af:9057:7)
    at refreshView (http://localhost:4201/@fs/Users/larry/Documents/projects/atom/job-wars/.angular/cache/21.1.3/job-wars/vite/deps/chunk-O7OAUIW2.js?v=625609af:8984:5) @ http://localhost:4201/@fs/Users/larry/Documents/projects/atom/job-wars/.angular/cache/21.1.3/job-wars/vite/deps/chunk-O7OAUIW2.js?v=625609af:3163
[   31725ms] [ERROR] ERROR RuntimeError: NG0100: ExpressionChangedAfterItHasBeenCheckedError: Expression has changed after it was checked. Previous value: 'true'. Current value: 'false'. Expression location: _GameLobbyComponent component. Find more at https://v21.angular.dev/errors/NG0100
    at throwErrorIfNoChangesMode (http://localhost:4201/@fs/Users/larry/Documents/projects/atom/job-wars/.angular/cache/21.1.3/job-wars/vite/deps/chunk-O7OAUIW2.js?v=625609af:6955:9)
    at bindingUpdated (http://localhost:4201/@fs/Users/larry/Documents/projects/atom/job-wars/.angular/cache/21.1.3/job-wars/vite/deps/chunk-O7OAUIW2.js?v=625609af:11373:9)
    at ɵɵproperty (http://localhost:4201/@fs/Users/larry/Documents/projects/atom/job-wars/.angular/cache/21.1.3/job-wars/vite/deps/chunk-O7OAUIW2.js?v=625609af:17675:7)
    at GameLobbyComponent_Conditional_8_Conditional_2_Conditional_20_Template (http://localhost:4201/main.js:36375:61)
    at executeTemplate (http://localhost:4201/@fs/Users/larry/Documents/projects/atom/job-wars/.angular/cache/21.1.3/job-wars/vite/deps/chunk-O7OAUIW2.js?v=625609af:8303:5)
    at refreshView (http://localhost:4201/@fs/Users/larry/Documents/projects/atom/job-wars/.angular/cache/21.1.3/job-wars/vite/deps/chunk-O7OAUIW2.js?v=625609af:8963:7)
    at detectChangesInView (http://localhost:4201/@fs/Users/larry/Documents/projects/atom/job-wars/.angular/cache/21.1.3/job-wars/vite/deps/chunk-O7OAUIW2.js?v=625609af:9103:5)
    at detectChangesInViewIfAttached (http://localhost:4201/@fs/Users/larry/Documents/projects/atom/job-wars/.angular/cache/21.1.3/job-wars/vite/deps/chunk-O7OAUIW2.js?v=625609af:9086:3)
    at detectChangesInEmbeddedViews (http://localhost:4201/@fs/Users/larry/Documents/projects/atom/job-wars/.angular/cache/21.1.3/job-wars/vite/deps/chunk-O7OAUIW2.js?v=625609af:9057:7)
    at refreshView (http://localhost:4201/@fs/Users/larry/Documents/projects/atom/job-wars/.angular/cache/21.1.3/job-wars/vite/deps/chunk-O7OAUIW2.js?v=625609af:8984:5) @ http://localhost:4201/@fs/Users/larry/Documents/projects/atom/job-wars/.angular/cache/21.1.3/job-wars/vite/deps/chunk-O7OAUIW2.js?v=625609af:3163
[   36727ms] [ERROR] ERROR RuntimeError: NG0100: ExpressionChangedAfterItHasBeenCheckedError: Expression has changed after it was checked. Previous value: 'true'. Current value: 'false'. Expression location: _GameLobbyComponent component. Find more at https://v21.angular.dev/errors/NG0100
    at throwErrorIfNoChangesMode (http://localhost:4201/@fs/Users/larry/Documents/projects/atom/job-wars/.angular/cache/21.1.3/job-wars/vite/deps/chunk-O7OAUIW2.js?v=625609af:6955:9)
    at bindingUpdated (http://localhost:4201/@fs/Users/larry/Documents/projects/atom/job-wars/.angular/cache/21.1.3/job-wars/vite/deps/chunk-O7OAUIW2.js?v=625609af:11373:9)
    at ɵɵproperty (http://localhost:4201/@fs/Users/larry/Documents/projects/atom/job-wars/.angular/cache/21.1.3/job-wars/vite/deps/chunk-O7OAUIW2.js?v=625609af:17675:7)
    at GameLobbyComponent_Conditional_8_Conditional_2_Conditional_20_Template (http://localhost:4201/main.js:36375:61)
    at executeTemplate (http://localhost:4201/@fs/Users/larry/Documents/projects/atom/job-wars/.angular/cache/21.1.3/job-wars/vite/deps/chunk-O7OAUIW2.js?v=625609af:8303:5)
    at refreshView (http://localhost:4201/@fs/Users/larry/Documents/projects/atom/job-wars/.angular/cache/21.1.3/job-wars/vite/deps/chunk-O7OAUIW2.js?v=625609af:8963:7)
    at detectChangesInView (http://localhost:4201/@fs/Users/larry/Documents/projects/atom/job-wars/.angular/cache/21.1.3/job-wars/vite/deps/chunk-O7OAUIW2.js?v=625609af:9103:5)
    at detectChangesInViewIfAttached (http://localhost:4201/@fs/Users/larry/Documents/projects/atom/job-wars/.angular/cache/21.1.3/job-wars/vite/deps/chunk-O7OAUIW2.js?v=625609af:9086:3)
    at detectChangesInEmbeddedViews (http://localhost:4201/@fs/Users/larry/Documents/projects/atom/job-wars/.angular/cache/21.1.3/job-wars/vite/deps/chunk-O7OAUIW2.js?v=625609af:9057:7)
    at refreshView (http://localhost:4201/@fs/Users/larry/Documents/projects/atom/job-wars/.angular/cache/21.1.3/job-wars/vite/deps/chunk-O7OAUIW2.js?v=625609af:8984:5) @ http://localhost:4201/@fs/Users/larry/Documents/projects/atom/job-wars/.angular/cache/21.1.3/job-wars/vite/deps/chunk-O7OAUIW2.js?v=625609af:3163
[   41724ms] [ERROR] ERROR RuntimeError: NG0100: ExpressionChangedAfterItHasBeenCheckedError: Expression has changed after it was checked. Previous value: 'true'. Current value: 'false'. Expression location: _GameLobbyComponent component. Find more at https://v21.angular.dev/errors/NG0100
    at throwErrorIfNoChangesMode (http://localhost:4201/@fs/Users/larry/Documents/projects/atom/job-wars/.angular/cache/21.1.3/job-wars/vite/deps/chunk-O7OAUIW2.js?v=625609af:6955:9)
    at bindingUpdated (http://localhost:4201/@fs/Users/larry/Documents/projects/atom/job-wars/.angular/cache/21.1.3/job-wars/vite/deps/chunk-O7OAUIW2.js?v=625609af:11373:9)
    at ɵɵproperty (http://localhost:4201/@fs/Users/larry/Documents/projects/atom/job-wars/.angular/cache/21.1.3/job-wars/vite/deps/chunk-O7OAUIW2.js?v=625609af:17675:7)
    at GameLobbyComponent_Conditional_8_Conditional_2_Conditional_20_Template (http://localhost:4201/main.js:36375:61)
    at executeTemplate (http://localhost:4201/@fs/Users/larry/Documents/projects/atom/job-wars/.angular/cache/21.1.3/job-wars/vite/deps/chunk-O7OAUIW2.js?v=625609af:8303:5)
    at refreshView (http://localhost:4201/@fs/Users/larry/Documents/projects/atom/job-wars/.angular/cache/21.1.3/job-wars/vite/deps/chunk-O7OAUIW2.js?v=625609af:8963:7)
    at detectChangesInView (http://localhost:4201/@fs/Users/larry/Documents/projects/atom/job-wars/.angular/cache/21.1.3/job-wars/vite/deps/chunk-O7OAUIW2.js?v=625609af:9103:5)
    at detectChangesInViewIfAttached (http://localhost:4201/@fs/Users/larry/Documents/projects/atom/job-wars/.angular/cache/21.1.3/job-wars/vite/deps/chunk-O7OAUIW2.js?v=625609af:9086:3)
    at detectChangesInEmbeddedViews (http://localhost:4201/@fs/Users/larry/Documents/projects/atom/job-wars/.angular/cache/21.1.3/job-wars/vite/deps/chunk-O7OAUIW2.js?v=625609af:9057:7)
    at refreshView (http://localhost:4201/@fs/Users/larry/Documents/projects/atom/job-wars/.angular/cache/21.1.3/job-wars/vite/deps/chunk-O7OAUIW2.js?v=625609af:8984:5) @ http://localhost:4201/@fs/Users/larry/Documents/projects/atom/job-wars/.angular/cache/21.1.3/job-wars/vite/deps/chunk-O7OAUIW2.js?v=625609af:3163
[   46725ms] [ERROR] ERROR RuntimeError: NG0100: ExpressionChangedAfterItHasBeenCheckedError: Expression has changed after it was checked. Previous value: 'true'. Current value: 'false'. Expression location: _GameLobbyComponent component. Find more at https://v21.angular.dev/errors/NG0100
    at throwErrorIfNoChangesMode (http://localhost:4201/@fs/Users/larry/Documents/projects/atom/job-wars/.angular/cache/21.1.3/job-wars/vite/deps/chunk-O7OAUIW2.js?v=625609af:6955:9)
    at bindingUpdated (http://localhost:4201/@fs/Users/larry/Documents/projects/atom/job-wars/.angular/cache/21.1.3/job-wars/vite/deps/chunk-O7OAUIW2.js?v=625609af:11373:9)
    at ɵɵproperty (http://localhost:4201/@fs/Users/larry/Documents/projects/atom/job-wars/.angular/cache/21.1.3/job-wars/vite/deps/chunk-O7OAUIW2.js?v=625609af:17675:7)
    at GameLobbyComponent_Conditional_8_Conditional_2_Conditional_20_Template (http://localhost:4201/main.js:36375:61)
    at executeTemplate (http://localhost:4201/@fs/Users/larry/Documents/projects/atom/job-wars/.angular/cache/21.1.3/job-wars/vite/deps/chunk-O7OAUIW2.js?v=625609af:8303:5)
    at refreshView (http://localhost:4201/@fs/Users/larry/Documents/projects/atom/job-wars/.angular/cache/21.1.3/job-wars/vite/deps/chunk-O7OAUIW2.js?v=625609af:8963:7)
    at detectChangesInView (http://localhost:4201/@fs/Users/larry/Documents/projects/atom/job-wars/.angular/cache/21.1.3/job-wars/vite/deps/chunk-O7OAUIW2.js?v=625609af:9103:5)
    at detectChangesInViewIfAttached (http://localhost:4201/@fs/Users/larry/Documents/projects/atom/job-wars/.angular/cache/21.1.3/job-wars/vite/deps/chunk-O7OAUIW2.js?v=625609af:9086:3)
    at detectChangesInEmbeddedViews (http://localhost:4201/@fs/Users/larry/Documents/projects/atom/job-wars/.angular/cache/21.1.3/job-wars/vite/deps/chunk-O7OAUIW2.js?v=625609af:9057:7)
    at refreshView (http://localhost:4201/@fs/Users/larry/Documents/projects/atom/job-wars/.angular/cache/21.1.3/job-wars/vite/deps/chunk-O7OAUIW2.js?v=625609af:8984:5) @ http://localhost:4201/@fs/Users/larry/Documents/projects/atom/job-wars/.angular/cache/21.1.3/job-wars/vite/deps/chunk-O7OAUIW2.js?v=625609af:3163
[   51726ms] [ERROR] ERROR RuntimeError: NG0100: ExpressionChangedAfterItHasBeenCheckedError: Expression has changed after it was checked. Previous value: 'true'. Current value: 'false'. Expression location: _GameLobbyComponent component. Find more at https://v21.angular.dev/errors/NG0100
    at throwErrorIfNoChangesMode (http://localhost:4201/@fs/Users/larry/Documents/projects/atom/job-wars/.angular/cache/21.1.3/job-wars/vite/deps/chunk-O7OAUIW2.js?v=625609af:6955:9)
    at bindingUpdated (http://localhost:4201/@fs/Users/larry/Documents/projects/atom/job-wars/.angular/cache/21.1.3/job-wars/vite/deps/chunk-O7OAUIW2.js?v=625609af:11373:9)
    at ɵɵproperty (http://localhost:4201/@fs/Users/larry/Documents/projects/atom/job-wars/.angular/cache/21.1.3/job-wars/vite/deps/chunk-O7OAUIW2.js?v=625609af:17675:7)
    at GameLobbyComponent_Conditional_8_Conditional_2_Conditional_20_Template (http://localhost:4201/main.js:36375:61)
    at executeTemplate (http://localhost:4201/@fs/Users/larry/Documents/projects/atom/job-wars/.angular/cache/21.1.3/job-wars/vite/deps/chunk-O7OAUIW2.js?v=625609af:8303:5)
    at refreshView (http://localhost:4201/@fs/Users/larry/Documents/projects/atom/job-wars/.angular/cache/21.1.3/job-wars/vite/deps/chunk-O7OAUIW2.js?v=625609af:8963:7)
    at detectChangesInView (http://localhost:4201/@fs/Users/larry/Documents/projects/atom/job-wars/.angular/cache/21.1.3/job-wars/vite/deps/chunk-O7OAUIW2.js?v=625609af:9103:5)
    at detectChangesInViewIfAttached (http://localhost:4201/@fs/Users/larry/Documents/projects/atom/job-wars/.angular/cache/21.1.3/job-wars/vite/deps/chunk-O7OAUIW2.js?v=625609af:9086:3)
    at detectChangesInEmbeddedViews (http://localhost:4201/@fs/Users/larry/Documents/projects/atom/job-wars/.angular/cache/21.1.3/job-wars/vite/deps/chunk-O7OAUIW2.js?v=625609af:9057:7)
    at refreshView (http://localhost:4201/@fs/Users/larry/Documents/projects/atom/job-wars/.angular/cache/21.1.3/job-wars/vite/deps/chunk-O7OAUIW2.js?v=625609af:8984:5) @ http://localhost:4201/@fs/Users/larry/Documents/projects/atom/job-wars/.angular/cache/21.1.3/job-wars/vite/deps/chunk-O7OAUIW2.js?v=625609af:3163
[   56725ms] [ERROR] ERROR RuntimeError: NG0100: ExpressionChangedAfterItHasBeenCheckedError: Expression has changed after it was checked. Previous value: 'true'. Current value: 'false'. Expression location: _GameLobbyComponent component. Find more at https://v21.angular.dev/errors/NG0100
    at throwErrorIfNoChangesMode (http://localhost:4201/@fs/Users/larry/Documents/projects/atom/job-wars/.angular/cache/21.1.3/job-wars/vite/deps/chunk-O7OAUIW2.js?v=625609af:6955:9)
    at bindingUpdated (http://localhost:4201/@fs/Users/larry/Documents/projects/atom/job-wars/.angular/cache/21.1.3/job-wars/vite/deps/chunk-O7OAUIW2.js?v=625609af:11373:9)
    at ɵɵproperty (http://localhost:4201/@fs/Users/larry/Documents/projects/atom/job-wars/.angular/cache/21.1.3/job-wars/vite/deps/chunk-O7OAUIW2.js?v=625609af:17675:7)
    at GameLobbyComponent_Conditional_8_Conditional_2_Conditional_20_Template (http://localhost:4201/main.js:36375:61)
    at executeTemplate (http://localhost:4201/@fs/Users/larry/Documents/projects/atom/job-wars/.angular/cache/21.1.3/job-wars/vite/deps/chunk-O7OAUIW2.js?v=625609af:8303:5)
    at refreshView (http://localhost:4201/@fs/Users/larry/Documents/projects/atom/job-wars/.angular/cache/21.1.3/job-wars/vite/deps/chunk-O7OAUIW2.js?v=625609af:8963:7)
    at detectChangesInView (http://localhost:4201/@fs/Users/larry/Documents/projects/atom/job-wars/.angular/cache/21.1.3/job-wars/vite/deps/chunk-O7OAUIW2.js?v=625609af:9103:5)
    at detectChangesInViewIfAttached (http://localhost:4201/@fs/Users/larry/Documents/projects/atom/job-wars/.angular/cache/21.1.3/job-wars/vite/deps/chunk-O7OAUIW2.js?v=625609af:9086:3)
    at detectChangesInEmbeddedViews (http://localhost:4201/@fs/Users/larry/Documents/projects/atom/job-wars/.angular/cache/21.1.3/job-wars/vite/deps/chunk-O7OAUIW2.js?v=625609af:9057:7)
    at refreshView (http://localhost:4201/@fs/Users/larry/Documents/projects/atom/job-wars/.angular/cache/21.1.3/job-wars/vite/deps/chunk-O7OAUIW2.js?v=625609af:8984:5) @ http://localhost:4201/@fs/Users/larry/Documents/projects/atom/job-wars/.angular/cache/21.1.3/job-wars/vite/deps/chunk-O7OAUIW2.js?v=625609af:3163
[   61724ms] [ERROR] ERROR RuntimeError: NG0100: ExpressionChangedAfterItHasBeenCheckedError: Expression has changed after it was checked. Previous value: 'true'. Current value: 'false'. Expression location: _GameLobbyComponent component. Find more at https://v21.angular.dev/errors/NG0100
    at throwErrorIfNoChangesMode (http://localhost:4201/@fs/Users/larry/Documents/projects/atom/job-wars/.angular/cache/21.1.3/job-wars/vite/deps/chunk-O7OAUIW2.js?v=625609af:6955:9)
    at bindingUpdated (http://localhost:4201/@fs/Users/larry/Documents/projects/atom/job-wars/.angular/cache/21.1.3/job-wars/vite/deps/chunk-O7OAUIW2.js?v=625609af:11373:9)
    at ɵɵproperty (http://localhost:4201/@fs/Users/larry/Documents/projects/atom/job-wars/.angular/cache/21.1.3/job-wars/vite/deps/chunk-O7OAUIW2.js?v=625609af:17675:7)
    at GameLobbyComponent_Conditional_8_Conditional_2_Conditional_20_Template (http://localhost:4201/main.js:36375:61)
    at executeTemplate (http://localhost:4201/@fs/Users/larry/Documents/projects/atom/job-wars/.angular/cache/21.1.3/job-wars/vite/deps/chunk-O7OAUIW2.js?v=625609af:8303:5)
    at refreshView (http://localhost:4201/@fs/Users/larry/Documents/projects/atom/job-wars/.angular/cache/21.1.3/job-wars/vite/deps/chunk-O7OAUIW2.js?v=625609af:8963:7)
    at detectChangesInView (http://localhost:4201/@fs/Users/larry/Documents/projects/atom/job-wars/.angular/cache/21.1.3/job-wars/vite/deps/chunk-O7OAUIW2.js?v=625609af:9103:5)
    at detectChangesInViewIfAttached (http://localhost:4201/@fs/Users/larry/Documents/projects/atom/job-wars/.angular/cache/21.1.3/job-wars/vite/deps/chunk-O7OAUIW2.js?v=625609af:9086:3)
    at detectChangesInEmbeddedViews (http://localhost:4201/@fs/Users/larry/Documents/projects/atom/job-wars/.angular/cache/21.1.3/job-wars/vite/deps/chunk-O7OAUIW2.js?v=625609af:9057:7)
    at refreshView (http://localhost:4201/@fs/Users/larry/Documents/projects/atom/job-wars/.angular/cache/21.1.3/job-wars/vite/deps/chunk-O7OAUIW2.js?v=625609af:8984:5) @ http://localhost:4201/@fs/Users/larry/Documents/projects/atom/job-wars/.angular/cache/21.1.3/job-wars/vite/deps/chunk-O7OAUIW2.js?v=625609af:3163
